================================================= test session starts ==================================================
platform linux -- Python 3.13.11, pytest-9.1.1, pluggy-1.6.0 -- /home/marlonsc/gt/flext/mayor/rig/.venv/bin/python3
cachedir: .pytest_cache
testmon: selection automatically deactivated because you selected tests manually, environment: default
Using --randomly-seed=2012332792
hypothesis profile 'default'
benchmark: 5.2.3 (defaults: timer=time.perf_counter disable_gc=False min_rounds=5 min_time=0.000005 max_time=1.0 calibration_precision=10 warmup=False warmup_iterations=100000)
rootdir: /home/marlonsc/gt/flext/mayor/rig/flext-infra
configfile: pyproject.toml
plugins: flext-tests-0.12.0rc0, sugar-1.1.1, pytest_codeblocks-0.18.0, cov-7.1.0, testmon-2.2.0, deadfixtures-3.1.0, timeout-2.4.0, env-1.7.0, xdist-3.8.0, markdown-docs-0.9.2, mock-3.15.1, randomly-4.1.0, hypothesis-6.163.0, reportlog-1.0.0, benchmark-5.2.3, clarity-1.0.1, Faker-40.36.0, anyio-4.14.2, singer-sdk-0.54.5
timeout: 10.0s
timeout method: signal
timeout func_only: False
collecting ... collected 1 item

tests/unit/codegen/test_codegen_catalog_extensions.py::TestsCodegenCatalogExtensions::test_local_manifest_conforms_without_global_repository_rows +++++++++++++++++++++++++++++++++++++++++++++++++++++++ Timeout ++++++++++++++++++++++++++++++++++++++++++++++++++++++++
~~~~~~~~~~~~~~~~~~~~~~~~~~~~~~~~~~ Stack of flext-async-log-writer (139680737265344) ~~~~~~~~~~~~~~~~~~~~~~~~~~~~~~~~~~~
  File "/home/marlonsc/.local/share/uv/python/cpython-3.13.11-linux-x86_64-gnu/lib/python3.13/threading.py", line 1015, in _bootstrap
    self._bootstrap_inner()
  File "/home/marlonsc/.local/share/uv/python/cpython-3.13.11-linux-x86_64-gnu/lib/python3.13/threading.py", line 1044, in _bootstrap_inner
    self.run()
  File "/home/marlonsc/.local/share/uv/python/cpython-3.13.11-linux-x86_64-gnu/lib/python3.13/threading.py", line 995, in run
    self._target(*self._args, **self._kwargs)
  File "/home/marlonsc/gt/flext/mayor/rig/flext-core/src/flext_core/_utilities/_logging_config_parts/logging_config_part_01.py", line 137, in _worker
    msg = self.queue.get(timeout=0.1)
  File "/home/marlonsc/.local/share/uv/python/cpython-3.13.11-linux-x86_64-gnu/lib/python3.13/queue.py", line 210, in get
    self.not_empty.wait(remaining)
  File "/home/marlonsc/.local/share/uv/python/cpython-3.13.11-linux-x86_64-gnu/lib/python3.13/threading.py", line 363, in wait
    gotit = waiter.acquire(True, timeout)
+++++++++++++++++++++++++++++++++++++++++++++++++++++++ Timeout ++++++++++++++++++++++++++++++++++++++++++++++++++++++++
FAILED                                                                                                           [100%]

======================================================= FAILURES =======================================================
______________ TestsCodegenCatalogExtensions.test_local_manifest_conforms_without_global_repository_rows _______________
tests/unit/codegen/test_codegen_catalog_extensions.py:459: in test_local_manifest_conforms_without_global_repository_rows
    result = FlextInfraCodegenConform(initial_workspace=workspace).plan(
src/flext_infra/codegen/conform.py:410: in plan
    repository_plan = self._plan_existing_repository(
src/flext_infra/codegen/conform.py:1223: in _plan_existing_repository
    tooling_result = modernizer.conform_source(
src/flext_infra/deps/modernizer.py:96: in conform_source
    changes = self._process_document_state(
src/flext_infra/deps/_modernizer_document.py:309: in _process_document_state
    self._reorder_document_inplace(doc, preferred_first=self.tomlsort_sort_first)
src/flext_infra/deps/_modernizer_payload.py:153: in _reorder_document_inplace
    self._reorder_table_inplace(tool_child, table_key="tool")
src/flext_infra/deps/_modernizer_payload.py:134: in _reorder_table_inplace
    self._recurse_into_item(item_value, key)
src/flext_infra/deps/_modernizer_payload.py:104: in _recurse_into_item
    self._reorder_table_inplace(item, table_key=table_key)
src/flext_infra/deps/_modernizer_payload.py:134: in _reorder_table_inplace
    self._recurse_into_item(item_value, key)
src/flext_infra/deps/_modernizer_payload.py:104: in _recurse_into_item
    self._reorder_table_inplace(item, table_key=table_key)
src/flext_infra/deps/_modernizer_payload.py:135: in _reorder_table_inplace
    table[key] = item_value
    ^^^^^^^^^^
../.venv/lib/python3.13/site-packages/tomlkit/items.py:1838: in __setitem__
    self._value[key] = value
    ^^^^^^^^^^^^^^^^
../.venv/lib/python3.13/site-packages/tomlkit/container.py:851: in __setitem__
    self.append(key, value)
../.venv/lib/python3.13/site-packages/tomlkit/container.py:387: in append
    last_index = self._get_last_index_before_table()
                 ^^^^^^^^^^^^^^^^^^^^^^^^^^^^^^^^^^^
../.venv/lib/python3.13/site-packages/tomlkit/container.py:162: in _get_last_index_before_table
    if isinstance(v, (Table, AoT)) and k is not None and not k.is_dotted():
       ^^^^^^^^^^^^^^^^^^^^^^^^^^^
<frozen abc>:119: in __instancecheck__
    ???
E   Failed: Timeout (>10.0s) from pytest-timeout.
------------------------------------------------- Captured stdout call -------------------------------------------------
INFO: stage=plan repositories=2
[1/2] acme-platform conform ...
  [OK] conform  acme-platform            7.21s
[2/2] acme-charts conform ...
INFO:   stage=pyproject repository=acme-charts
- generated xml file: /home/marlonsc/gt/flext/mayor/rig/flext-infra/.reports/tests/20260827T173302.715548Z-1653146/junit.xml -
================================================= slowest 25 durations =================================================
9.84s call     tests/unit/codegen/test_codegen_catalog_extensions.py::TestsCodegenCatalogExtensions::test_local_manifest_conforms_without_global_repository_rows
0.16s setup    tests/unit/codegen/test_codegen_catalog_extensions.py::TestsCodegenCatalogExtensions::test_local_manifest_conforms_without_global_repository_rows
0.01s teardown tests/unit/codegen/test_codegen_catalog_extensions.py::TestsCodegenCatalogExtensions::test_local_manifest_conforms_without_global_repository_rows
=============================================== short test summary info ================================================
FAILED tests/unit/codegen/test_codegen_catalog_extensions.py::TestsCodegenCatalogExtensions::test_local_manifest_conforms_without_global_repository_rows
================================================== 1 failed in 16.09s ==================================================
