<?xml version="1.0" encoding="utf-8"?><testsuites name="pytest tests"><testsuite name="pytest" errors="0" failures="1" skipped="0" tests="1" time="5.684" timestamp="2026-08-27T14:27:40.711302-03:00" hostname="tungs"><testcase classname="tests.unit.codegen.test_codegen_catalog_extensions.TestsCodegenCatalogExtensions" name="test_local_manifest_conforms_without_global_repository_rows" time="2.152"><failure message="pydantic_core._pydantic_core.ValidationError: 6 validation errors for ProjectRenderContext&#10;make.ci.check_gates&#10;  Extra inputs are not permitted [type=extra_forbidden]&#10;    For further information visit https://errors.pydantic.dev/2.13/v/extra_forbidden&#10;make.handler_whats&#10;  Extra inputs are not permitted [type=extra_forbidden]&#10;    For further information visit https://errors.pydantic.dev/2.13/v/extra_forbidden&#10;make.check_gates_allowed&#10;  Extra inputs are not permitted [type=extra_forbidden]&#10;    For further information visit https://errors.pydantic.dev/2.13/v/extra_forbidden&#10;make.check_gates_default&#10;  Extra inputs are not permitted [type=extra_forbidden]&#10;    For further information visit https://errors.pydantic.dev/2.13/v/extra_forbidden&#10;make.check_gates_fixable&#10;  Extra inputs are not permitted [type=extra_forbidden]&#10;    For further information visit https://errors.pydantic.dev/2.13/v/extra_forbidden&#10;make.custom_handler_policies&#10;  Extra inputs are not permitted [type=extra_forbidden]&#10;    For further information visit https://errors.pydantic.dev/2.13/v/extra_forbidden">tests/unit/codegen/test_codegen_catalog_extensions.py:459: in test_local_manifest_conforms_without_global_repository_rows
    result = FlextInfraCodegenConform(initial_workspace=workspace).plan(
src/flext_infra/codegen/conform.py:401: in plan
    repository_plan = self._plan_scaffold_repository(
src/flext_infra/codegen/conform.py:877: in _plan_scaffold_repository
    context_result = self._project_render_context(
src/flext_infra/codegen/conform.py:1986: in _project_render_context
    m.Infra.ProjectRenderContext(
E   pydantic_core._pydantic_core.ValidationError: 6 validation errors for ProjectRenderContext
E   make.ci.check_gates
E     Extra inputs are not permitted [type=extra_forbidden]
E       For further information visit https://errors.pydantic.dev/2.13/v/extra_forbidden
E   make.handler_whats
E     Extra inputs are not permitted [type=extra_forbidden]
E       For further information visit https://errors.pydantic.dev/2.13/v/extra_forbidden
E   make.check_gates_allowed
E     Extra inputs are not permitted [type=extra_forbidden]
E       For further information visit https://errors.pydantic.dev/2.13/v/extra_forbidden
E   make.check_gates_default
E     Extra inputs are not permitted [type=extra_forbidden]
E       For further information visit https://errors.pydantic.dev/2.13/v/extra_forbidden
E   make.check_gates_fixable
E     Extra inputs are not permitted [type=extra_forbidden]
E       For further information visit https://errors.pydantic.dev/2.13/v/extra_forbidden
E   make.custom_handler_policies
E     Extra inputs are not permitted [type=extra_forbidden]
E       For further information visit https://errors.pydantic.dev/2.13/v/extra_forbidden</failure></testcase></testsuite></testsuites>