<?xml version="1.0" encoding="utf-8"?><testsuites name="pytest tests"><testsuite name="pytest" errors="0" failures="0" skipped="0" tests="9" time="3.265" timestamp="2026-08-27T14:38:09.328432-03:00" hostname="tungs"><testcase classname="tests.unit.workspace.test_facade_environment_sync.TestsFlextInfraFacadeEnvironmentSync" name="test_sync_force_converts_custom_envrc_to_generated" time="0.394" /><testcase classname="tests.unit.workspace.test_facade_environment_sync.TestsFlextInfraFacadeEnvironmentSync" name="test_sync_rejects_duplicate_project_mise_selectors" time="0.140" /><testcase classname="tests.unit.workspace.test_facade_environment_sync.TestsFlextInfraFacadeEnvironmentSync" name="test_sync_rejects_project_collision_with_fleet_mise_tool" time="0.050" /><testcase classname="tests.unit.workspace.test_facade_environment_sync.TestsFlextInfraFacadeEnvironmentSync" name="test_sync_composes_project_mise_tools_from_yaml" time="0.166" /><testcase classname="tests.unit.workspace.test_facade_environment_sync.TestsFlextInfraFacadeEnvironmentSync" name="test_sync_renders_mise_python_from_pyproject" time="0.044" /><testcase classname="tests.unit.workspace.test_facade_environment_sync.TestsFlextInfraFacadeEnvironmentSync" name="test_sync_merges_custom_mise_tools_and_prunes_forbidden" time="0.097" /><testcase classname="tests.unit.workspace.test_facade_environment_sync.TestsFlextInfraFacadeEnvironmentSync" name="test_sync_preserves_custom_envrc_without_force" time="0.065" /><testcase classname="tests.unit.workspace.test_facade_environment_sync.TestsFlextInfraFacadeEnvironmentSync" name="test_sync_removes_generated_files_without_pyproject" time="0.052" /><testcase classname="tests.unit.workspace.test_facade_environment_sync.TestsFlextInfraFacadeEnvironmentSync" name="test_sync_creates_environment_files_from_ssot_templates" time="0.046" /></testsuite></testsuites>