<?xml version="1.0" encoding="utf-8"?><testsuites name="pytest tests"><testsuite name="pytest" errors="0" failures="1" skipped="0" tests="1" time="13.189" timestamp="2026-08-27T15:26:26.762955-03:00" hostname="tungs"><testcase classname="tests.unit.codegen.test_codegen_beads_ledger.TestCodegenBeadsLedger" name="test_workspace_manifest_can_disable_beads_integration" time="10.005"><failure message="Failed: Timeout (&gt;10.0s) from pytest-timeout.">tests/unit/codegen/test_codegen_beads_ledger.py:695: in test_workspace_manifest_can_disable_beads_integration
    result = FlextInfraCodegenConform.execute_request(
src/flext_infra/codegen/conform.py:108: in execute_request
    return service.execute()
           ^^^^^^^^^^^^^^^^^
src/flext_infra/codegen/conform.py:203: in execute
    verified = self.plan(request)
               ^^^^^^^^^^^^^^^^^^
src/flext_infra/codegen/conform.py:410: in plan
    repository_plan = self._plan_existing_repository(
src/flext_infra/codegen/conform.py:1208: in _plan_existing_repository
    prepared_result = u.Infra.pyproject_conform(
src/flext_infra/_utilities/pyproject_conform.py:48: in pyproject_conform
    source = u.Cli.toml_parse_text(pyproject_content)
             ^^^^^^^^^^^^^^^^^^^^^^^^^^^^^^^^^^^^^^^^
../flext-cli/src/flext_cli/_utilities/_toml_parts/flextcliutilitiestoml_part_01.py:87: in toml_parse_text
    return tomlkit.parse(text)
           ^^^^^^^^^^^^^^^^^^^
../.venv/lib/python3.13/site-packages/tomlkit/api.py:106: in parse
    return Parser(string).parse()
           ^^^^^^^^^^^^^^^^^^^^^^
../.venv/lib/python3.13/site-packages/tomlkit/parser.py:200: in parse
    key, value = self._parse_table()
                 ^^^^^^^^^^^^^^^^^^^
../.venv/lib/python3.13/site-packages/tomlkit/parser.py:1143: in _parse_table
    key_next, table_next = self._parse_table(full_key, table)
                           ^^^^^^^^^^^^^^^^^^^^^^^^^^^^^^^^^^
../.venv/lib/python3.13/site-packages/tomlkit/parser.py:1126: in _parse_table
    table.raw_append(_key, _val)
../.venv/lib/python3.13/site-packages/tomlkit/items.py:1932: in raw_append
    if isinstance(key, Key):
       ^^^^^^^^^^^^^^^^^^^^
&lt;frozen abc&gt;:117: in __instancecheck__
    ???
E   Failed: Timeout (&gt;10.0s) from pytest-timeout.</failure></testcase></testsuite></testsuites>