<?xml version="1.0" encoding="utf-8"?><testsuites name="pytest tests"><testsuite name="pytest" errors="0" failures="1" skipped="0" tests="1" time="2.188" timestamp="2026-08-27T15:27:56.338750-03:00" hostname="tungs"><testcase classname="tests.unit.codegen.test_codegen_beads_ledger.TestCodegenBeadsLedger" name="test_local_binary_cannot_override_official_beads_version" time="0.111"><failure message="NameError: name 'r' is not defined">tests/unit/codegen/test_codegen_beads_ledger.py:732: in test_local_binary_cannot_override_official_beads_version
    result = FlextInfraCodegenConform._verify_beads_plan(
src/flext_infra/codegen/conform.py:2745: in _verify_beads_plan
    version = cls._beads_command(plan, "version")
              ^^^^^^^^^^^^^^^^^^^^^^^^^^^^^^^^^^^
src/flext_infra/codegen/conform.py:2624: in _beads_command
    binary = cls._beads_binary(ledger_root)
             ^^^^^^^^^^^^^^^^^^^^^^^^^^^^^^
tests/unit/codegen/test_codegen_beads_ledger.py:721: in &lt;lambda&gt;
    staticmethod(lambda _root: r[Path].ok(binary)),
                               ^
E   NameError: name 'r' is not defined</failure></testcase></testsuite></testsuites>