<?xml version="1.0" encoding="utf-8"?><testsuites name="pytest tests"><testsuite name="pytest" errors="0" failures="7" skipped="0" tests="20" time="47.383" timestamp="2026-08-27T15:20:27.344562-03:00" hostname="tungs"><testcase classname="tests.unit.codegen.test_codegen_beads_ledger.TestCodegenBeadsLedger" name="test_attached_standalone_plan_renders_no_ledger_resolution_marker" time="2.789" /><testcase classname="tests.unit.codegen.test_codegen_beads_ledger.TestCodegenBeadsLedger" name="test_manifest_ledger_id_defaults_database_and_issue_prefix" time="2.149" /><testcase classname="tests.unit.codegen.test_codegen_beads_ledger.TestCodegenBeadsLedger" name="test_attached_standalone_plan_renders_no_beads_config" time="2.003" /><testcase classname="tests.unit.codegen.test_codegen_beads_ledger.TestCodegenBeadsLedger" name="test_owner_plan_renders_full_ledger_config" time="2.508" /><testcase classname="tests.unit.codegen.test_codegen_beads_ledger.TestCodegenBeadsLedger" name="test_owner_transaction_renders_the_integrated_ledger_projection" time="2.418"><failure message="AssertionError: Expected '# @flext-managed: continuous\n# @flext-regenerate: make gen WHAT=apply APPLY=Y\n# @flext-ssot: config/workspace.yaml (ledger_id) + flext-infra config/codegen.yaml (toolchain.beads.server)\n# @flext-maintenance: do not edit generated projections; edit the SSOT and regenerate\n# Generated by `flext-infra gen conform`.\n# Source: database and default issue prefix = workspace manifest ledger_id;\n# ledger_prefix is an optional distinct issue-prefix override.\n# Source: dolt server block = flext-infra config/codegen.yaml\n# toolchain.beads.server (machine-wide shared Dolt server facts).\n# Routing-only client config: this attached standalone owns no tracker state;\n# bd commands route to the shared ledger below. Local data is never written.\nissue-prefix: &quot;fleet-ledger&quot;\n\n# Dolt server connection (Gas City managed server on :3307).\n# The `fleet-ledger` database lives there; a repository-local server is never used.\ndolt:\n  mode: server\n  shared-server: false\n  host: 127.0.0.1\n  port: 3307\n  user: root\n  database: fleet-ledger\n  auto-commit: &quot;on&quot;\n' to contain 'Owned ledger config'">tests/unit/codegen/test_codegen_beads_ledger.py:155: in test_owner_transaction_renders_the_integrated_ledger_projection
    tm.that(rendered, has="Owned ledger config")
../flext-tests/src/flext_tests/_utilities/_matchers/_that.py:719: in that
    cls._validate_common(
../flext-tests/src/flext_tests/_utilities/_matchers/_that.py:323: in _validate_common
    FlextTestsMatchersContainmentMixin.check_has_lacks(
../flext-tests/src/flext_tests/_utilities/_matchers/_containment.py:69: in check_has_lacks
    FlextTestsMatchersAssertionsMixin.raise_match_assertion(
../flext-tests/src/flext_tests/_utilities/_matchers/_assertions.py:26: in raise_match_assertion
    raise AssertionError(msg or template.format(container=container, item=item))
E   AssertionError: Expected '# @flext-managed: continuous\n# @flext-regenerate: make gen WHAT=apply APPLY=Y\n# @flext-ssot: config/workspace.yaml (ledger_id) + flext-infra config/codegen.yaml (toolchain.beads.server)\n# @flext-maintenance: do not edit generated projections; edit the SSOT and regenerate\n# Generated by `flext-infra gen conform`.\n# Source: database and default issue prefix = workspace manifest ledger_id;\n# ledger_prefix is an optional distinct issue-prefix override.\n# Source: dolt server block = flext-infra config/codegen.yaml\n# toolchain.beads.server (machine-wide shared Dolt server facts).\n# Routing-only client config: this attached standalone owns no tracker state;\n# bd commands route to the shared ledger below. Local data is never written.\nissue-prefix: "fleet-ledger"\n\n# Dolt server connection (Gas City managed server on :3307).\n# The `fleet-ledger` database lives there; a repository-local server is never used.\ndolt:\n  mode: server\n  shared-server: false\n  host: 127.0.0.1\n  port: 3307\n  user: root\n  database: fleet-ledger\n  auto-commit: "on"\n' to contain 'Owned ledger config'</failure></testcase><testcase classname="tests.unit.codegen.test_codegen_beads_ledger.TestCodegenBeadsLedger" name="test_external_member_lane_plans_no_beads_surfaces" time="2.483"><failure message="AssertionError: Assertion failed: PosixPath('/home/marlonsc/.local/tmp/pytest-of-marlonsc/pytest-64/test_external_member_lane_plan0/workspace/flext-core') did not satisfy constraints">tests/unit/codegen/test_codegen_beads_ledger.py:271: in test_external_member_lane_plans_no_beads_surfaces
    tm.that(plan.beads[0].repository_root, eq=lane.resolve())
../flext-tests/src/flext_tests/_utilities/_matchers/_that.py:711: in that
    cls._validate_scalar(subject_payload, params, raw_eq, raw_ne, kwargs)
../flext-tests/src/flext_tests/_utilities/_matchers/_that.py:296: in _validate_scalar
    raise AssertionError(
E   AssertionError: Assertion failed: PosixPath('/home/marlonsc/.local/tmp/pytest-of-marlonsc/pytest-64/test_external_member_lane_plan0/workspace/flext-core') did not satisfy constraints</failure></testcase><testcase classname="tests.unit.codegen.test_codegen_beads_ledger.TestCodegenBeadsLedger" name="test_workspace_spec_rejects_prefix_without_ledger_id" time="0.006"><failure message="Failed: DID NOT RAISE ValidationError">tests/unit/codegen/test_codegen_beads_ledger.py:467: in test_workspace_spec_rejects_prefix_without_ledger_id
    with pytest.raises(c.ValidationError, match="ledger_id"):
         ^^^^^^^^^^^^^^^^^^^^^^^^^^^^^^^^^^^^^^^^^^^^^^^^^^^
E   Failed: DID NOT RAISE ValidationError</failure></testcase><testcase classname="tests.unit.codegen.test_codegen_beads_ledger.TestCodegenBeadsLedger" name="test_workspace_spec_accepts_prefix_declared_equal_to_ledger" time="0.004" /><testcase classname="tests.unit.codegen.test_codegen_beads_ledger.TestCodegenBeadsLedger" name="test_workspace_without_beads_conforms" time="1.289"><failure message="AssertionError: Expected success but got failure: mise-managed Beads CLI version mismatch: 1.2.2-dc3 != 1.2.2">tests/unit/codegen/test_codegen_beads_ledger.py:666: in test_workspace_without_beads_conforms
    tm.ok(result)
../flext-tests/src/flext_tests/_utilities/_matchers/_result.py:330: in ok
    return FlextTestsResultUtilitiesMixin.assert_success(result)
           ^^^^^^^^^^^^^^^^^^^^^^^^^^^^^^^^^^^^^^^^^^^^^^^^^^^^^
../flext-tests/src/flext_tests/_utilities/result.py:41: in assert_success
    raise AssertionError(
E   AssertionError: Expected success but got failure: mise-managed Beads CLI version mismatch: 1.2.2-dc3 != 1.2.2</failure></testcase><testcase classname="tests.unit.codegen.test_codegen_beads_ledger.TestCodegenBeadsLedger" name="test_tool_spec_rejects_malformed_checksum" time="0.008" /><testcase classname="tests.unit.codegen.test_codegen_beads_ledger.TestCodegenBeadsLedger" name="test_member_of_beadless_workspace_resolves_no_ledger" time="0.006" /><testcase classname="tests.unit.codegen.test_codegen_beads_ledger.TestCodegenBeadsLedger" name="test_server_block_loads_from_typed_ssot" time="0.004" /><testcase classname="tests.unit.codegen.test_codegen_beads_ledger.TestCodegenBeadsLedger" name="test_declared_ledger_prefix_overrides_canonical_project_name" time="1.981" /><testcase classname="tests.unit.codegen.test_codegen_beads_ledger.TestCodegenBeadsLedger" name="test_transaction_worktree_routes_ledger_to_principal" time="1.944"><failure message="AssertionError: Assertion failed: PosixPath('/home/marlonsc/.local/tmp/pytest-of-marlonsc/pytest-64/test_transaction_worktree_rout0/principal') did not satisfy constraints">tests/unit/codegen/test_codegen_beads_ledger.py:136: in test_transaction_worktree_routes_ledger_to_principal
    tm.that(plan.repository_root, eq=transaction.resolve())
../flext-tests/src/flext_tests/_utilities/_matchers/_that.py:711: in that
    cls._validate_scalar(subject_payload, params, raw_eq, raw_ne, kwargs)
../flext-tests/src/flext_tests/_utilities/_matchers/_that.py:296: in _validate_scalar
    raise AssertionError(
E   AssertionError: Assertion failed: PosixPath('/home/marlonsc/.local/tmp/pytest-of-marlonsc/pytest-64/test_transaction_worktree_rout0/principal') did not satisfy constraints</failure></testcase><testcase classname="tests.unit.codegen.test_codegen_beads_ledger.TestCodegenBeadsLedger" name="test_divergent_binary_does_not_block_conform" time="10.009"><failure message="Failed: Timeout (&gt;10.0s) from pytest-timeout.">tests/unit/codegen/test_codegen_beads_ledger.py:754: in test_divergent_binary_does_not_block_conform
    result = FlextInfraCodegenConform.execute_request(
src/flext_infra/codegen/conform.py:109: in execute_request
    return service.execute()
           ^^^^^^^^^^^^^^^^^
src/flext_infra/codegen/conform.py:122: in execute
    planned = self.plan(request)
              ^^^^^^^^^^^^^^^^^^
src/flext_infra/codegen/conform.py:297: in plan
    current_target_result = FlextInfraWorkspaceDetector.conform_target(
src/flext_infra/workspace/detector.py:545: in conform_target
    topology_result = cls.resolve_topology_roots(repository_root)
                      ^^^^^^^^^^^^^^^^^^^^^^^^^^^^^^^^^^^^^^^^^^^
src/flext_infra/workspace/detector.py:353: in resolve_topology_roots
    superproject = u.Infra.git_superproject_working_tree(
src/flext_infra/_utilities/_git/semantic.py:202: in git_superproject_working_tree
    return r[m.Infra.GitTextReport].ok(m.Infra.GitTextReport(text=text))
           ^^^^^^^^^^^^^^^^^^^^^^^^
../.venv/lib/python3.13/site-packages/pydantic/main.py:965: in __class_getitem__
    submodel = _generics.create_generic_submodel(model_name, origin, args, params)
               ^^^^^^^^^^^^^^^^^^^^^^^^^^^^^^^^^^^^^^^^^^^^^^^^^^^^^^^^^^^^^^^^^^^
../.venv/lib/python3.13/site-packages/pydantic/_internal/_generics.py:127: in create_generic_submodel
    created_model = meta(
../.venv/lib/python3.13/site-packages/pydantic/_internal/_model_construction.py:256: in __new__
    complete_model_class(
../.venv/lib/python3.13/site-packages/pydantic/_internal/_model_construction.py:667: in complete_model_class
    schema = gen_schema.generate_schema(cls)
             ^^^^^^^^^^^^^^^^^^^^^^^^^^^^^^^
../.venv/lib/python3.13/site-packages/pydantic/_internal/_generate_schema.py:744: in generate_schema
    schema = self._generate_schema_inner(obj)
             ^^^^^^^^^^^^^^^^^^^^^^^^^^^^^^^^
../.venv/lib/python3.13/site-packages/pydantic/_internal/_generate_schema.py:1038: in _generate_schema_inner
    return self._model_schema(obj)
           ^^^^^^^^^^^^^^^^^^^^^^^
../.venv/lib/python3.13/site-packages/pydantic/_internal/_generate_schema.py:868: in _model_schema
    {k: self._generate_md_field_schema(k, v, decorators) for k, v in fields.items()},
        ^^^^^^^^^^^^^^^^^^^^^^^^^^^^^^^^^^^^^^^^^^^^^^^^
../.venv/lib/python3.13/site-packages/pydantic/_internal/_generate_schema.py:1245: in _generate_md_field_schema
    schema, metadata = self._common_field_schema(name, field_info, decorators)
                       ^^^^^^^^^^^^^^^^^^^^^^^^^^^^^^^^^^^^^^^^^^^^^^^^^^^^^^^
../.venv/lib/python3.13/site-packages/pydantic/_internal/_generate_schema.py:1299: in _common_field_schema
    schema = self._apply_annotations(
../.venv/lib/python3.13/site-packages/pydantic/_internal/_generate_schema.py:2252: in _apply_annotations
    schema = get_inner_schema(source_type)
             ^^^^^^^^^^^^^^^^^^^^^^^^^^^^^
../.venv/lib/python3.13/site-packages/pydantic/_internal/_schema_generation_shared.py:83: in __call__
    schema = self._handler(source_type)
             ^^^^^^^^^^^^^^^^^^^^^^^^^^
../.venv/lib/python3.13/site-packages/pydantic/_internal/_generate_schema.py:2231: in inner_handler
    schema = self._generate_schema_inner(obj)
             ^^^^^^^^^^^^^^^^^^^^^^^^^^^^^^^^
../.venv/lib/python3.13/site-packages/pydantic/_internal/_generate_schema.py:1043: in _generate_schema_inner
    return self.match_type(obj)
           ^^^^^^^^^^^^^^^^^^^^
../.venv/lib/python3.13/site-packages/pydantic/_internal/_generate_schema.py:1161: in match_type
    return self._match_generic_type(obj, origin)
           ^^^^^^^^^^^^^^^^^^^^^^^^^^^^^^^^^^^^^
../.venv/lib/python3.13/site-packages/pydantic/_internal/_generate_schema.py:1184: in _match_generic_type
    return self._union_schema(obj)
           ^^^^^^^^^^^^^^^^^^^^^^^
../.venv/lib/python3.13/site-packages/pydantic/_internal/_generate_schema.py:1344: in _union_schema
    choices.append(self.generate_schema(arg))
                   ^^^^^^^^^^^^^^^^^^^^^^^^^
../.venv/lib/python3.13/site-packages/pydantic/_internal/_generate_schema.py:744: in generate_schema
    schema = self._generate_schema_inner(obj)
             ^^^^^^^^^^^^^^^^^^^^^^^^^^^^^^^^
../.venv/lib/python3.13/site-packages/pydantic/_internal/_generate_schema.py:1043: in _generate_schema_inner
    return self.match_type(obj)
           ^^^^^^^^^^^^^^^^^^^^
../.venv/lib/python3.13/site-packages/pydantic/_internal/_generate_schema.py:1119: in match_type
    return self._type_alias_type_schema(obj)
           ^^^^^^^^^^^^^^^^^^^^^^^^^^^^^^^^^
../.venv/lib/python3.13/site-packages/pydantic/_internal/_generate_schema.py:1376: in _type_alias_type_schema
    schema = self.generate_schema(annotation)
             ^^^^^^^^^^^^^^^^^^^^^^^^^^^^^^^^
../.venv/lib/python3.13/site-packages/pydantic/_internal/_generate_schema.py:744: in generate_schema
    schema = self._generate_schema_inner(obj)
             ^^^^^^^^^^^^^^^^^^^^^^^^^^^^^^^^
../.venv/lib/python3.13/site-packages/pydantic/_internal/_generate_schema.py:1043: in _generate_schema_inner
    return self.match_type(obj)
           ^^^^^^^^^^^^^^^^^^^^
../.venv/lib/python3.13/site-packages/pydantic/_internal/_generate_schema.py:1161: in match_type
    return self._match_generic_type(obj, origin)
           ^^^^^^^^^^^^^^^^^^^^^^^^^^^^^^^^^^^^^
../.venv/lib/python3.13/site-packages/pydantic/_internal/_generate_schema.py:1194: in _match_generic_type
    return self._dict_schema(*self._get_first_two_args_or_any(obj))
           ^^^^^^^^^^^^^^^^^^^^^^^^^^^^^^^^^^^^^^^^^^^^^^^^^^^^^^^^
../.venv/lib/python3.13/site-packages/pydantic/_internal/_generate_schema.py:402: in _dict_schema
    return core_schema.dict_schema(self.generate_schema(keys_type), self.generate_schema(values_type))
                                                                    ^^^^^^^^^^^^^^^^^^^^^^^^^^^^^^^^^
../.venv/lib/python3.13/site-packages/pydantic/_internal/_generate_schema.py:744: in generate_schema
    schema = self._generate_schema_inner(obj)
             ^^^^^^^^^^^^^^^^^^^^^^^^^^^^^^^^
../.venv/lib/python3.13/site-packages/pydantic/_internal/_generate_schema.py:1043: in _generate_schema_inner
    return self.match_type(obj)
           ^^^^^^^^^^^^^^^^^^^^
../.venv/lib/python3.13/site-packages/pydantic/_internal/_generate_schema.py:1119: in match_type
    return self._type_alias_type_schema(obj)
           ^^^^^^^^^^^^^^^^^^^^^^^^^^^^^^^^^
../.venv/lib/python3.13/site-packages/pydantic/_internal/_generate_schema.py:1376: in _type_alias_type_schema
    schema = self.generate_schema(annotation)
             ^^^^^^^^^^^^^^^^^^^^^^^^^^^^^^^^
../.venv/lib/python3.13/site-packages/pydantic/_internal/_generate_schema.py:744: in generate_schema
    schema = self._generate_schema_inner(obj)
             ^^^^^^^^^^^^^^^^^^^^^^^^^^^^^^^^
../.venv/lib/python3.13/site-packages/pydantic/_internal/_generate_schema.py:1043: in _generate_schema_inner
    return self.match_type(obj)
           ^^^^^^^^^^^^^^^^^^^^
../.venv/lib/python3.13/site-packages/pydantic/_internal/_generate_schema.py:1119: in match_type
    return self._type_alias_type_schema(obj)
           ^^^^^^^^^^^^^^^^^^^^^^^^^^^^^^^^^
../.venv/lib/python3.13/site-packages/pydantic/_internal/_generate_schema.py:1376: in _type_alias_type_schema
    schema = self.generate_schema(annotation)
             ^^^^^^^^^^^^^^^^^^^^^^^^^^^^^^^^
../.venv/lib/python3.13/site-packages/pydantic/_internal/_generate_schema.py:744: in generate_schema
    schema = self._generate_schema_inner(obj)
             ^^^^^^^^^^^^^^^^^^^^^^^^^^^^^^^^
../.venv/lib/python3.13/site-packages/pydantic/_internal/_generate_schema.py:1022: in _generate_schema_inner
    return self._annotated_schema(obj)
           ^^^^^^^^^^^^^^^^^^^^^^^^^^^
../.venv/lib/python3.13/site-packages/pydantic/_internal/_generate_schema.py:2202: in _annotated_schema
    schema = self._apply_annotations(source_type, annotations)
             ^^^^^^^^^^^^^^^^^^^^^^^^^^^^^^^^^^^^^^^^^^^^^^^^^
../.venv/lib/python3.13/site-packages/pydantic/_internal/_generate_schema.py:2252: in _apply_annotations
    schema = get_inner_schema(source_type)
             ^^^^^^^^^^^^^^^^^^^^^^^^^^^^^
../.venv/lib/python3.13/site-packages/pydantic/_internal/_schema_generation_shared.py:83: in __call__
    schema = self._handler(source_type)
             ^^^^^^^^^^^^^^^^^^^^^^^^^^
../.venv/lib/python3.13/site-packages/pydantic/_internal/_generate_schema.py:2423: in new_handler
    schema = annotation_get_schema(source, get_inner_schema)
             ^^^^^^^^^^^^^^^^^^^^^^^^^^^^^^^^^^^^^^^^^^^^^^^
../.venv/lib/python3.13/site-packages/pydantic/types.py:3181: in __get_pydantic_core_schema__
    python_schema = handler(source_type)
                    ^^^^^^^^^^^^^^^^^^^^
../.venv/lib/python3.13/site-packages/pydantic/_internal/_schema_generation_shared.py:83: in __call__
    schema = self._handler(source_type)
             ^^^^^^^^^^^^^^^^^^^^^^^^^^
../.venv/lib/python3.13/site-packages/pydantic/_internal/_generate_schema.py:2423: in new_handler
    schema = annotation_get_schema(source, get_inner_schema)
             ^^^^^^^^^^^^^^^^^^^^^^^^^^^^^^^^^^^^^^^^^^^^^^^
../.venv/lib/python3.13/site-packages/pydantic/types.py:3072: in __get_pydantic_core_schema__
    original_schema = handler(source_type)
                      ^^^^^^^^^^^^^^^^^^^^
../.venv/lib/python3.13/site-packages/pydantic/_internal/_schema_generation_shared.py:83: in __call__
    schema = self._handler(source_type)
             ^^^^^^^^^^^^^^^^^^^^^^^^^^
../.venv/lib/python3.13/site-packages/pydantic/_internal/_generate_schema.py:2231: in inner_handler
    schema = self._generate_schema_inner(obj)
             ^^^^^^^^^^^^^^^^^^^^^^^^^^^^^^^^
../.venv/lib/python3.13/site-packages/pydantic/_internal/_generate_schema.py:1043: in _generate_schema_inner
    return self.match_type(obj)
           ^^^^^^^^^^^^^^^^^^^^
../.venv/lib/python3.13/site-packages/pydantic/_internal/_generate_schema.py:1161: in match_type
    return self._match_generic_type(obj, origin)
           ^^^^^^^^^^^^^^^^^^^^^^^^^^^^^^^^^^^^^
../.venv/lib/python3.13/site-packages/pydantic/_internal/_generate_schema.py:1184: in _match_generic_type
    return self._union_schema(obj)
           ^^^^^^^^^^^^^^^^^^^^^^^
../.venv/lib/python3.13/site-packages/pydantic/_internal/_generate_schema.py:1344: in _union_schema
    choices.append(self.generate_schema(arg))
                   ^^^^^^^^^^^^^^^^^^^^^^^^^
../.venv/lib/python3.13/site-packages/pydantic/_internal/_generate_schema.py:744: in generate_schema
    schema = self._generate_schema_inner(obj)
             ^^^^^^^^^^^^^^^^^^^^^^^^^^^^^^^^
../.venv/lib/python3.13/site-packages/pydantic/_internal/_generate_schema.py:1022: in _generate_schema_inner
    return self._annotated_schema(obj)
           ^^^^^^^^^^^^^^^^^^^^^^^^^^^
../.venv/lib/python3.13/site-packages/pydantic/_internal/_generate_schema.py:2202: in _annotated_schema
    schema = self._apply_annotations(source_type, annotations)
             ^^^^^^^^^^^^^^^^^^^^^^^^^^^^^^^^^^^^^^^^^^^^^^^^^
../.venv/lib/python3.13/site-packages/pydantic/_internal/_generate_schema.py:2223: in _apply_annotations
    annotations = list(_known_annotated_metadata.expand_grouped_metadata(annotations))
                  ^^^^^^^^^^^^^^^^^^^^^^^^^^^^^^^^^^^^^^^^^^^^^^^^^^^^^^^^^^^^^^^^^^^^
../.venv/lib/python3.13/site-packages/pydantic/_internal/_known_annotated_metadata.py:131: in expand_grouped_metadata
    if isinstance(annotation, at.GroupedMetadata):
       ^^^^^^^^^^^^^^^^^^^^^^^^^^^^^^^^^^^^^^^^^^
/home/marlonsc/.local/share/uv/python/cpython-3.13.11-linux-x86_64-gnu/lib/python3.13/typing.py:2138: in __instancecheck__
    val = getattr_static(instance, attr)
          ^^^^^^^^^^^^^^^^^^^^^^^^^^^^^^
/home/marlonsc/.local/share/uv/python/cpython-3.13.11-linux-x86_64-gnu/lib/python3.13/inspect.py:1842: in getattr_static
    instance_result = _check_instance(obj, attr)
                      ^^^^^^^^^^^^^^^^^^^^^^^^^^
/home/marlonsc/.local/share/uv/python/cpython-3.13.11-linux-x86_64-gnu/lib/python3.13/inspect.py:1781: in _check_instance
    return dict.get(instance_dict, attr, _sentinel)
           ^^^^^^^^^^^^^^^^^^^^^^^^^^^^^^^^^^^^^^^^
E   Failed: Timeout (&gt;10.0s) from pytest-timeout.</failure></testcase><testcase classname="tests.unit.codegen.test_codegen_beads_ledger.TestCodegenBeadsLedger" name="test_workspace_ledger_identity_flows_to_member_targets" time="0.014" /><testcase classname="tests.unit.codegen.test_codegen_beads_ledger.TestCodegenBeadsLedger" name="test_principal_keeps_ledger_at_repository_root" time="2.278" /><testcase classname="tests.unit.codegen.test_codegen_beads_ledger.TestCodegenBeadsLedger" name="test_owner_plan_renders_ledger_resolution_marker" time="2.090" /><testcase classname="tests.unit.codegen.test_codegen_beads_ledger.TestCodegenBeadsLedger" name="test_ledger_id_without_prefix_is_refused" time="0.005"><failure message="Failed: DID NOT RAISE ValidationError">tests/unit/codegen/test_codegen_beads_ledger.py:456: in test_ledger_id_without_prefix_is_refused
    with pytest.raises(c.ValidationError, match="ledger_prefix"):
         ^^^^^^^^^^^^^^^^^^^^^^^^^^^^^^^^^^^^^^^^^^^^^^^^^^^^^^^
E   Failed: DID NOT RAISE ValidationError</failure></testcase><testcase classname="tests.unit.codegen.test_codegen_beads_ledger.TestCodegenBeadsLedger" name="test_plain_standalone_plan_renders_no_ledger_config" time="4.134" /></testsuite></testsuites>