<?xml version="1.0" encoding="utf-8"?><testsuites name="pytest tests"><testsuite name="pytest" errors="0" failures="1" skipped="0" tests="1" time="5.405" timestamp="2026-08-27T14:26:55.582217-03:00" hostname="tungs"><testcase classname="tests.unit.codegen.test_codegen_catalog_extensions.TestsCodegenCatalogExtensions" name="test_local_manifest_conforms_without_global_repository_rows" time="1.849"><failure message="pydantic_core._pydantic_core.ValidationError: 46 validation errors for ProjectRenderContext&#10;pytest.case-timeout-seconds&#10;  Field required [type=missing]&#10;    For further information visit https://errors.pydantic.dev/2.13/v/missing&#10;pytest.slow-timeout-seconds&#10;  Field required [type=missing]&#10;    For further information visit https://errors.pydantic.dev/2.13/v/missing&#10;pytest.run-timeout-seconds&#10;  Field required [type=missing]&#10;    For further information visit https://errors.pydantic.dev/2.13/v/missing&#10;pytest.termination-grace-seconds&#10;  Field required [type=missing]&#10;    For further information visit https://errors.pydantic.dev/2.13/v/missing&#10;pytest.enforcement-plugin&#10;  Field required [type=missing]&#10;    For further information visit https://errors.pydantic.dev/2.13/v/missing&#10;pytest.progress-args&#10;  Field required [type=missing]&#10;    For further information visit https://errors.pydantic.dev/2.13/v/missing&#10;pytest.report-args&#10;  Field required [type=missing]&#10;    For further information visit https://errors.pydantic.dev/2.13/v/missing&#10;pytest.diagnostic-args&#10;  Field required [type=missing]&#10;    For further information visit https://errors.pydantic.dev/2.13/v/missing&#10;pytest.parallel-workers&#10;  Field required [type=missing]&#10;    For further information visit https://errors.pydantic.dev/2.13/v/missing&#10;pytest.parallel-distribution&#10;  Field required [type=missing]&#10;    For further information visit https://errors.pydantic.dev/2.13/v/missing&#10;pytest.profile-sort&#10;  Field required [type=missing]&#10;    For further information visit https://errors.pydantic.dev/2.13/v/missing&#10;pytest.profile-limit&#10;  Field required [type=missing]&#10;    For further information visit https://errors.pydantic.dev/2.13/v/missing&#10;pytest.min-version&#10;  Field required [type=missing]&#10;    For further information visit https://errors.pydantic.dev/2.13/v/missing&#10;pytest.python-classes&#10;  Field required [type=missing]&#10;    For further information visit https://errors.pydantic.dev/2.13/v/missing&#10;pytest.python-files&#10;  Field required [type=missing]&#10;    For further information visit https://errors.pydantic.dev/2.13/v/missing&#10;pytest.test-paths&#10;  Field required [type=missing]&#10;    For further information visit https://errors.pydantic.dev/2.13/v/missing&#10;pytest.filter-warnings&#10;  Field required [type=missing]&#10;    For further information visit https://errors.pydantic.dev/2.13/v/missing&#10;pytest.standard-markers&#10;  Field required [type=missing]&#10;    For further information visit https://errors.pydantic.dev/2.13/v/missing&#10;pytest.standard-addopts&#10;  Field required [type=missing]&#10;    For further information visit https://errors.pydantic.dev/2.13/v/missing&#10;pytest.process-timeout-seconds&#10;  Field required [type=missing]&#10;    For further information visit https://errors.pydantic.dev/2.13/v/missing&#10;pytest.case_timeout_seconds&#10;  Extra inputs are not permitted [type=extra_forbidden]&#10;    For further information visit https://errors.pydantic.dev/2.13/v/extra_forbidden&#10;pytest.slow_timeout_seconds&#10;  Extra inputs are not permitted [type=extra_forbidden]&#10;    For further information visit https://errors.pydantic.dev/2.13/v/extra_forbidden&#10;pytest.run_timeout_seconds&#10;  Extra inputs are not permitted [type=extra_forbidden]&#10;    For further information visit https://errors.pydantic.dev/2.13/v/extra_forbidden&#10;pytest.termination_grace_seconds&#10;  Extra inputs are not permitted [type=extra_forbidden]&#10;    For further information visit https://errors.pydantic.dev/2.13/v/extra_forbidden&#10;pytest.enforcement_plugin&#10;  Extra inputs are not permitted [type=extra_forbidden]&#10;    For further information visit https://errors.pydantic.dev/2.13/v/extra_forbidden&#10;pytest.progress_args&#10;  Extra inputs are not permitted [type=extra_forbidden]&#10;    For further information visit https://errors.pydantic.dev/2.13/v/extra_forbidden&#10;pytest.report_args&#10;  Extra inputs are not permitted [type=extra_forbidden]&#10;    For further information visit https://errors.pydantic.dev/2.13/v/extra_forbidden&#10;pytest.diagnostic_args&#10;  Extra inputs are not permitted [type=extra_forbidden]&#10;    For further information visit https://errors.pydantic.dev/2.13/v/extra_forbidden&#10;pytest.parallel_workers&#10;  Extra inputs are not permitted [type=extra_forbidden]&#10;    For further information visit https://errors.pydantic.dev/2.13/v/extra_forbidden&#10;pytest.parallel_distribution&#10;  Extra inputs are not permitted [type=extra_forbidden]&#10;    For further information visit https://errors.pydantic.dev/2.13/v/extra_forbidden&#10;pytest.profile_sort&#10;  Extra inputs are not permitted [type=extra_forbidden]&#10;    For further information visit https://errors.pydantic.dev/2.13/v/extra_forbidden&#10;pytest.profile_limit&#10;  Extra inputs are not permitted [type=extra_forbidden]&#10;    For further information visit https://errors.pydantic.dev/2.13/v/extra_forbidden&#10;pytest.min_version&#10;  Extra inputs are not permitted [type=extra_forbidden]&#10;    For further information visit https://errors.pydantic.dev/2.13/v/extra_forbidden&#10;pytest.python_classes&#10;  Extra inputs are not permitted [type=extra_forbidden]&#10;    For further information visit https://errors.pydantic.dev/2.13/v/extra_forbidden&#10;pytest.python_files&#10;  Extra inputs are not permitted [type=extra_forbidden]&#10;    For further information visit https://errors.pydantic.dev/2.13/v/extra_forbidden&#10;pytest.test_paths&#10;  Extra inputs are not permitted [type=extra_forbidden]&#10;    For further information visit https://errors.pydantic.dev/2.13/v/extra_forbidden&#10;pytest.filter_warnings&#10;  Extra inputs are not permitted [type=extra_forbidden]&#10;    For further information visit https://errors.pydantic.dev/2.13/v/extra_forbidden&#10;pytest.standard_markers&#10;  Extra inputs are not permitted [type=extra_forbidden]&#10;    For further information visit https://errors.pydantic.dev/2.13/v/extra_forbidden&#10;pytest.standard_addopts&#10;  Extra inputs are not permitted [type=extra_forbidden]&#10;    For further information visit https://errors.pydantic.dev/2.13/v/extra_forbidden&#10;pytest.process_timeout_seconds&#10;  Extra inputs are not permitted [type=extra_forbidden]&#10;    For further information visit https://errors.pydantic.dev/2.13/v/extra_forbidden&#10;make.ci.check_gates&#10;  Extra inputs are not permitted [type=extra_forbidden]&#10;    For further information visit https://errors.pydantic.dev/2.13/v/extra_forbidden&#10;make.handler_whats&#10;  Extra inputs are not permitted [type=extra_forbidden]&#10;    For further information visit https://errors.pydantic.dev/2.13/v/extra_forbidden&#10;make.check_gates_allowed&#10;  Extra inputs are not permitted [type=extra_forbidden]&#10;    For further information visit https://errors.pydantic.dev/2.13/v/extra_forbidden&#10;make.check_gates_default&#10;  Extra inputs are not permitted [type=extra_forbidden]&#10;    For further information visit https://errors.pydantic.dev/2.13/v/extra_forbidden&#10;make.check_gates_fixable&#10;  Extra inputs are not permitted [type=extra_forbidden]&#10;    For further information visit https://errors.pydantic.dev/2.13/v/extra_forbidden&#10;make.custom_handler_policies&#10;  Extra inputs are not permitted [type=extra_forbidden]&#10;    For further information visit https://errors.pydantic.dev/2.13/v/extra_forbidden">tests/unit/codegen/test_codegen_catalog_extensions.py:459: in test_local_manifest_conforms_without_global_repository_rows
    result = FlextInfraCodegenConform(initial_workspace=workspace).plan(
src/flext_infra/codegen/conform.py:401: in plan
    repository_plan = self._plan_scaffold_repository(
src/flext_infra/codegen/conform.py:877: in _plan_scaffold_repository
    context_result = self._project_render_context(
src/flext_infra/codegen/conform.py:1986: in _project_render_context
    m.Infra.ProjectRenderContext(
E   pydantic_core._pydantic_core.ValidationError: 46 validation errors for ProjectRenderContext
E   pytest.case-timeout-seconds
E     Field required [type=missing]
E       For further information visit https://errors.pydantic.dev/2.13/v/missing
E   pytest.slow-timeout-seconds
E     Field required [type=missing]
E       For further information visit https://errors.pydantic.dev/2.13/v/missing
E   pytest.run-timeout-seconds
E     Field required [type=missing]
E       For further information visit https://errors.pydantic.dev/2.13/v/missing
E   pytest.termination-grace-seconds
E     Field required [type=missing]
E       For further information visit https://errors.pydantic.dev/2.13/v/missing
E   pytest.enforcement-plugin
E     Field required [type=missing]
E       For further information visit https://errors.pydantic.dev/2.13/v/missing
E   pytest.progress-args
E     Field required [type=missing]
E       For further information visit https://errors.pydantic.dev/2.13/v/missing
E   pytest.report-args
E     Field required [type=missing]
E       For further information visit https://errors.pydantic.dev/2.13/v/missing
E   pytest.diagnostic-args
E     Field required [type=missing]
E       For further information visit https://errors.pydantic.dev/2.13/v/missing
E   pytest.parallel-workers
E     Field required [type=missing]
E       For further information visit https://errors.pydantic.dev/2.13/v/missing
E   pytest.parallel-distribution
E     Field required [type=missing]
E       For further information visit https://errors.pydantic.dev/2.13/v/missing
E   pytest.profile-sort
E     Field required [type=missing]
E       For further information visit https://errors.pydantic.dev/2.13/v/missing
E   pytest.profile-limit
E     Field required [type=missing]
E       For further information visit https://errors.pydantic.dev/2.13/v/missing
E   pytest.min-version
E     Field required [type=missing]
E       For further information visit https://errors.pydantic.dev/2.13/v/missing
E   pytest.python-classes
E     Field required [type=missing]
E       For further information visit https://errors.pydantic.dev/2.13/v/missing
E   pytest.python-files
E     Field required [type=missing]
E       For further information visit https://errors.pydantic.dev/2.13/v/missing
E   pytest.test-paths
E     Field required [type=missing]
E       For further information visit https://errors.pydantic.dev/2.13/v/missing
E   pytest.filter-warnings
E     Field required [type=missing]
E       For further information visit https://errors.pydantic.dev/2.13/v/missing
E   pytest.standard-markers
E     Field required [type=missing]
E       For further information visit https://errors.pydantic.dev/2.13/v/missing
E   pytest.standard-addopts
E     Field required [type=missing]
E       For further information visit https://errors.pydantic.dev/2.13/v/missing
E   pytest.process-timeout-seconds
E     Field required [type=missing]
E       For further information visit https://errors.pydantic.dev/2.13/v/missing
E   pytest.case_timeout_seconds
E     Extra inputs are not permitted [type=extra_forbidden]
E       For further information visit https://errors.pydantic.dev/2.13/v/extra_forbidden
E   pytest.slow_timeout_seconds
E     Extra inputs are not permitted [type=extra_forbidden]
E       For further information visit https://errors.pydantic.dev/2.13/v/extra_forbidden
E   pytest.run_timeout_seconds
E     Extra inputs are not permitted [type=extra_forbidden]
E       For further information visit https://errors.pydantic.dev/2.13/v/extra_forbidden
E   pytest.termination_grace_seconds
E     Extra inputs are not permitted [type=extra_forbidden]
E       For further information visit https://errors.pydantic.dev/2.13/v/extra_forbidden
E   pytest.enforcement_plugin
E     Extra inputs are not permitted [type=extra_forbidden]
E       For further information visit https://errors.pydantic.dev/2.13/v/extra_forbidden
E   pytest.progress_args
E     Extra inputs are not permitted [type=extra_forbidden]
E       For further information visit https://errors.pydantic.dev/2.13/v/extra_forbidden
E   pytest.report_args
E     Extra inputs are not permitted [type=extra_forbidden]
E       For further information visit https://errors.pydantic.dev/2.13/v/extra_forbidden
E   pytest.diagnostic_args
E     Extra inputs are not permitted [type=extra_forbidden]
E       For further information visit https://errors.pydantic.dev/2.13/v/extra_forbidden
E   pytest.parallel_workers
E     Extra inputs are not permitted [type=extra_forbidden]
E       For further information visit https://errors.pydantic.dev/2.13/v/extra_forbidden
E   pytest.parallel_distribution
E     Extra inputs are not permitted [type=extra_forbidden]
E       For further information visit https://errors.pydantic.dev/2.13/v/extra_forbidden
E   pytest.profile_sort
E     Extra inputs are not permitted [type=extra_forbidden]
E       For further information visit https://errors.pydantic.dev/2.13/v/extra_forbidden
E   pytest.profile_limit
E     Extra inputs are not permitted [type=extra_forbidden]
E       For further information visit https://errors.pydantic.dev/2.13/v/extra_forbidden
E   pytest.min_version
E     Extra inputs are not permitted [type=extra_forbidden]
E       For further information visit https://errors.pydantic.dev/2.13/v/extra_forbidden
E   pytest.python_classes
E     Extra inputs are not permitted [type=extra_forbidden]
E       For further information visit https://errors.pydantic.dev/2.13/v/extra_forbidden
E   pytest.python_files
E     Extra inputs are not permitted [type=extra_forbidden]
E       For further information visit https://errors.pydantic.dev/2.13/v/extra_forbidden
E   pytest.test_paths
E     Extra inputs are not permitted [type=extra_forbidden]
E       For further information visit https://errors.pydantic.dev/2.13/v/extra_forbidden
E   pytest.filter_warnings
E     Extra inputs are not permitted [type=extra_forbidden]
E       For further information visit https://errors.pydantic.dev/2.13/v/extra_forbidden
E   pytest.standard_markers
E     Extra inputs are not permitted [type=extra_forbidden]
E       For further information visit https://errors.pydantic.dev/2.13/v/extra_forbidden
E   pytest.standard_addopts
E     Extra inputs are not permitted [type=extra_forbidden]
E       For further information visit https://errors.pydantic.dev/2.13/v/extra_forbidden
E   pytest.process_timeout_seconds
E     Extra inputs are not permitted [type=extra_forbidden]
E       For further information visit https://errors.pydantic.dev/2.13/v/extra_forbidden
E   make.ci.check_gates
E     Extra inputs are not permitted [type=extra_forbidden]
E       For further information visit https://errors.pydantic.dev/2.13/v/extra_forbidden
E   make.handler_whats
E     Extra inputs are not permitted [type=extra_forbidden]
E       For further information visit https://errors.pydantic.dev/2.13/v/extra_forbidden
E   make.check_gates_allowed
E     Extra inputs are not permitted [type=extra_forbidden]
E       For further information visit https://errors.pydantic.dev/2.13/v/extra_forbidden
E   make.check_gates_default
E     Extra inputs are not permitted [type=extra_forbidden]
E       For further information visit https://errors.pydantic.dev/2.13/v/extra_forbidden
E   make.check_gates_fixable
E     Extra inputs are not permitted [type=extra_forbidden]
E       For further information visit https://errors.pydantic.dev/2.13/v/extra_forbidden
E   make.custom_handler_policies
E     Extra inputs are not permitted [type=extra_forbidden]
E       For further information visit https://errors.pydantic.dev/2.13/v/extra_forbidden</failure></testcase></testsuite></testsuites>