<?xml version="1.0" encoding="utf-8"?><testsuites name="pytest tests"><testsuite name="pytest" errors="0" failures="0" skipped="0" tests="10" time="4.199" timestamp="2026-08-27T14:20:17.367236-03:00" hostname="tungs"><testcase classname="tests.unit.workspace.test_facade_environment_sync.TestsFlextInfraFacadeBaseMk" name="test_generate_basemk_returns_rendered_content" time="0.393" /><testcase classname="tests.unit.workspace.test_facade_environment_sync.TestsFlextInfraFacadeEnvironmentSync" name="test_sync_preserves_custom_envrc_without_force" time="0.164" /><testcase classname="tests.unit.workspace.test_facade_environment_sync.TestsFlextInfraFacadeEnvironmentSync" name="test_sync_removes_generated_files_without_pyproject" time="0.061" /><testcase classname="tests.unit.workspace.test_facade_environment_sync.TestsFlextInfraFacadeEnvironmentSync" name="test_sync_creates_environment_files_from_ssot_templates" time="0.064" /><testcase classname="tests.unit.workspace.test_facade_environment_sync.TestsFlextInfraFacadeEnvironmentSync" name="test_sync_renders_mise_python_from_pyproject" time="0.123" /><testcase classname="tests.unit.workspace.test_facade_environment_sync.TestsFlextInfraFacadeEnvironmentSync" name="test_sync_force_converts_custom_envrc_to_generated" time="0.063" /><testcase classname="tests.unit.workspace.test_facade_environment_sync.TestsFlextInfraFacadeEnvironmentSync" name="test_sync_rejects_duplicate_project_mise_selectors" time="0.181" /><testcase classname="tests.unit.workspace.test_facade_environment_sync.TestsFlextInfraFacadeEnvironmentSync" name="test_sync_merges_custom_mise_tools_and_prunes_forbidden" time="0.185" /><testcase classname="tests.unit.workspace.test_facade_environment_sync.TestsFlextInfraFacadeEnvironmentSync" name="test_sync_composes_project_mise_tools_from_yaml" time="0.219" /><testcase classname="tests.unit.workspace.test_facade_environment_sync.TestsFlextInfraFacadeEnvironmentSync" name="test_sync_rejects_project_collision_with_fleet_mise_tool" time="0.111" /></testsuite></testsuites>