<?xml version="1.0" encoding="utf-8"?><testsuites name="pytest tests"><testsuite name="pytest" errors="0" failures="1" skipped="0" tests="3" time="5.858" timestamp="2026-08-27T15:48:13.329917-03:00" hostname="tungs"><testcase classname="tests.unit.codegen.test_codegen_gitignore_profile_aware.TestsCodegenGitignoreProfileAware" name="test_independent_overlay_projects_configured_mise_tool" time="3.150"><failure message="AssertionError: Expected '# Generated by `flext_infra codegen conform`.\n# === SECTION: header (managed) ===\n# Source: template (base/.mise.toml.j2)\n# Free: no\n# End SECTION: header\n# NOTE: mise carries the Python runtime and native tools from the config SSOT.\n# Python dependencies and uv are resolved by the caller-provided environment.\n\n# === SECTION: tools (managed) ===\n# Source: config:python_version, config:codegen.scaffold.project.dev native toolchain floors\n#         (kubectl_version, helm_version, kind_version, taplo_version, ast_grep_version,\n#          gitleaks_version, tokei_version, qlty_version, beads.selector, beads.version)\n[tools]\npython = &quot;3.13&quot;\n# uv is deliberately absent: codegen.yaml declares it &quot;supplied by the caller\n# environment and deliberately not pinned&quot;, and no `uv_version` exists on the\n# toolchain SSOT to render. Emitting one made every conform run fail with\n# &quot;\'uv_version\' is undefined&quot;. The minimum version is enforced where it is\n# actually observable instead — tool_bootstrap_recipe.j2 compares the running\n# `uv --version` against its floor during `make setup`.\n# Native toolchain (single source: Infra.codegen.toolchain in codegen.yaml).\nkubectl = &quot;1.32&quot;\nhelm = &quot;3.19&quot;\nkind = &quot;0.31&quot;\ntaplo = &quot;0.10&quot;\nast-grep = &quot;0.45&quot;\ngitleaks = &quot;8.30&quot;\ntokei = &quot;14.0&quot;\n# qlty ships no mise registry alias; the github backend selector is the only\n# resolvable form (bare \'qlty\' fails mise install: \'not found in registry\').\n&quot;github:qltysh/qlty&quot; = &quot;0.642&quot;\n# Go runtime for the Go projects in this workspace.\ngo = &quot;1.26&quot;\n[tools.&quot;github:gastownhall/beads&quot;]\nversion = &quot;1.2.2&quot;\nprerelease = false\n\n# End SECTION: tools\n' to contain '&quot;github:gastownhall/beads&quot; = &quot;1.2.2&quot;'">tests/unit/codegen/test_codegen_gitignore_profile_aware.py:91: in test_independent_overlay_projects_configured_mise_tool
    tm.that(
../flext-tests/src/flext_tests/_utilities/_matchers/_that.py:719: in that
    cls._validate_common(
../flext-tests/src/flext_tests/_utilities/_matchers/_that.py:323: in _validate_common
    FlextTestsMatchersContainmentMixin.check_has_lacks(
../flext-tests/src/flext_tests/_utilities/_matchers/_containment.py:69: in check_has_lacks
    FlextTestsMatchersAssertionsMixin.raise_match_assertion(
../flext-tests/src/flext_tests/_utilities/_matchers/_assertions.py:26: in raise_match_assertion
    raise AssertionError(msg or template.format(container=container, item=item))
E   AssertionError: Expected '# Generated by `flext_infra codegen conform`.\n# === SECTION: header (managed) ===\n# Source: template (base/.mise.toml.j2)\n# Free: no\n# End SECTION: header\n# NOTE: mise carries the Python runtime and native tools from the config SSOT.\n# Python dependencies and uv are resolved by the caller-provided environment.\n\n# === SECTION: tools (managed) ===\n# Source: config:python_version, config:codegen.scaffold.project.dev native toolchain floors\n#         (kubectl_version, helm_version, kind_version, taplo_version, ast_grep_version,\n#          gitleaks_version, tokei_version, qlty_version, beads.selector, beads.version)\n[tools]\npython = "3.13"\n# uv is deliberately absent: codegen.yaml declares it "supplied by the caller\n# environment and deliberately not pinned", and no `uv_version` exists on the\n# toolchain SSOT to render. Emitting one made every conform run fail with\n# "\'uv_version\' is undefined". The minimum version is enforced where it is\n# actually observable instead — tool_bootstrap_recipe.j2 compares the running\n# `uv --version` against its floor during `make setup`.\n# Native toolchain (single source: Infra.codegen.toolchain in codegen.yaml).\nkubectl = "1.32"\nhelm = "3.19"\nkind = "0.31"\ntaplo = "0.10"\nast-grep = "0.45"\ngitleaks = "8.30"\ntokei = "14.0"\n# qlty ships no mise registry alias; the github backend selector is the only\n# resolvable form (bare \'qlty\' fails mise install: \'not found in registry\').\n"github:qltysh/qlty" = "0.642"\n# Go runtime for the Go projects in this workspace.\ngo = "1.26"\n[tools."github:gastownhall/beads"]\nversion = "1.2.2"\nprerelease = false\n\n# End SECTION: tools\n' to contain '"github:gastownhall/beads" = "1.2.2"'</failure></testcase><testcase classname="tests.unit.codegen.test_codegen_gitignore_profile_aware.TestsCodegenGitignoreProfileAware" name="test_workspace_root_gitignore_keeps_member_allowlist" time="0.019" /><testcase classname="tests.unit.codegen.test_codegen_gitignore_profile_aware.TestsCodegenGitignoreProfileAware" name="test_member_gitignore_has_no_workspace_root_phantom" time="0.011" /></testsuite></testsuites>