================================================= test session starts ==================================================
platform linux -- Python 3.13.11, pytest-9.1.1, pluggy-1.6.0 -- /home/marlonsc/gt/flext/mayor/rig/.venv/bin/python3
cachedir: .pytest_cache
testmon: changed files: tests/unit/codegen/test_codegen_catalog_extensions.py, unchanged files: 25, environment: default
Using --randomly-seed=3665236844
hypothesis profile 'default'
benchmark: 5.2.3 (defaults: timer=time.perf_counter disable_gc=False min_rounds=5 min_time=0.000005 max_time=1.0 calibration_precision=10 warmup=False warmup_iterations=100000)
rootdir: /home/marlonsc/gt/flext/mayor/rig/flext-infra
configfile: pyproject.toml
plugins: flext-tests-0.12.0rc0, sugar-1.1.1, pytest_codeblocks-0.18.0, cov-7.1.0, testmon-2.2.0, deadfixtures-3.1.0, timeout-2.4.0, env-1.7.0, xdist-3.8.0, markdown-docs-0.9.2, mock-3.15.1, randomly-4.1.0, hypothesis-6.163.0, reportlog-1.0.0, benchmark-5.2.3, clarity-1.0.1, Faker-40.36.0, anyio-4.14.2, singer-sdk-0.54.5
timeout: 10.0s
timeout method: signal
timeout func_only: False
collecting ... collected 3 items

tests/unit/codegen/test_codegen_gitignore_profile_aware.py::TestsCodegenGitignoreProfileAware::test_independent_overlay_projects_configured_mise_tool FAILED [ 33%]
tests/unit/codegen/test_codegen_gitignore_profile_aware.py::TestsCodegenGitignoreProfileAware::test_workspace_root_gitignore_keeps_member_allowlist PASSED [ 66%]
tests/unit/codegen/test_codegen_gitignore_profile_aware.py::TestsCodegenGitignoreProfileAware::test_member_gitignore_has_no_workspace_root_phantom PASSED [100%]

======================================================= FAILURES =======================================================
_______________ TestsCodegenGitignoreProfileAware.test_independent_overlay_projects_configured_mise_tool _______________
tests/unit/codegen/test_codegen_gitignore_profile_aware.py:91: in test_independent_overlay_projects_configured_mise_tool
    tm.that(
../flext-tests/src/flext_tests/_utilities/_matchers/_that.py:719: in that
    cls._validate_common(
../flext-tests/src/flext_tests/_utilities/_matchers/_that.py:323: in _validate_common
    FlextTestsMatchersContainmentMixin.check_has_lacks(
../flext-tests/src/flext_tests/_utilities/_matchers/_containment.py:69: in check_has_lacks
    FlextTestsMatchersAssertionsMixin.raise_match_assertion(
../flext-tests/src/flext_tests/_utilities/_matchers/_assertions.py:26: in raise_match_assertion
    raise AssertionError(msg or template.format(container=container, item=item))
E   AssertionError: Expected '# Generated by `flext_infra codegen conform`.\n# === SECTION: header (managed) ===\n# Source: template (base/.mise.toml.j2)\n# Free: no\n# End SECTION: header\n# NOTE: mise carries the Python runtime and native tools from the config SSOT.\n# Python dependencies and uv are resolved by the caller-provided environment.\n\n# === SECTION: tools (managed) ===\n# Source: config:python_version, config:codegen.scaffold.project.dev native toolchain floors\n#         (kubectl_version, helm_version, kind_version, taplo_version, ast_grep_version,\n#          gitleaks_version, tokei_version, qlty_version, beads.selector, beads.version)\n[tools]\npython = "3.13"\n# uv is deliberately absent: codegen.yaml declares it "supplied by the caller\n# environment and deliberately not pinned", and no `uv_version` exists on the\n# toolchain SSOT to render. Emitting one made every conform run fail with\n# "\'uv_version\' is undefined". The minimum version is enforced where it is\n# actually observable instead — tool_bootstrap_recipe.j2 compares the running\n# `uv --version` against its floor during `make setup`.\n# Native toolchain (single source: Infra.codegen.toolchain in codegen.yaml).\nkubectl = "1.32"\nhelm = "3.19"\nkind = "0.31"\ntaplo = "0.10"\nast-grep = "0.45"\ngitleaks = "8.30"\ntokei = "14.0"\n# qlty ships no mise registry alias; the github backend selector is the only\n# resolvable form (bare \'qlty\' fails mise install: \'not found in registry\').\n"github:qltysh/qlty" = "0.642"\n# Go runtime for the Go projects in this workspace.\ngo = "1.26"\n[tools."github:gastownhall/beads"]\nversion = "1.2.2"\nprerelease = false\n\n# End SECTION: tools\n' to contain '"github:gastownhall/beads" = "1.2.2"'
------------------------------------------------- Captured stdout call -------------------------------------------------
INFO: stage=plan repositories=1
[1/1] sample-project conform ...
  [OK] conform  sample-project           2.88s
- generated xml file: /home/marlonsc/gt/flext/mayor/rig/flext-infra/.reports/tests/20260827T184801.425726Z-2237249/junit.xml -
================================================= slowest 25 durations =================================================
3.05s call     tests/unit/codegen/test_codegen_gitignore_profile_aware.py::TestsCodegenGitignoreProfileAware::test_independent_overlay_projects_configured_mise_tool
0.10s setup    tests/unit/codegen/test_codegen_gitignore_profile_aware.py::TestsCodegenGitignoreProfileAware::test_independent_overlay_projects_configured_mise_tool
0.02s call     tests/unit/codegen/test_codegen_gitignore_profile_aware.py::TestsCodegenGitignoreProfileAware::test_workspace_root_gitignore_keeps_member_allowlist
0.01s call     tests/unit/codegen/test_codegen_gitignore_profile_aware.py::TestsCodegenGitignoreProfileAware::test_member_gitignore_has_no_workspace_root_phantom
0.00s teardown tests/unit/codegen/test_codegen_gitignore_profile_aware.py::TestsCodegenGitignoreProfileAware::test_member_gitignore_has_no_workspace_root_phantom
0.00s setup    tests/unit/codegen/test_codegen_gitignore_profile_aware.py::TestsCodegenGitignoreProfileAware::test_member_gitignore_has_no_workspace_root_phantom
0.00s teardown tests/unit/codegen/test_codegen_gitignore_profile_aware.py::TestsCodegenGitignoreProfileAware::test_independent_overlay_projects_configured_mise_tool
0.00s teardown tests/unit/codegen/test_codegen_gitignore_profile_aware.py::TestsCodegenGitignoreProfileAware::test_workspace_root_gitignore_keeps_member_allowlist
0.00s setup    tests/unit/codegen/test_codegen_gitignore_profile_aware.py::TestsCodegenGitignoreProfileAware::test_workspace_root_gitignore_keeps_member_allowlist
=============================================== short test summary info ================================================
FAILED tests/unit/codegen/test_codegen_gitignore_profile_aware.py::TestsCodegenGitignoreProfileAware::test_independent_overlay_projects_configured_mise_tool
============================================= 1 failed, 2 passed in 5.87s ==============================================
