================================================= test session starts ==================================================
platform linux -- Python 3.13.11, pytest-9.1.1, pluggy-1.6.0 -- /home/marlonsc/gt/flext/mayor/rig/.venv/bin/python3
cachedir: .pytest_cache
testmon: changed files: tests/unit/codegen/toolchain_beads_distribution_tests.py, unchanged files: 10, environment: default
Using --randomly-seed=4114100434
hypothesis profile 'default'
benchmark: 5.2.3 (defaults: timer=time.perf_counter disable_gc=False min_rounds=5 min_time=0.000005 max_time=1.0 calibration_precision=10 warmup=False warmup_iterations=100000)
rootdir: /home/marlonsc/gt/flext/mayor/rig/flext-infra
configfile: pyproject.toml
plugins: flext-tests-0.12.0rc0, sugar-1.1.1, pytest_codeblocks-0.18.0, cov-7.1.0, testmon-2.2.0, deadfixtures-3.1.0, timeout-2.4.0, env-1.7.0, xdist-3.8.0, markdown-docs-0.9.2, mock-3.15.1, randomly-4.1.0, hypothesis-6.163.0, reportlog-1.0.0, benchmark-5.2.3, clarity-1.0.1, Faker-40.36.0, anyio-4.14.2, singer-sdk-0.54.5
timeout: 10.0s
timeout method: signal
timeout func_only: False
collecting ... collected 5 items

tests/unit/codegen/toolchain_beads_distribution_tests.py::TestsToolchainBeadsDistribution::test_schema_and_linux_asset_are_canonical PASSED [ 20%]
tests/unit/codegen/toolchain_beads_distribution_tests.py::TestsToolchainBeadsDistribution::test_selector_never_targets_legacy_distributions PASSED [ 40%]
tests/unit/codegen/toolchain_beads_distribution_tests.py::TestsToolchainBeadsDistribution::test_version_is_the_gas_city_release_tag PASSED [ 60%]
tests/unit/codegen/toolchain_beads_distribution_tests.py::TestsToolchainBeadsDistribution::test_reported_version_matches_the_installed_binary PASSED [ 80%]
tests/unit/codegen/toolchain_beads_distribution_tests.py::TestsToolchainBeadsDistribution::test_selector_targets_the_gas_city_distribution PASSED [100%]

- generated xml file: /home/marlonsc/gt/flext/mayor/rig/flext-infra/.reports/tests/20260827T171026.427672Z-1449882/junit.xml -
================================================= slowest 25 durations =================================================
0.14s setup    tests/unit/codegen/toolchain_beads_distribution_tests.py::TestsToolchainBeadsDistribution::test_schema_and_linux_asset_are_canonical
0.07s call     tests/unit/codegen/toolchain_beads_distribution_tests.py::TestsToolchainBeadsDistribution::test_schema_and_linux_asset_are_canonical
0.00s teardown tests/unit/codegen/toolchain_beads_distribution_tests.py::TestsToolchainBeadsDistribution::test_selector_targets_the_gas_city_distribution
0.00s teardown tests/unit/codegen/toolchain_beads_distribution_tests.py::TestsToolchainBeadsDistribution::test_schema_and_linux_asset_are_canonical
0.00s setup    tests/unit/codegen/toolchain_beads_distribution_tests.py::TestsToolchainBeadsDistribution::test_version_is_the_gas_city_release_tag
0.00s teardown tests/unit/codegen/toolchain_beads_distribution_tests.py::TestsToolchainBeadsDistribution::test_reported_version_matches_the_installed_binary
0.00s setup    tests/unit/codegen/toolchain_beads_distribution_tests.py::TestsToolchainBeadsDistribution::test_selector_never_targets_legacy_distributions
0.00s teardown tests/unit/codegen/toolchain_beads_distribution_tests.py::TestsToolchainBeadsDistribution::test_version_is_the_gas_city_release_tag
0.00s setup    tests/unit/codegen/toolchain_beads_distribution_tests.py::TestsToolchainBeadsDistribution::test_reported_version_matches_the_installed_binary
0.00s setup    tests/unit/codegen/toolchain_beads_distribution_tests.py::TestsToolchainBeadsDistribution::test_selector_targets_the_gas_city_distribution
0.00s teardown tests/unit/codegen/toolchain_beads_distribution_tests.py::TestsToolchainBeadsDistribution::test_selector_never_targets_legacy_distributions
0.00s call     tests/unit/codegen/toolchain_beads_distribution_tests.py::TestsToolchainBeadsDistribution::test_version_is_the_gas_city_release_tag
0.00s call     tests/unit/codegen/toolchain_beads_distribution_tests.py::TestsToolchainBeadsDistribution::test_selector_never_targets_legacy_distributions
0.00s call     tests/unit/codegen/toolchain_beads_distribution_tests.py::TestsToolchainBeadsDistribution::test_selector_targets_the_gas_city_distribution
0.00s call     tests/unit/codegen/toolchain_beads_distribution_tests.py::TestsToolchainBeadsDistribution::test_reported_version_matches_the_installed_binary
================================================== 5 passed in 2.02s ===================================================
