<?xml version="1.0" encoding="utf-8"?><testsuites name="pytest tests"><testsuite name="pytest" errors="0" failures="0" skipped="0" tests="4" time="1.499" timestamp="2026-08-27T15:06:39.728386-03:00" hostname="tungs"><testcase classname="tests.unit.codegen.toolchain_beads_distribution_tests.TestsToolchainBeadsDistribution" name="test_release_policy_is_stable_and_content_attested" time="0.156" /><testcase classname="tests.unit.codegen.toolchain_beads_distribution_tests.TestsToolchainBeadsDistribution" name="test_selector_never_targets_a_fork" time="0.004" /><testcase classname="tests.unit.codegen.toolchain_beads_distribution_tests.TestsToolchainBeadsDistribution" name="test_reported_version_matches_the_installed_binary" time="0.004" /><testcase classname="tests.unit.codegen.toolchain_beads_distribution_tests.TestsToolchainBeadsDistribution" name="test_selector_targets_the_official_distribution" time="0.006" /></testsuite></testsuites>