<?xml version="1.0" encoding="utf-8"?><testsuites name="pytest tests"><testsuite name="pytest" errors="0" failures="0" skipped="0" tests="33" time="12.756" timestamp="2026-08-27T14:57:07.157928-03:00" hostname="tungs"><testcase classname="tests.unit.test_infra_workspace_detector.TestsFlextInfraInfraWorkspaceDetector" name="test_external_member_worktree_inherits_governing_topology" time="1.398" /><testcase classname="tests.unit.test_infra_workspace_detector.TestsFlextInfraInfraWorkspaceDetector" name="test_conform_target_member_is_not_routing_only" time="0.715" /><testcase classname="tests.unit.test_infra_workspace_detector.TestsFlextInfraInfraWorkspaceDetector" name="test_conform_target_standalone_overlay_enables_beads" time="0.446" /><testcase classname="tests.unit.test_infra_workspace_detector.TestsFlextInfraInfraWorkspaceDetector" name="test_conform_target_marker_repo_is_attached_standalone" time="0.416" /><testcase classname="tests.unit.test_infra_workspace_detector.TestsFlextInfraInfraWorkspaceDetector" name="test_gitmodule_branch_mismatch_fails_closed" time="0.428" /><testcase classname="tests.unit.test_infra_workspace_detector.TestsFlextInfraInfraWorkspaceDetector" name="test_conform_target_member_overlay_never_promotes_beads" time="0.765" /><testcase classname="tests.unit.test_infra_workspace_detector.TestsFlextInfraInfraWorkspaceDetector" name="test_detached_head_at_gitlink_is_workspace_member" time="0.508" /><testcase classname="tests.unit.test_infra_workspace_detector.TestsFlextInfraInfraWorkspaceDetector" name="test_manifested_repo_absent_from_catalog_loads_spec" time="0.064" /><testcase classname="tests.unit.test_infra_workspace_detector.TestsFlextInfraInfraWorkspaceDetector" name="test_attached_standalone_marker_is_workspace_member" time="0.096" /><testcase classname="tests.unit.test_infra_workspace_detector.TestsFlextInfraInfraWorkspaceDetector" name="test_repository_is_governed_accepts_remote_url_without_git_suffix" time="0.005" /><testcase classname="tests.unit.test_infra_workspace_detector.TestsFlextInfraInfraWorkspaceDetector" name="test_pyproject_without_attached_marker_stays_standalone" time="0.085" /><testcase classname="tests.unit.test_infra_workspace_detector.TestsFlextInfraInfraWorkspaceDetector" name="test_malformed_local_manifest_fails" time="0.030" /><testcase classname="tests.unit.test_infra_workspace_detector.TestsFlextInfraInfraWorkspaceDetector" name="test_linked_worktree_without_resolvable_primary_fails_closed" time="0.124" /><testcase classname="tests.unit.test_infra_workspace_detector.TestsFlextInfraInfraWorkspaceDetector" name="test_persistent_state_artifacts_follow_make_profile" time="0.016" /><testcase classname="tests.unit.test_infra_workspace_detector.TestsFlextInfraInfraWorkspaceDetector" name="test_toolchain_owner_with_branchless_gitlink_fails_closed" time="0.120" /><testcase classname="tests.unit.test_infra_workspace_detector.TestsFlextInfraInfraWorkspaceDetector" name="test_declared_real_submodule_is_workspace_member" time="0.468" /><testcase classname="tests.unit.test_infra_workspace_detector.TestsFlextInfraInfraWorkspaceDetector" name="test_independent_member_clone_is_standalone" time="0.117" /><testcase classname="tests.unit.test_infra_workspace_detector.TestsFlextInfraInfraWorkspaceDetector" name="test_root_without_governed_gitlinks_is_standalone" time="0.064" /><testcase classname="tests.unit.test_infra_workspace_detector.TestsFlextInfraInfraWorkspaceDetector" name="test_gitmodule_url_mismatch_fails_closed" time="0.418" /><testcase classname="tests.unit.test_infra_workspace_detector.TestsFlextInfraInfraWorkspaceDetector" name="test_unknown_submodule_path_fails_closed" time="0.356" /><testcase classname="tests.unit.test_infra_workspace_detector.TestsFlextInfraInfraWorkspaceDetector" name="test_feature_branch_at_gitlink_is_workspace_member" time="0.503" /><testcase classname="tests.unit.test_infra_workspace_detector.TestsFlextInfraInfraWorkspaceDetector" name="test_workspace_root_with_governed_member_is_workspace" time="0.306" /><testcase classname="tests.unit.test_infra_workspace_detector.TestsFlextInfraInfraWorkspaceDetector" name="test_malformed_parent_manifest_fails" time="0.427" /><testcase classname="tests.unit.test_infra_workspace_detector.TestsFlextInfraInfraWorkspaceDetector" name="test_external_member_worktree_reads_lane_metadata" time="0.853" /><testcase classname="tests.unit.test_infra_workspace_detector.TestsFlextInfraInfraWorkspaceDetector" name="test_member_head_different_from_gitlink_fails_closed" time="0.283" /><testcase classname="tests.unit.test_infra_workspace_detector.TestsFlextInfraInfraWorkspaceDetector" name="test_invalid_path_returns_failure" time="0.006" /><testcase classname="tests.unit.test_infra_workspace_detector.TestsFlextInfraInfraWorkspaceDetector" name="test_ancestor_gitmodules_does_not_attach_project" time="0.019" /><testcase classname="tests.unit.test_infra_workspace_detector.TestsFlextInfraInfraWorkspaceDetector" name="test_execute_uses_workspace_root" time="0.021" /><testcase classname="tests.unit.test_infra_workspace_detector.TestsFlextInfraInfraWorkspaceDetector" name="test_conform_target_member_is_not_attached_standalone" time="0.701" /><testcase classname="tests.unit.test_infra_workspace_detector.TestsFlextInfraInfraWorkspaceDetector" name="test_external_standalone_worktree_stays_standalone" time="0.499" /><testcase classname="tests.unit.test_infra_workspace_detector.TestsFlextInfraInfraWorkspaceDetector" name="test_manifestless_repo_derives_its_own_identity" time="0.145" /><testcase classname="tests.unit.test_infra_workspace_detector.TestsFlextInfraInfraWorkspaceDetector" name="test_manifestless_repo_derives_spec_from_catalog" time="0.019" /><testcase classname="tests.unit.test_infra_workspace_detector.TestsFlextInfraInfraWorkspaceDetector" name="test_aggregator_gitmodules_without_toolchain_is_standalone" time="0.087" /></testsuite></testsuites>