<?xml version="1.0" encoding="utf-8"?><testsuites name="pytest tests"><testsuite name="pytest" errors="0" failures="0" skipped="0" tests="21" time="3.926" timestamp="2026-08-27T14:07:00.903321-03:00" hostname="tungs"><testcase classname="tests.unit.validate.pytest_runner_tests.TestsFlextInfraPytestRunner" name="test_focused_run_records_coverage_as_not_generated" time="0.364" /><testcase classname="tests.unit.validate.pytest_runner_tests.TestsFlextInfraPytestRunner" name="test_cov_y_disables_testmon_and_enables_coverage" time="0.072" /><testcase classname="tests.unit.validate.pytest_runner_tests.TestsFlextInfraPytestRunner" name="test_focused_argv_preserves_nodeid_and_disables_parallel_coverage" time="0.035" /><testcase classname="tests.unit.validate.pytest_runner_tests.TestsFlextInfraPytestRunner" name="test_timeout_preserves_exit_124_without_partial_artifacts" time="0.114" /><testcase classname="tests.unit.validate.pytest_runner_tests.TestsFlextInfraPytestRunner" name="test_local_full_argv_keeps_docker_remote_markers_selected" time="0.019" /><testcase classname="tests.unit.validate.pytest_runner_tests.TestsFlextInfraPytestRunner" name="test_cache_clear_requires_apply" time="0.018" /><testcase classname="tests.unit.validate.pytest_runner_tests.TestsFlextInfraPytestRunner" name="test_parallel_run_disables_benchmarks" time="0.019" /><testcase classname="tests.unit.validate.pytest_runner_tests.TestsFlextInfraPytestRunner" name="test_summary_uses_effective_failure_exit_from_diagnostics" time="0.045" /><testcase classname="tests.unit.validate.pytest_runner_tests.TestsFlextInfraPytestRunner" name="test_environment_rejects_free_form_pytest_args" time="0.011" /><testcase classname="tests.unit.validate.pytest_runner_tests.TestsFlextInfraPytestRunner" name="test_execute_passes_one_absolute_deadline_and_writes_regular_latest_pointer" time="0.075" /><testcase classname="tests.unit.validate.pytest_runner_tests.TestsFlextInfraPytestRunner" name="test_full_run_fails_when_coverage_artifact_is_missing" time="0.047" /><testcase classname="tests.unit.validate.pytest_runner_tests.TestsFlextInfraPytestRunner" name="test_cache_clear_removes_db" time="0.024" /><testcase classname="tests.unit.validate.pytest_runner_tests.TestsFlextInfraPytestRunner" name="test_full_run_fails_when_coverage_fail_under_prints_with_exit_zero" time="0.113" /><testcase classname="tests.unit.validate.pytest_runner_tests.TestsFlextInfraPytestRunner" name="test_ci_true_keeps_default_testmon_without_coverage" time="0.022" /><testcase classname="tests.unit.validate.pytest_runner_tests.TestsFlextInfraPytestRunner" name="test_focused_run_keeps_benchmarks_enabled" time="0.023" /><testcase classname="tests.unit.validate.pytest_runner_tests.TestsFlextInfraPytestRunner" name="test_full_argv_is_config_derived_and_profiled" time="0.030" /><testcase classname="tests.unit.validate.pytest_runner_tests.TestsFlextInfraPytestRunner" name="test_local_full_argv_keeps_testmon_without_coverage" time="0.021" /><testcase classname="tests.unit.validate.pytest_runner_tests.TestsFlextInfraPytestRunner" name="test_ci_y_forbids_pytest_execute" time="0.017" /><testcase classname="tests.unit.validate.pytest_runner_tests.TestsFlextInfraPytestRunner" name="test_cov_y_forbids_focused_selectors" time="0.021" /><testcase classname="tests.unit.validate.pytest_runner_tests.TestsFlextInfraPytestRunner" name="test_ci_y_disables_coverage_keeps_testmon" time="0.026" /><testcase classname="tests.unit.validate.pytest_runner_tests.TestsFlextInfraPytestRunner" name="test_cache_status_skips_pytest" time="0.021" /></testsuite></testsuites>