<?xml version="1.0" encoding="utf-8"?><testsuites name="pytest tests"><testsuite name="pytest" errors="0" failures="0" skipped="0" tests="22" time="10.774" timestamp="2026-08-27T15:11:42.645218-03:00" hostname="tungs"><testcase classname="tests.unit.test_infra_workspace_detector.TestsFlextInfraInfraWorkspaceDetector" name="test_manifestless_repo_derives_spec_from_catalog" time="0.214" /><testcase classname="tests.unit.test_infra_workspace_detector.TestsFlextInfraInfraWorkspaceDetector" name="test_detached_head_at_gitlink_is_workspace_member" time="0.612" /><testcase classname="tests.unit.test_infra_workspace_detector.TestsFlextInfraInfraWorkspaceDetector" name="test_manifestless_repo_derives_its_own_identity" time="0.140" /><testcase classname="tests.unit.test_infra_workspace_detector.TestsFlextInfraInfraWorkspaceDetector" name="test_conform_target_standalone_overlay_enables_beads" time="0.383" /><testcase classname="tests.unit.test_infra_workspace_detector.TestsFlextInfraInfraWorkspaceDetector" name="test_gitmodule_url_mismatch_fails_closed" time="0.522" /><testcase classname="tests.unit.test_infra_workspace_detector.TestsFlextInfraInfraWorkspaceDetector" name="test_unknown_submodule_path_fails_closed" time="0.368" /><testcase classname="tests.unit.test_infra_workspace_detector.TestsFlextInfraInfraWorkspaceDetector" name="test_conform_target_marker_repo_is_attached_standalone" time="0.391" /><testcase classname="tests.unit.test_infra_workspace_detector.TestsFlextInfraInfraWorkspaceDetector" name="test_external_standalone_worktree_stays_standalone" time="0.388" /><testcase classname="tests.unit.test_infra_workspace_detector.TestsFlextInfraInfraWorkspaceDetector" name="test_root_without_governed_gitlinks_is_standalone" time="0.093" /><testcase classname="tests.unit.test_infra_workspace_detector.TestsFlextInfraInfraWorkspaceDetector" name="test_conform_target_member_is_not_routing_only" time="0.679" /><testcase classname="tests.unit.test_infra_workspace_detector.TestsFlextInfraInfraWorkspaceDetector" name="test_external_member_worktree_reads_lane_metadata" time="0.676" /><testcase classname="tests.unit.test_infra_workspace_detector.TestsFlextInfraInfraWorkspaceDetector" name="test_workspace_root_with_governed_member_is_workspace" time="0.353" /><testcase classname="tests.unit.test_infra_workspace_detector.TestsFlextInfraInfraWorkspaceDetector" name="test_malformed_parent_manifest_fails" time="0.359" /><testcase classname="tests.unit.test_infra_workspace_detector.TestsFlextInfraInfraWorkspaceDetector" name="test_external_member_worktree_inherits_governing_topology" time="0.738" /><testcase classname="tests.unit.test_infra_workspace_detector.TestsFlextInfraInfraWorkspaceDetector" name="test_independent_member_clone_is_standalone" time="0.150" /><testcase classname="tests.unit.test_infra_workspace_detector.TestsFlextInfraInfraWorkspaceDetector" name="test_declared_real_submodule_is_workspace_member" time="0.419" /><testcase classname="tests.unit.test_infra_workspace_detector.TestsFlextInfraInfraWorkspaceDetector" name="test_conform_target_member_overlay_never_promotes_beads" time="0.833" /><testcase classname="tests.unit.test_infra_workspace_detector.TestsFlextInfraInfraWorkspaceDetector" name="test_member_head_different_from_gitlink_fails_closed" time="0.252" /><testcase classname="tests.unit.test_infra_workspace_detector.TestsFlextInfraInfraWorkspaceDetector" name="test_conform_target_member_is_not_attached_standalone" time="0.638" /><testcase classname="tests.unit.test_infra_workspace_detector.TestsFlextInfraInfraWorkspaceDetector" name="test_gitmodule_branch_mismatch_fails_closed" time="0.370" /><testcase classname="tests.unit.test_infra_workspace_detector.TestsFlextInfraInfraWorkspaceDetector" name="test_manifested_repo_absent_from_catalog_loads_spec" time="0.036" /><testcase classname="tests.unit.test_infra_workspace_detector.TestsFlextInfraInfraWorkspaceDetector" name="test_feature_branch_at_gitlink_is_workspace_member" time="0.398" /></testsuite></testsuites>