================================================= test session starts ==================================================
platform linux -- Python 3.13.11, pytest-9.1.1, pluggy-1.6.0 -- /home/marlonsc/gt/flext/mayor/rig/.venv/bin/python3
cachedir: .pytest_cache
testmon: changed files: tests/unit/codegen/test_codegen_beads_ledger.py, unchanged files: 76, environment: default
Using --randomly-seed=1774090958
hypothesis profile 'default'
benchmark: 5.2.3 (defaults: timer=time.perf_counter disable_gc=False min_rounds=5 min_time=0.000005 max_time=1.0 calibration_precision=10 warmup=False warmup_iterations=100000)
rootdir: /home/marlonsc/gt/flext/mayor/rig/flext-infra
configfile: pyproject.toml
plugins: flext-tests-0.12.0rc0, sugar-1.1.1, pytest_codeblocks-0.18.0, cov-7.1.0, testmon-2.2.0, deadfixtures-3.1.0, timeout-2.4.0, env-1.7.0, xdist-3.8.0, markdown-docs-0.9.2, mock-3.15.1, randomly-4.1.0, hypothesis-6.163.0, reportlog-1.0.0, benchmark-5.2.3, clarity-1.0.1, Faker-40.36.0, anyio-4.14.2, singer-sdk-0.54.5
timeout: 10.0s
timeout method: signal
timeout func_only: False
collecting ... collected 33 items / 11 deselected / 22 selected

tests/unit/test_infra_workspace_detector.py::TestsFlextInfraInfraWorkspaceDetector::test_manifestless_repo_derives_spec_from_catalog PASSED [  4%]
tests/unit/test_infra_workspace_detector.py::TestsFlextInfraInfraWorkspaceDetector::test_detached_head_at_gitlink_is_workspace_member PASSED [  9%]
tests/unit/test_infra_workspace_detector.py::TestsFlextInfraInfraWorkspaceDetector::test_manifestless_repo_derives_its_own_identity PASSED [ 13%]
tests/unit/test_infra_workspace_detector.py::TestsFlextInfraInfraWorkspaceDetector::test_conform_target_standalone_overlay_enables_beads PASSED [ 18%]
tests/unit/test_infra_workspace_detector.py::TestsFlextInfraInfraWorkspaceDetector::test_gitmodule_url_mismatch_fails_closed PASSED [ 22%]
tests/unit/test_infra_workspace_detector.py::TestsFlextInfraInfraWorkspaceDetector::test_unknown_submodule_path_fails_closed PASSED [ 27%]
tests/unit/test_infra_workspace_detector.py::TestsFlextInfraInfraWorkspaceDetector::test_conform_target_marker_repo_is_attached_standalone PASSED [ 31%]
tests/unit/test_infra_workspace_detector.py::TestsFlextInfraInfraWorkspaceDetector::test_external_standalone_worktree_stays_standalone PASSED [ 36%]
tests/unit/test_infra_workspace_detector.py::TestsFlextInfraInfraWorkspaceDetector::test_root_without_governed_gitlinks_is_standalone PASSED [ 40%]
tests/unit/test_infra_workspace_detector.py::TestsFlextInfraInfraWorkspaceDetector::test_conform_target_member_is_not_routing_only PASSED [ 45%]
tests/unit/test_infra_workspace_detector.py::TestsFlextInfraInfraWorkspaceDetector::test_external_member_worktree_reads_lane_metadata PASSED [ 50%]
tests/unit/test_infra_workspace_detector.py::TestsFlextInfraInfraWorkspaceDetector::test_workspace_root_with_governed_member_is_workspace PASSED [ 54%]
tests/unit/test_infra_workspace_detector.py::TestsFlextInfraInfraWorkspaceDetector::test_malformed_parent_manifest_fails PASSED [ 59%]
tests/unit/test_infra_workspace_detector.py::TestsFlextInfraInfraWorkspaceDetector::test_external_member_worktree_inherits_governing_topology PASSED [ 63%]
tests/unit/test_infra_workspace_detector.py::TestsFlextInfraInfraWorkspaceDetector::test_independent_member_clone_is_standalone PASSED [ 68%]
tests/unit/test_infra_workspace_detector.py::TestsFlextInfraInfraWorkspaceDetector::test_declared_real_submodule_is_workspace_member PASSED [ 72%]
tests/unit/test_infra_workspace_detector.py::TestsFlextInfraInfraWorkspaceDetector::test_conform_target_member_overlay_never_promotes_beads PASSED [ 77%]
tests/unit/test_infra_workspace_detector.py::TestsFlextInfraInfraWorkspaceDetector::test_member_head_different_from_gitlink_fails_closed PASSED [ 81%]
tests/unit/test_infra_workspace_detector.py::TestsFlextInfraInfraWorkspaceDetector::test_conform_target_member_is_not_attached_standalone PASSED [ 86%]
tests/unit/test_infra_workspace_detector.py::TestsFlextInfraInfraWorkspaceDetector::test_gitmodule_branch_mismatch_fails_closed PASSED [ 90%]
tests/unit/test_infra_workspace_detector.py::TestsFlextInfraInfraWorkspaceDetector::test_manifested_repo_absent_from_catalog_loads_spec PASSED [ 95%]
tests/unit/test_infra_workspace_detector.py::TestsFlextInfraInfraWorkspaceDetector::test_feature_branch_at_gitlink_is_workspace_member PASSED [100%]

- generated xml file: /home/marlonsc/gt/flext/mayor/rig/flext-infra/.reports/tests/20260827T181132.228088Z-1911859/junit.xml -
================================================= slowest 25 durations =================================================
0.83s call     tests/unit/test_infra_workspace_detector.py::TestsFlextInfraInfraWorkspaceDetector::test_conform_target_member_overlay_never_promotes_beads
0.73s call     tests/unit/test_infra_workspace_detector.py::TestsFlextInfraInfraWorkspaceDetector::test_external_member_worktree_inherits_governing_topology
0.67s call     tests/unit/test_infra_workspace_detector.py::TestsFlextInfraInfraWorkspaceDetector::test_conform_target_member_is_not_routing_only
0.67s call     tests/unit/test_infra_workspace_detector.py::TestsFlextInfraInfraWorkspaceDetector::test_external_member_worktree_reads_lane_metadata
0.63s call     tests/unit/test_infra_workspace_detector.py::TestsFlextInfraInfraWorkspaceDetector::test_conform_target_member_is_not_attached_standalone
0.61s call     tests/unit/test_infra_workspace_detector.py::TestsFlextInfraInfraWorkspaceDetector::test_detached_head_at_gitlink_is_workspace_member
0.52s call     tests/unit/test_infra_workspace_detector.py::TestsFlextInfraInfraWorkspaceDetector::test_gitmodule_url_mismatch_fails_closed
0.41s call     tests/unit/test_infra_workspace_detector.py::TestsFlextInfraInfraWorkspaceDetector::test_declared_real_submodule_is_workspace_member
0.39s call     tests/unit/test_infra_workspace_detector.py::TestsFlextInfraInfraWorkspaceDetector::test_feature_branch_at_gitlink_is_workspace_member
0.39s call     tests/unit/test_infra_workspace_detector.py::TestsFlextInfraInfraWorkspaceDetector::test_conform_target_marker_repo_is_attached_standalone
0.38s call     tests/unit/test_infra_workspace_detector.py::TestsFlextInfraInfraWorkspaceDetector::test_external_standalone_worktree_stays_standalone
0.38s call     tests/unit/test_infra_workspace_detector.py::TestsFlextInfraInfraWorkspaceDetector::test_conform_target_standalone_overlay_enables_beads
0.37s call     tests/unit/test_infra_workspace_detector.py::TestsFlextInfraInfraWorkspaceDetector::test_gitmodule_branch_mismatch_fails_closed
0.36s call     tests/unit/test_infra_workspace_detector.py::TestsFlextInfraInfraWorkspaceDetector::test_unknown_submodule_path_fails_closed
0.35s call     tests/unit/test_infra_workspace_detector.py::TestsFlextInfraInfraWorkspaceDetector::test_malformed_parent_manifest_fails
0.35s call     tests/unit/test_infra_workspace_detector.py::TestsFlextInfraInfraWorkspaceDetector::test_workspace_root_with_governed_member_is_workspace
0.25s call     tests/unit/test_infra_workspace_detector.py::TestsFlextInfraInfraWorkspaceDetector::test_member_head_different_from_gitlink_fails_closed
0.14s call     tests/unit/test_infra_workspace_detector.py::TestsFlextInfraInfraWorkspaceDetector::test_independent_member_clone_is_standalone
0.14s call     tests/unit/test_infra_workspace_detector.py::TestsFlextInfraInfraWorkspaceDetector::test_manifestless_repo_derives_its_own_identity
0.12s call     tests/unit/test_infra_workspace_detector.py::TestsFlextInfraInfraWorkspaceDetector::test_manifestless_repo_derives_spec_from_catalog
0.09s setup    tests/unit/test_infra_workspace_detector.py::TestsFlextInfraInfraWorkspaceDetector::test_manifestless_repo_derives_spec_from_catalog
0.09s call     tests/unit/test_infra_workspace_detector.py::TestsFlextInfraInfraWorkspaceDetector::test_root_without_governed_gitlinks_is_standalone
0.03s call     tests/unit/test_infra_workspace_detector.py::TestsFlextInfraInfraWorkspaceDetector::test_manifested_repo_absent_from_catalog_loads_spec
0.00s teardown tests/unit/test_infra_workspace_detector.py::TestsFlextInfraInfraWorkspaceDetector::test_feature_branch_at_gitlink_is_workspace_member
0.00s setup    tests/unit/test_infra_workspace_detector.py::TestsFlextInfraInfraWorkspaceDetector::test_independent_member_clone_is_standalone
========================================== 22 passed, 11 deselected in 10.94s ==========================================
