<?xml version="1.0" encoding="utf-8"?><testsuites name="pytest tests"><testsuite name="pytest" errors="0" failures="0" skipped="0" tests="3" time="5.959" timestamp="2026-08-27T15:49:20.385235-03:00" hostname="tungs"><testcase classname="tests.unit.codegen.test_codegen_gitignore_profile_aware.TestsCodegenGitignoreProfileAware" name="test_member_gitignore_has_no_workspace_root_phantom" time="0.194" /><testcase classname="tests.unit.codegen.test_codegen_gitignore_profile_aware.TestsCodegenGitignoreProfileAware" name="test_workspace_root_gitignore_keeps_member_allowlist" time="0.036" /><testcase classname="tests.unit.codegen.test_codegen_gitignore_profile_aware.TestsCodegenGitignoreProfileAware" name="test_independent_overlay_projects_configured_mise_tool" time="3.190" /></testsuite></testsuites>