================================================= test session starts ==================================================
platform linux -- Python 3.13.11, pytest-9.1.1, pluggy-1.6.0 -- /home/marlonsc/gt/flext/mayor/rig/.venv/bin/python3
cachedir: .pytest_cache
testmon: changed files: 2, unchanged files: 113, environment: default
Using --randomly-seed=1726739013
hypothesis profile 'default'
benchmark: 5.2.3 (defaults: timer=time.perf_counter disable_gc=False min_rounds=5 min_time=0.000005 max_time=1.0 calibration_precision=10 warmup=False warmup_iterations=100000)
rootdir: /home/marlonsc/gt/flext/mayor/rig/flext-infra
configfile: pyproject.toml
plugins: flext-tests-0.12.0rc0, sugar-1.1.1, pytest_codeblocks-0.18.0, cov-7.1.0, testmon-2.2.0, deadfixtures-3.1.0, timeout-2.4.0, env-1.7.0, xdist-3.8.0, markdown-docs-0.9.2, mock-3.15.1, randomly-4.1.0, hypothesis-6.163.0, reportlog-1.0.0, benchmark-5.2.3, clarity-1.0.1, Faker-40.36.0, anyio-4.14.2, singer-sdk-0.54.5
timeout: 10.0s
timeout method: signal
timeout func_only: False
collecting ... collected 3 items

tests/unit/codegen/test_codegen_gitignore_profile_aware.py::TestsCodegenGitignoreProfileAware::test_member_gitignore_has_no_workspace_root_phantom PASSED [ 33%]
tests/unit/codegen/test_codegen_gitignore_profile_aware.py::TestsCodegenGitignoreProfileAware::test_workspace_root_gitignore_keeps_member_allowlist PASSED [ 66%]
tests/unit/codegen/test_codegen_gitignore_profile_aware.py::TestsCodegenGitignoreProfileAware::test_independent_overlay_projects_configured_mise_tool PASSED [100%]

- generated xml file: /home/marlonsc/gt/flext/mayor/rig/flext-infra/.reports/tests/20260827T184905.378737Z-2245513/junit.xml -
================================================= slowest 25 durations =================================================
3.18s call     tests/unit/codegen/test_codegen_gitignore_profile_aware.py::TestsCodegenGitignoreProfileAware::test_independent_overlay_projects_configured_mise_tool
0.11s setup    tests/unit/codegen/test_codegen_gitignore_profile_aware.py::TestsCodegenGitignoreProfileAware::test_member_gitignore_has_no_workspace_root_phantom
0.08s call     tests/unit/codegen/test_codegen_gitignore_profile_aware.py::TestsCodegenGitignoreProfileAware::test_member_gitignore_has_no_workspace_root_phantom
0.03s call     tests/unit/codegen/test_codegen_gitignore_profile_aware.py::TestsCodegenGitignoreProfileAware::test_workspace_root_gitignore_keeps_member_allowlist
0.00s setup    tests/unit/codegen/test_codegen_gitignore_profile_aware.py::TestsCodegenGitignoreProfileAware::test_independent_overlay_projects_configured_mise_tool
0.00s teardown tests/unit/codegen/test_codegen_gitignore_profile_aware.py::TestsCodegenGitignoreProfileAware::test_independent_overlay_projects_configured_mise_tool
0.00s teardown tests/unit/codegen/test_codegen_gitignore_profile_aware.py::TestsCodegenGitignoreProfileAware::test_member_gitignore_has_no_workspace_root_phantom
0.00s setup    tests/unit/codegen/test_codegen_gitignore_profile_aware.py::TestsCodegenGitignoreProfileAware::test_workspace_root_gitignore_keeps_member_allowlist
0.00s teardown tests/unit/codegen/test_codegen_gitignore_profile_aware.py::TestsCodegenGitignoreProfileAware::test_workspace_root_gitignore_keeps_member_allowlist
================================================== 3 passed in 5.98s ===================================================
