<?xml version="1.0" encoding="utf-8"?><testsuites name="pytest tests"><testsuite name="pytest" errors="0" failures="1" skipped="0" tests="1" time="1.552" timestamp="2026-08-27T15:17:35.790485-03:00" hostname="tungs"><testcase classname="tests.unit.codegen.test_codegen_beads_ledger.TestCodegenBeadsLedger" name="test_workspace_manifest_can_disable_beads_integration" time="0.103"><failure message="TypeError: TestCodegenBeadsLedger._standalone_workspace() got an unexpected keyword argument 'beads_enabled'">tests/unit/codegen/test_codegen_beads_ledger.py:670: in test_workspace_manifest_can_disable_beads_integration
    root = self._standalone_workspace(
E   TypeError: TestCodegenBeadsLedger._standalone_workspace() got an unexpected keyword argument 'beads_enabled'</failure></testcase></testsuite></testsuites>