<?xml version="1.0" encoding="utf-8"?><testsuites name="pytest tests"><testsuite name="pytest" errors="0" failures="1" skipped="0" tests="1" time="2.724" timestamp="2026-08-27T14:55:59.696938-03:00" hostname="tungs"><testcase classname="tests.unit.codegen.test_codegen_beads_ledger.TestCodegenBeadsLedger" name="test_workspace_manifest_can_disable_beads_integration" time="0.549"><failure message="AssertionError: Expected success but got failure: schema_validate failed: Additional properties are not allowed ('beads_enabled' was unexpected)&#10;&#10;Failed validating 'additionalProperties' in schema:&#10;    {'$schema': 'https://json-schema.org/draft/2020-12/schema',&#10;     '$id': 'https://github.com/flext-sh/flext-infra/schemas/workspace.schema.json',&#10;     '$comment': 'NOTE(mro-wkii.17, agent codex): strict local workspace '&#10;                 'topology SSOT.',&#10;     'title': 'FLEXT Workspace Manifest',&#10;     'type': 'object',&#10;     'additionalProperties': False,&#10;     'required': ['version', 'name', 'repository', 'members'],&#10;     'properties': {'version': {'const': 3},&#10;                    'name': {'$ref': '#/$defs/name'},&#10;                    'ledger_id': {'type': 'string',&#10;                                  'pattern': '^[a-z][a-z0-9_-]*$'},&#10;                    'ledger_prefix': {'type': 'string',&#10;                                      'pattern': '^[a-z][a-z0-9_-]*$'},&#10;                    'beads_server': {'$ref': '#/$defs/beadsServer'},&#10;                    'repository': {'$ref': '#/$defs/repository'},&#10;                    'project': {'$ref': '#/$defs/project'},&#10;                    'members': {'type': 'array',&#10;                                'uniqueItems': True,&#10;                                'items': {'$ref': '#/$defs/repository'}},&#10;                    'content_only': {'$comment': 'Vendored or content-only '&#10;                                                 'gitlinks: present in the '&#10;                                                 'tree but never managed, '&#10;                                                 'mutated, or included in '&#10;                                                 'conform fan-out.',&#10;                                     'type': 'array',&#10;                                     'uniqueItems': True,&#10;                                     'items': {'$ref': '#/$defs/relativePath'}},&#10;                    'exclusions': {'type': 'array',&#10;                                   'uniqueItems': True,&#10;                                   'items': {'$ref': '#/$defs/exclusion'}},&#10;                    'external_dependency_paths': {'type': 'array',&#10;                                                  'uniqueItems': True,&#10;                                                  'items': {'$ref': '#/$defs/relativePath'}},&#10;                    'integration': {'$ref': '#/$defs/workspaceIntegration'},&#10;                    'work': {'$ref': '#/$defs/workspaceWork'},&#10;                    'repository_policy_overlays': {'type': 'array',&#10;                                                   'uniqueItems': True,&#10;                                                   'items': {'$ref': '#/$defs/repositoryPolicyOverlay'}}},&#10;     'dependentRequired': {'ledger_prefix': ['ledger_id']},&#10;     '$defs': {'name': {'type': 'string',&#10;                        'pattern': '^[a-z0-9]+(?:-[a-z0-9]+)*$'},&#10;               'relativePath': {'type': 'string',&#10;                                'minLength': 1,&#10;                                'pattern': '^(?:\\.|[A-Za-z0-9._-]+(?:/[A-Za-z0-9._-]+)*)$',&#10;                                'not': {'pattern': '(^|/)\\.\\.(/|$)'}},&#10;               'repository': {'type': 'object',&#10;                              'additionalProperties': False,&#10;                              'required': ['name',&#10;                                           'distribution',&#10;                                           'provider',&#10;                                           'url',&#10;                                           'path',&#10;                                           'role',&#10;                                           'state',&#10;                                           'checkout',&#10;                                           'codegen',&#10;                                           'package',&#10;                                           'editable',&#10;                                           'read_only'],&#10;                              'properties': {'name': {'$ref': '#/$defs/name'},&#10;                                             'distribution': {'$ref': '#/$defs/name'},&#10;                                             'provider': {'$ref': '#/$defs/name'},&#10;                                             'url': {'type': 'string',&#10;                                                     'pattern': '^https://github\\.com/[A-Za-z0-9_.-]+/[A-Za-z0-9_.-]+\\.git$'},&#10;                                             'path': {'$ref': '#/$defs/relativePath'},&#10;                                             'role': {'enum': ['workspace-root',&#10;                                                               'workspace-member',&#10;                                                               'standalone',&#10;                                                               'excluded']},&#10;                                             'state': {'enum': ['active',&#10;                                                                'excluded']},&#10;                                             'checkout': {'enum': ['root',&#10;                                                                   'submodule',&#10;                                                                   'independent']},&#10;                                             'codegen': {'enum': ['conform',&#10;                                                                  'python',&#10;                                                                  'none']},&#10;                                             'package': {'type': 'boolean'},&#10;                                             'editable': {'type': 'boolean'},&#10;                                             'read_only': {'type': 'boolean'},&#10;                                             'uv_link_mode': {'enum': ['clone',&#10;                                                                       'copy',&#10;                                                                       'hardlink',&#10;                                                                       'symlink']},&#10;                                             'extra_verbs': {'type': 'array',&#10;                                                             'items': {'$ref': '#/$defs/makeVerb'}},&#10;                                             'script_dispatch': {'type': ['object',&#10;                                                                          'null'],&#10;                                                                 'additionalProperties': False,&#10;                                                                 'required': ['dispatcher',&#10;                                                                              'roots'],&#10;                                                                 'properties': {'dispatcher': {'$ref': '#/$defs/relativePath'},&#10;                                                                                'roots': {'type': 'array',&#10;                                                                                          'minItems': 1,&#10;                                                                                          'items': {'$ref': '#/$defs/relativePath'}}}}}},&#10;               'workspaceIntegration': {'type': 'object',&#10;                                        'additionalProperties': False,&#10;                                        'required': ['provider', 'branch'],&#10;                                        'properties': {'provider': {'$ref': '#/$defs/name'},&#10;                                                       'branch': {'type': 'string',&#10;                                                                  'minLength': 1},&#10;                                                       'organization': {'type': 'string',&#10;                                                                        'minLength': 1},&#10;                                                       'base_url': {'type': 'string',&#10;                                                                    'minLength': 1,&#10;                                                                    'pattern': '^https://github\\.com/[A-Za-z0-9_.-]+$'}}},&#10;               'beadsServer': {'type': 'object',&#10;                               'additionalProperties': False,&#10;                               'required': ['backend',&#10;                                            'mode',&#10;                                            'host',&#10;                                            'port',&#10;                                            'user',&#10;                                            'auto_commit'],&#10;                               'properties': {'backend': {'const': 'dolt'},&#10;                                              'mode': {'const': 'server'},&#10;                                              'shared_server': {'const': False,&#10;                                                                'default': False},&#10;                                              'host': {'type': 'string',&#10;                                                       'minLength': 1},&#10;                                              'port': {'const': 3307},&#10;                                              'user': {'type': 'string',&#10;                                                       'minLength': 1},&#10;                                              'auto_commit': {'enum': ['off',&#10;                                                                       'on',&#10;                                                                       'batch']}}},&#10;               'workspaceWork': {'type': 'object',&#10;                                 'additionalProperties': False,&#10;                                 'properties': {'task_kind': {'enum': ['feature',&#10;                                                                       'bugfix']},&#10;                                                'chore_kind': {'enum': ['feature',&#10;                                                                        'bugfix']}}},&#10;               'repositoryPolicyOverlay': {'type': 'object',&#10;                                           'additionalProperties': False,&#10;                                           'required': ['project',&#10;                                                        'beads_enabled',&#10;                                                        'ci_enabled'],&#10;                                           'properties': {'project': {'$ref': '#/$defs/name'},&#10;                                                          'beads_enabled': {'type': 'boolean'},&#10;                                                          'ci_enabled': {'type': 'boolean'},&#10;                                                          'ci_matrix_auto_run': {'type': 'boolean',&#10;                                                                                 'description': 'When '&#10;                                                                                                'true, '&#10;                                                                                                'projected '&#10;                                                                                                'ci-matrix '&#10;                                                                                                'also '&#10;                                                                                                'auto-runs '&#10;                                                                                                'on '&#10;                                                                                                'push '&#10;                                                                                                'to '&#10;                                                                                                'main; '&#10;                                                                                                'default '&#10;                                                                                                'false '&#10;                                                                                                'is '&#10;                                                                                                'workflow_dispatch '&#10;                                                                                                'only'},&#10;                                                          'extra_ignored_patterns': {'type': 'array',&#10;                                                                                     'uniqueItems': True,&#10;                                                                                     'items': {'type': 'string',&#10;                                                                                               'minLength': 1}},&#10;                                                          'uv_exclude_newer': {'type': 'string',&#10;                                                                               'minLength': 1,&#10;                                                                               'description': 'Project-local '&#10;                                                                                              '[tool.uv].exclude-newer '&#10;                                                                                              'cooldown. '&#10;                                                                                              'The '&#10;                                                                                              'fleet '&#10;                                                                                              'default '&#10;                                                                                              'is '&#10;                                                                                              'a '&#10;                                                                                              'rolling '&#10;                                                                                              'window, '&#10;                                                                                              'which '&#10;                                                                                              'silently '&#10;                                                                                              'ages '&#10;                                                                                              'past '&#10;                                                                                              'a '&#10;                                                                                              'security '&#10;                                                                                              'floor '&#10;                                                                                              'declared '&#10;                                                                                              'in '&#10;                                                                                              'override-dependencies '&#10;                                                                                              'and '&#10;                                                                                              'makes '&#10;                                                                                              'resolution '&#10;                                                                                              'unsatisfiable; '&#10;                                                                                              'a '&#10;                                                                                              'project '&#10;                                                                                              'carrying '&#10;                                                                                              'such '&#10;                                                                                              'a '&#10;                                                                                              'floor '&#10;                                                                                              'pins '&#10;                                                                                              'the '&#10;                                                                                              'absolute '&#10;                                                                                              'cutoff '&#10;                                                                                              'here'}}},&#10;               'makeVerb': {'type': 'object',&#10;                            'additionalProperties': False,&#10;                            'required': ['name', 'default_what', 'whats'],&#10;                            'properties': {'name': {'$ref': '#/$defs/name'},&#10;                                           'default_what': {'type': 'string',&#10;                                                            'pattern': '^[a-z0-9][a-z0-9-]*$'},&#10;                                           'whats': {'type': 'array',&#10;                                                     'minItems': 1,&#10;                                                     'uniqueItems': True,&#10;                                                     'items': {'type': 'string',&#10;                                                               'pattern': '^[a-z0-9][a-z0-9-]*$'}},&#10;                                           'apply_guarded': {'type': 'boolean'},&#10;                                           'accepts_apply': {'type': 'boolean'},&#10;                                           'apply_what': {'type': 'string',&#10;                                                          'pattern': '^[a-z0-9][a-z0-9-]*$'}}},&#10;               'project': {'type': 'object',&#10;                           'additionalProperties': False,&#10;                           'required': ['package_name',&#10;                                        'class_stem',&#10;                                        'namespace',&#10;                                        'constant_name',&#10;                                        'namespace_attribute',&#10;                                        'alias',&#10;                                        'environment_prefix',&#10;                                        'description',&#10;                                        'version',&#10;                                        'license',&#10;                                        'author_name',&#10;                                        'author_email',&#10;                                        'upstream',&#10;                                        'homepage',&#10;                                        'documentation',&#10;                                        'workspace_root_rel',&#10;                                        'year'],&#10;                           'properties': {'package_name': {'type': 'string',&#10;                                                           'pattern': '^[a-z][a-z0-9_]*$'},&#10;                                          'class_stem': {'type': 'string',&#10;                                                         'pattern': '^[A-Z][A-Za-z0-9]*$'},&#10;                                          'namespace': {'type': 'string',&#10;                                                        'pattern': '^[A-Z][A-Za-z0-9]*$'},&#10;                                          'constant_name': {'$ref': '#/$defs/name'},&#10;                                          'namespace_attribute': {'type': 'string',&#10;                                                                  'pattern': '^[a-z][a-z0-9_]*$'},&#10;                                          'alias': {'type': 'string',&#10;                                                    'pattern': '^[a-z][a-z0-9_]*$'},&#10;                                          'environment_prefix': {'type': 'string',&#10;                                                                 'pattern': '^[A-Z][A-Z0-9_]*_$'},&#10;                                          'description': {'type': 'string',&#10;                                                          'minLength': 1},&#10;                                          'version': {'type': 'string',&#10;                                                      'minLength': 1},&#10;                                          'license': {'type': 'string',&#10;                                                      'minLength': 1},&#10;                                          'author_name': {'type': 'string',&#10;                                                          'minLength': 1},&#10;                                          'author_email': {'type': 'string',&#10;                                                           'minLength': 3},&#10;                                          'upstream': {'enum': ['flext_core',&#10;                                                                'flext_cli']},&#10;                                          'inherited_facets': {'type': 'array',&#10;                                                               'items': {'type': 'string',&#10;                                                                         'pattern': '^[a-z][a-z0-9_]*$'},&#10;                                                               'uniqueItems': True,&#10;                                                               'default': []},&#10;                                          'homepage': {'type': 'string',&#10;                                                       'format': 'uri'},&#10;                                          'documentation': {'type': 'string',&#10;                                                            'format': 'uri'},&#10;                                          'workspace_root_rel': {'type': 'string',&#10;                                                                 'pattern': '^(?:\\.|\\.\\.(?:/\\.\\.)*)$'},&#10;                                          'year': {'type': 'integer',&#10;                                                   'minimum': 2025}}},&#10;               'exclusion': {'type': 'object',&#10;                             'additionalProperties': False,&#10;                             'required': ['path', 'reason'],&#10;                             'properties': {'path': {'$ref': '#/$defs/relativePath'},&#10;                                            'reason': {'type': 'string',&#10;                                                       'minLength': 1}}}}}&#10;&#10;On instance:&#10;    {'version': 3,&#10;     'name': 'flext-infra',&#10;     'beads_enabled': False,&#10;     'ledger_id': 'manual-ledger',&#10;     'ledger_prefix': 'manual-ledger',&#10;     'repository': {'name': 'flext-infra',&#10;                    'distribution': 'flext-infra',&#10;                    'url': 'https://github.com/flext-sh/flext-infra.git',&#10;                    'path': '.',&#10;                    'role': 'standalone',&#10;                    'state': 'active',&#10;                    'provider': 'flext-sh',&#10;                    'checkout': 'independent',&#10;                    'codegen': 'conform',&#10;                    'package': True,&#10;                    'editable': False,&#10;                    'read_only': False,&#10;                    'extra_verbs': []},&#10;     'members': [],&#10;     'content_only': [],&#10;     'exclusions': [],&#10;     'repository_policy_overlays': [{'project': 'flext-infra',&#10;                                     'beads_enabled': True,&#10;                                     'ci_enabled': True,&#10;                                     'ci_matrix_auto_run': False,&#10;                                     'extra_ignored_patterns': []}]}">tests/unit/codegen/test_codegen_beads_ledger.py:679: in test_workspace_manifest_can_disable_beads_integration
    plan = self._beads_plan(root)
           ^^^^^^^^^^^^^^^^^^^^^^
tests/unit/codegen/test_codegen_beads_ledger.py:119: in _beads_plan
    planned: m.Infra.CodegenPlan = tm.ok(
../flext-tests/src/flext_tests/_utilities/_matchers/_result.py:330: in ok
    return FlextTestsResultUtilitiesMixin.assert_success(result)
           ^^^^^^^^^^^^^^^^^^^^^^^^^^^^^^^^^^^^^^^^^^^^^^^^^^^^^
../flext-tests/src/flext_tests/_utilities/result.py:41: in assert_success
    raise AssertionError(
E   AssertionError: Expected success but got failure: schema_validate failed: Additional properties are not allowed ('beads_enabled' was unexpected)
E   
E   Failed validating 'additionalProperties' in schema:
E       {'$schema': 'https://json-schema.org/draft/2020-12/schema',
E        '$id': 'https://github.com/flext-sh/flext-infra/schemas/workspace.schema.json',
E        '$comment': 'NOTE(mro-wkii.17, agent codex): strict local workspace '
E                    'topology SSOT.',
E        'title': 'FLEXT Workspace Manifest',
E        'type': 'object',
E        'additionalProperties': False,
E        'required': ['version', 'name', 'repository', 'members'],
E        'properties': {'version': {'const': 3},
E                       'name': {'$ref': '#/$defs/name'},
E                       'ledger_id': {'type': 'string',
E                                     'pattern': '^[a-z][a-z0-9_-]*$'},
E                       'ledger_prefix': {'type': 'string',
E                                         'pattern': '^[a-z][a-z0-9_-]*$'},
E                       'beads_server': {'$ref': '#/$defs/beadsServer'},
E                       'repository': {'$ref': '#/$defs/repository'},
E                       'project': {'$ref': '#/$defs/project'},
E                       'members': {'type': 'array',
E                                   'uniqueItems': True,
E                                   'items': {'$ref': '#/$defs/repository'}},
E                       'content_only': {'$comment': 'Vendored or content-only '
E                                                    'gitlinks: present in the '
E                                                    'tree but never managed, '
E                                                    'mutated, or included in '
E                                                    'conform fan-out.',
E                                        'type': 'array',
E                                        'uniqueItems': True,
E                                        'items': {'$ref': '#/$defs/relativePath'}},
E                       'exclusions': {'type': 'array',
E                                      'uniqueItems': True,
E                                      'items': {'$ref': '#/$defs/exclusion'}},
E                       'external_dependency_paths': {'type': 'array',
E                                                     'uniqueItems': True,
E                                                     'items': {'$ref': '#/$defs/relativePath'}},
E                       'integration': {'$ref': '#/$defs/workspaceIntegration'},
E                       'work': {'$ref': '#/$defs/workspaceWork'},
E                       'repository_policy_overlays': {'type': 'array',
E                                                      'uniqueItems': True,
E                                                      'items': {'$ref': '#/$defs/repositoryPolicyOverlay'}}},
E        'dependentRequired': {'ledger_prefix': ['ledger_id']},
E        '$defs': {'name': {'type': 'string',
E                           'pattern': '^[a-z0-9]+(?:-[a-z0-9]+)*$'},
E                  'relativePath': {'type': 'string',
E                                   'minLength': 1,
E                                   'pattern': '^(?:\\.|[A-Za-z0-9._-]+(?:/[A-Za-z0-9._-]+)*)$',
E                                   'not': {'pattern': '(^|/)\\.\\.(/|$)'}},
E                  'repository': {'type': 'object',
E                                 'additionalProperties': False,
E                                 'required': ['name',
E                                              'distribution',
E                                              'provider',
E                                              'url',
E                                              'path',
E                                              'role',
E                                              'state',
E                                              'checkout',
E                                              'codegen',
E                                              'package',
E                                              'editable',
E                                              'read_only'],
E                                 'properties': {'name': {'$ref': '#/$defs/name'},
E                                                'distribution': {'$ref': '#/$defs/name'},
E                                                'provider': {'$ref': '#/$defs/name'},
E                                                'url': {'type': 'string',
E                                                        'pattern': '^https://github\\.com/[A-Za-z0-9_.-]+/[A-Za-z0-9_.-]+\\.git$'},
E                                                'path': {'$ref': '#/$defs/relativePath'},
E                                                'role': {'enum': ['workspace-root',
E                                                                  'workspace-member',
E                                                                  'standalone',
E                                                                  'excluded']},
E                                                'state': {'enum': ['active',
E                                                                   'excluded']},
E                                                'checkout': {'enum': ['root',
E                                                                      'submodule',
E                                                                      'independent']},
E                                                'codegen': {'enum': ['conform',
E                                                                     'python',
E                                                                     'none']},
E                                                'package': {'type': 'boolean'},
E                                                'editable': {'type': 'boolean'},
E                                                'read_only': {'type': 'boolean'},
E                                                'uv_link_mode': {'enum': ['clone',
E                                                                          'copy',
E                                                                          'hardlink',
E                                                                          'symlink']},
E                                                'extra_verbs': {'type': 'array',
E                                                                'items': {'$ref': '#/$defs/makeVerb'}},
E                                                'script_dispatch': {'type': ['object',
E                                                                             'null'],
E                                                                    'additionalProperties': False,
E                                                                    'required': ['dispatcher',
E                                                                                 'roots'],
E                                                                    'properties': {'dispatcher': {'$ref': '#/$defs/relativePath'},
E                                                                                   'roots': {'type': 'array',
E                                                                                             'minItems': 1,
E                                                                                             'items': {'$ref': '#/$defs/relativePath'}}}}}},
E                  'workspaceIntegration': {'type': 'object',
E                                           'additionalProperties': False,
E                                           'required': ['provider', 'branch'],
E                                           'properties': {'provider': {'$ref': '#/$defs/name'},
E                                                          'branch': {'type': 'string',
E                                                                     'minLength': 1},
E                                                          'organization': {'type': 'string',
E                                                                           'minLength': 1},
E                                                          'base_url': {'type': 'string',
E                                                                       'minLength': 1,
E                                                                       'pattern': '^https://github\\.com/[A-Za-z0-9_.-]+$'}}},
E                  'beadsServer': {'type': 'object',
E                                  'additionalProperties': False,
E                                  'required': ['backend',
E                                               'mode',
E                                               'host',
E                                               'port',
E                                               'user',
E                                               'auto_commit'],
E                                  'properties': {'backend': {'const': 'dolt'},
E                                                 'mode': {'const': 'server'},
E                                                 'shared_server': {'const': False,
E                                                                   'default': False},
E                                                 'host': {'type': 'string',
E                                                          'minLength': 1},
E                                                 'port': {'const': 3307},
E                                                 'user': {'type': 'string',
E                                                          'minLength': 1},
E                                                 'auto_commit': {'enum': ['off',
E                                                                          'on',
E                                                                          'batch']}}},
E                  'workspaceWork': {'type': 'object',
E                                    'additionalProperties': False,
E                                    'properties': {'task_kind': {'enum': ['feature',
E                                                                          'bugfix']},
E                                                   'chore_kind': {'enum': ['feature',
E                                                                           'bugfix']}}},
E                  'repositoryPolicyOverlay': {'type': 'object',
E                                              'additionalProperties': False,
E                                              'required': ['project',
E                                                           'beads_enabled',
E                                                           'ci_enabled'],
E                                              'properties': {'project': {'$ref': '#/$defs/name'},
E                                                             'beads_enabled': {'type': 'boolean'},
E                                                             'ci_enabled': {'type': 'boolean'},
E                                                             'ci_matrix_auto_run': {'type': 'boolean',
E                                                                                    'description': 'When '
E                                                                                                   'true, '
E                                                                                                   'projected '
E                                                                                                   'ci-matrix '
E                                                                                                   'also '
E                                                                                                   'auto-runs '
E                                                                                                   'on '
E                                                                                                   'push '
E                                                                                                   'to '
E                                                                                                   'main; '
E                                                                                                   'default '
E                                                                                                   'false '
E                                                                                                   'is '
E                                                                                                   'workflow_dispatch '
E                                                                                                   'only'},
E                                                             'extra_ignored_patterns': {'type': 'array',
E                                                                                        'uniqueItems': True,
E                                                                                        'items': {'type': 'string',
E                                                                                                  'minLength': 1}},
E                                                             'uv_exclude_newer': {'type': 'string',
E                                                                                  'minLength': 1,
E                                                                                  'description': 'Project-local '
E                                                                                                 '[tool.uv].exclude-newer '
E                                                                                                 'cooldown. '
E                                                                                                 'The '
E                                                                                                 'fleet '
E                                                                                                 'default '
E                                                                                                 'is '
E                                                                                                 'a '
E                                                                                                 'rolling '
E                                                                                                 'window, '
E                                                                                                 'which '
E                                                                                                 'silently '
E                                                                                                 'ages '
E                                                                                                 'past '
E                                                                                                 'a '
E                                                                                                 'security '
E                                                                                                 'floor '
E                                                                                                 'declared '
E                                                                                                 'in '
E                                                                                                 'override-dependencies '
E                                                                                                 'and '
E                                                                                                 'makes '
E                                                                                                 'resolution '
E                                                                                                 'unsatisfiable; '
E                                                                                                 'a '
E                                                                                                 'project '
E                                                                                                 'carrying '
E                                                                                                 'such '
E                                                                                                 'a '
E                                                                                                 'floor '
E                                                                                                 'pins '
E                                                                                                 'the '
E                                                                                                 'absolute '
E                                                                                                 'cutoff '
E                                                                                                 'here'}}},
E                  'makeVerb': {'type': 'object',
E                               'additionalProperties': False,
E                               'required': ['name', 'default_what', 'whats'],
E                               'properties': {'name': {'$ref': '#/$defs/name'},
E                                              'default_what': {'type': 'string',
E                                                               'pattern': '^[a-z0-9][a-z0-9-]*$'},
E                                              'whats': {'type': 'array',
E                                                        'minItems': 1,
E                                                        'uniqueItems': True,
E                                                        'items': {'type': 'string',
E                                                                  'pattern': '^[a-z0-9][a-z0-9-]*$'}},
E                                              'apply_guarded': {'type': 'boolean'},
E                                              'accepts_apply': {'type': 'boolean'},
E                                              'apply_what': {'type': 'string',
E                                                             'pattern': '^[a-z0-9][a-z0-9-]*$'}}},
E                  'project': {'type': 'object',
E                              'additionalProperties': False,
E                              'required': ['package_name',
E                                           'class_stem',
E                                           'namespace',
E                                           'constant_name',
E                                           'namespace_attribute',
E                                           'alias',
E                                           'environment_prefix',
E                                           'description',
E                                           'version',
E                                           'license',
E                                           'author_name',
E                                           'author_email',
E                                           'upstream',
E                                           'homepage',
E                                           'documentation',
E                                           'workspace_root_rel',
E                                           'year'],
E                              'properties': {'package_name': {'type': 'string',
E                                                              'pattern': '^[a-z][a-z0-9_]*$'},
E                                             'class_stem': {'type': 'string',
E                                                            'pattern': '^[A-Z][A-Za-z0-9]*$'},
E                                             'namespace': {'type': 'string',
E                                                           'pattern': '^[A-Z][A-Za-z0-9]*$'},
E                                             'constant_name': {'$ref': '#/$defs/name'},
E                                             'namespace_attribute': {'type': 'string',
E                                                                     'pattern': '^[a-z][a-z0-9_]*$'},
E                                             'alias': {'type': 'string',
E                                                       'pattern': '^[a-z][a-z0-9_]*$'},
E                                             'environment_prefix': {'type': 'string',
E                                                                    'pattern': '^[A-Z][A-Z0-9_]*_$'},
E                                             'description': {'type': 'string',
E                                                             'minLength': 1},
E                                             'version': {'type': 'string',
E                                                         'minLength': 1},
E                                             'license': {'type': 'string',
E                                                         'minLength': 1},
E                                             'author_name': {'type': 'string',
E                                                             'minLength': 1},
E                                             'author_email': {'type': 'string',
E                                                              'minLength': 3},
E                                             'upstream': {'enum': ['flext_core',
E                                                                   'flext_cli']},
E                                             'inherited_facets': {'type': 'array',
E                                                                  'items': {'type': 'string',
E                                                                            'pattern': '^[a-z][a-z0-9_]*$'},
E                                                                  'uniqueItems': True,
E                                                                  'default': []},
E                                             'homepage': {'type': 'string',
E                                                          'format': 'uri'},
E                                             'documentation': {'type': 'string',
E                                                               'format': 'uri'},
E                                             'workspace_root_rel': {'type': 'string',
E                                                                    'pattern': '^(?:\\.|\\.\\.(?:/\\.\\.)*)$'},
E                                             'year': {'type': 'integer',
E                                                      'minimum': 2025}}},
E                  'exclusion': {'type': 'object',
E                                'additionalProperties': False,
E                                'required': ['path', 'reason'],
E                                'properties': {'path': {'$ref': '#/$defs/relativePath'},
E                                               'reason': {'type': 'string',
E                                                          'minLength': 1}}}}}
E   
E   On instance:
E       {'version': 3,
E        'name': 'flext-infra',
E        'beads_enabled': False,
E        'ledger_id': 'manual-ledger',
E        'ledger_prefix': 'manual-ledger',
E        'repository': {'name': 'flext-infra',
E                       'distribution': 'flext-infra',
E                       'url': 'https://github.com/flext-sh/flext-infra.git',
E                       'path': '.',
E                       'role': 'standalone',
E                       'state': 'active',
E                       'provider': 'flext-sh',
E                       'checkout': 'independent',
E                       'codegen': 'conform',
E                       'package': True,
E                       'editable': False,
E                       'read_only': False,
E                       'extra_verbs': []},
E        'members': [],
E        'content_only': [],
E        'exclusions': [],
E        'repository_policy_overlays': [{'project': 'flext-infra',
E                                        'beads_enabled': True,
E                                        'ci_enabled': True,
E                                        'ci_matrix_auto_run': False,
E                                        'extra_ignored_patterns': []}]}</failure></testcase></testsuite></testsuites>