================================================= test session starts ==================================================
platform linux -- Python 3.13.11, pytest-9.1.1, pluggy-1.6.0 -- /home/marlonsc/gt/flext/mayor/rig/.venv/bin/python3
cachedir: .pytest_cache
testmon: selection automatically deactivated because -k was used, environment: default
Using --randomly-seed=2947358139
hypothesis profile 'default'
benchmark: 5.2.3 (defaults: timer=time.perf_counter disable_gc=False min_rounds=5 min_time=0.000005 max_time=1.0 calibration_precision=10 warmup=False warmup_iterations=100000)
rootdir: /home/marlonsc/gt/flext/mayor/rig/flext-infra
configfile: pyproject.toml
plugins: flext-tests-0.12.0rc0, sugar-1.1.1, pytest_codeblocks-0.18.0, cov-7.1.0, testmon-2.2.0, deadfixtures-3.1.0, timeout-2.4.0, env-1.7.0, xdist-3.8.0, markdown-docs-0.9.2, mock-3.15.1, randomly-4.1.0, hypothesis-6.163.0, reportlog-1.0.0, benchmark-5.2.3, clarity-1.0.1, Faker-40.36.0, anyio-4.14.2, singer-sdk-0.54.5
timeout: 10.0s
timeout method: signal
timeout func_only: False
collecting ... collected 21 items / 20 deselected / 1 selected

tests/unit/codegen/test_codegen_beads_ledger.py::TestCodegenBeadsLedger::test_workspace_manifest_can_disable_beads_integration FAILED [100%]

======================================================= FAILURES =======================================================
_____________________ TestCodegenBeadsLedger.test_workspace_manifest_can_disable_beads_integration _____________________
tests/unit/codegen/test_codegen_beads_ledger.py:679: in test_workspace_manifest_can_disable_beads_integration
    plan = self._beads_plan(root)
           ^^^^^^^^^^^^^^^^^^^^^^
tests/unit/codegen/test_codegen_beads_ledger.py:119: in _beads_plan
    planned: m.Infra.CodegenPlan = tm.ok(
../flext-tests/src/flext_tests/_utilities/_matchers/_result.py:330: in ok
    return FlextTestsResultUtilitiesMixin.assert_success(result)
           ^^^^^^^^^^^^^^^^^^^^^^^^^^^^^^^^^^^^^^^^^^^^^^^^^^^^^
../flext-tests/src/flext_tests/_utilities/result.py:41: in assert_success
    raise AssertionError(
E   AssertionError: Expected success but got failure: schema_validate failed: Additional properties are not allowed ('beads_enabled' was unexpected)
E   
E   Failed validating 'additionalProperties' in schema:
E       {'$schema': 'https://json-schema.org/draft/2020-12/schema',
E        '$id': 'https://github.com/flext-sh/flext-infra/schemas/workspace.schema.json',
E        '$comment': 'NOTE(mro-wkii.17, agent codex): strict local workspace '
E                    'topology SSOT.',
E        'title': 'FLEXT Workspace Manifest',
E        'type': 'object',
E        'additionalProperties': False,
E        'required': ['version', 'name', 'repository', 'members'],
E        'properties': {'version': {'const': 3},
E                       'name': {'$ref': '#/$defs/name'},
E                       'ledger_id': {'type': 'string',
E                                     'pattern': '^[a-z][a-z0-9_-]*$'},
E                       'ledger_prefix': {'type': 'string',
E                                         'pattern': '^[a-z][a-z0-9_-]*$'},
E                       'beads_server': {'$ref': '#/$defs/beadsServer'},
E                       'repository': {'$ref': '#/$defs/repository'},
E                       'project': {'$ref': '#/$defs/project'},
E                       'members': {'type': 'array',
E                                   'uniqueItems': True,
E                                   'items': {'$ref': '#/$defs/repository'}},
E                       'content_only': {'$comment': 'Vendored or content-only '
E                                                    'gitlinks: present in the '
E                                                    'tree but never managed, '
E                                                    'mutated, or included in '
E                                                    'conform fan-out.',
E                                        'type': 'array',
E                                        'uniqueItems': True,
E                                        'items': {'$ref': '#/$defs/relativePath'}},
E                       'exclusions': {'type': 'array',
E                                      'uniqueItems': True,
E                                      'items': {'$ref': '#/$defs/exclusion'}},
E                       'external_dependency_paths': {'type': 'array',
E                                                     'uniqueItems': True,
E                                                     'items': {'$ref': '#/$defs/relativePath'}},
E                       'integration': {'$ref': '#/$defs/workspaceIntegration'},
E                       'work': {'$ref': '#/$defs/workspaceWork'},
E                       'repository_policy_overlays': {'type': 'array',
E                                                      'uniqueItems': True,
E                                                      'items': {'$ref': '#/$defs/repositoryPolicyOverlay'}}},
E        'dependentRequired': {'ledger_prefix': ['ledger_id']},
E        '$defs': {'name': {'type': 'string',
E                           'pattern': '^[a-z0-9]+(?:-[a-z0-9]+)*$'},
E                  'relativePath': {'type': 'string',
E                                   'minLength': 1,
E                                   'pattern': '^(?:\\.|[A-Za-z0-9._-]+(?:/[A-Za-z0-9._-]+)*)$',
E                                   'not': {'pattern': '(^|/)\\.\\.(/|$)'}},
E                  'repository': {'type': 'object',
E                                 'additionalProperties': False,
E                                 'required': ['name',
E                                              'distribution',
E                                              'provider',
E                                              'url',
E                                              'path',
E                                              'role',
E                                              'state',
E                                              'checkout',
E                                              'codegen',
E                                              'package',
E                                              'editable',
E                                              'read_only'],
E                                 'properties': {'name': {'$ref': '#/$defs/name'},
E                                                'distribution': {'$ref': '#/$defs/name'},
E                                                'provider': {'$ref': '#/$defs/name'},
E                                                'url': {'type': 'string',
E                                                        'pattern': '^https://github\\.com/[A-Za-z0-9_.-]+/[A-Za-z0-9_.-]+\\.git$'},
E                                                'path': {'$ref': '#/$defs/relativePath'},
E                                                'role': {'enum': ['workspace-root',
E                                                                  'workspace-member',
E                                                                  'standalone',
E                                                                  'excluded']},
E                                                'state': {'enum': ['active',
E                                                                   'excluded']},
E                                                'checkout': {'enum': ['root',
E                                                                      'submodule',
E                                                                      'independent']},
E                                                'codegen': {'enum': ['conform',
E                                                                     'python',
E                                                                     'none']},
E                                                'package': {'type': 'boolean'},
E                                                'editable': {'type': 'boolean'},
E                                                'read_only': {'type': 'boolean'},
E                                                'uv_link_mode': {'enum': ['clone',
E                                                                          'copy',
E                                                                          'hardlink',
E                                                                          'symlink']},
E                                                'extra_verbs': {'type': 'array',
E                                                                'items': {'$ref': '#/$defs/makeVerb'}},
E                                                'script_dispatch': {'type': ['object',
E                                                                             'null'],
E                                                                    'additionalProperties': False,
E                                                                    'required': ['dispatcher',
E                                                                                 'roots'],
E                                                                    'properties': {'dispatcher': {'$ref': '#/$defs/relativePath'},
E                                                                                   'roots': {'type': 'array',
E                                                                                             'minItems': 1,
E                                                                                             'items': {'$ref': '#/$defs/relativePath'}}}}}},
E                  'workspaceIntegration': {'type': 'object',
E                                           'additionalProperties': False,
E                                           'required': ['provider', 'branch'],
E                                           'properties': {'provider': {'$ref': '#/$defs/name'},
E                                                          'branch': {'type': 'string',
E                                                                     'minLength': 1},
E                                                          'organization': {'type': 'string',
E                                                                           'minLength': 1},
E                                                          'base_url': {'type': 'string',
E                                                                       'minLength': 1,
E                                                                       'pattern': '^https://github\\.com/[A-Za-z0-9_.-]+$'}}},
E                  'beadsServer': {'type': 'object',
E                                  'additionalProperties': False,
E                                  'required': ['backend',
E                                               'mode',
E                                               'host',
E                                               'port',
E                                               'user',
E                                               'auto_commit'],
E                                  'properties': {'backend': {'const': 'dolt'},
E                                                 'mode': {'const': 'server'},
E                                                 'shared_server': {'const': False,
E                                                                   'default': False},
E                                                 'host': {'type': 'string',
E                                                          'minLength': 1},
E                                                 'port': {'const': 3307},
E                                                 'user': {'type': 'string',
E                                                          'minLength': 1},
E                                                 'auto_commit': {'enum': ['off',
E                                                                          'on',
E                                                                          'batch']}}},
E                  'workspaceWork': {'type': 'object',
E                                    'additionalProperties': False,
E                                    'properties': {'task_kind': {'enum': ['feature',
E                                                                          'bugfix']},
E                                                   'chore_kind': {'enum': ['feature',
E                                                                           'bugfix']}}},
E                  'repositoryPolicyOverlay': {'type': 'object',
E                                              'additionalProperties': False,
E                                              'required': ['project',
E                                                           'beads_enabled',
E                                                           'ci_enabled'],
E                                              'properties': {'project': {'$ref': '#/$defs/name'},
E                                                             'beads_enabled': {'type': 'boolean'},
E                                                             'ci_enabled': {'type': 'boolean'},
E                                                             'ci_matrix_auto_run': {'type': 'boolean',
E                                                                                    'description': 'When '
E                                                                                                   'true, '
E                                                                                                   'projected '
E                                                                                                   'ci-matrix '
E                                                                                                   'also '
E                                                                                                   'auto-runs '
E                                                                                                   'on '
E                                                                                                   'push '
E                                                                                                   'to '
E                                                                                                   'main; '
E                                                                                                   'default '
E                                                                                                   'false '
E                                                                                                   'is '
E                                                                                                   'workflow_dispatch '
E                                                                                                   'only'},
E                                                             'extra_ignored_patterns': {'type': 'array',
E                                                                                        'uniqueItems': True,
E                                                                                        'items': {'type': 'string',
E                                                                                                  'minLength': 1}},
E                                                             'uv_exclude_newer': {'type': 'string',
E                                                                                  'minLength': 1,
E                                                                                  'description': 'Project-local '
E                                                                                                 '[tool.uv].exclude-newer '
E                                                                                                 'cooldown. '
E                                                                                                 'The '
E                                                                                                 'fleet '
E                                                                                                 'default '
E                                                                                                 'is '
E                                                                                                 'a '
E                                                                                                 'rolling '
E                                                                                                 'window, '
E                                                                                                 'which '
E                                                                                                 'silently '
E                                                                                                 'ages '
E                                                                                                 'past '
E                                                                                                 'a '
E                                                                                                 'security '
E                                                                                                 'floor '
E                                                                                                 'declared '
E                                                                                                 'in '
E                                                                                                 'override-dependencies '
E                                                                                                 'and '
E                                                                                                 'makes '
E                                                                                                 'resolution '
E                                                                                                 'unsatisfiable; '
E                                                                                                 'a '
E                                                                                                 'project '
E                                                                                                 'carrying '
E                                                                                                 'such '
E                                                                                                 'a '
E                                                                                                 'floor '
E                                                                                                 'pins '
E                                                                                                 'the '
E                                                                                                 'absolute '
E                                                                                                 'cutoff '
E                                                                                                 'here'}}},
E                  'makeVerb': {'type': 'object',
E                               'additionalProperties': False,
E                               'required': ['name', 'default_what', 'whats'],
E                               'properties': {'name': {'$ref': '#/$defs/name'},
E                                              'default_what': {'type': 'string',
E                                                               'pattern': '^[a-z0-9][a-z0-9-]*$'},
E                                              'whats': {'type': 'array',
E                                                        'minItems': 1,
E                                                        'uniqueItems': True,
E                                                        'items': {'type': 'string',
E                                                                  'pattern': '^[a-z0-9][a-z0-9-]*$'}},
E                                              'apply_guarded': {'type': 'boolean'},
E                                              'accepts_apply': {'type': 'boolean'},
E                                              'apply_what': {'type': 'string',
E                                                             'pattern': '^[a-z0-9][a-z0-9-]*$'}}},
E                  'project': {'type': 'object',
E                              'additionalProperties': False,
E                              'required': ['package_name',
E                                           'class_stem',
E                                           'namespace',
E                                           'constant_name',
E                                           'namespace_attribute',
E                                           'alias',
E                                           'environment_prefix',
E                                           'description',
E                                           'version',
E                                           'license',
E                                           'author_name',
E                                           'author_email',
E                                           'upstream',
E                                           'homepage',
E                                           'documentation',
E                                           'workspace_root_rel',
E                                           'year'],
E                              'properties': {'package_name': {'type': 'string',
E                                                              'pattern': '^[a-z][a-z0-9_]*$'},
E                                             'class_stem': {'type': 'string',
E                                                            'pattern': '^[A-Z][A-Za-z0-9]*$'},
E                                             'namespace': {'type': 'string',
E                                                           'pattern': '^[A-Z][A-Za-z0-9]*$'},
E                                             'constant_name': {'$ref': '#/$defs/name'},
E                                             'namespace_attribute': {'type': 'string',
E                                                                     'pattern': '^[a-z][a-z0-9_]*$'},
E                                             'alias': {'type': 'string',
E                                                       'pattern': '^[a-z][a-z0-9_]*$'},
E                                             'environment_prefix': {'type': 'string',
E                                                                    'pattern': '^[A-Z][A-Z0-9_]*_$'},
E                                             'description': {'type': 'string',
E                                                             'minLength': 1},
E                                             'version': {'type': 'string',
E                                                         'minLength': 1},
E                                             'license': {'type': 'string',
E                                                         'minLength': 1},
E                                             'author_name': {'type': 'string',
E                                                             'minLength': 1},
E                                             'author_email': {'type': 'string',
E                                                              'minLength': 3},
E                                             'upstream': {'enum': ['flext_core',
E                                                                   'flext_cli']},
E                                             'inherited_facets': {'type': 'array',
E                                                                  'items': {'type': 'string',
E                                                                            'pattern': '^[a-z][a-z0-9_]*$'},
E                                                                  'uniqueItems': True,
E                                                                  'default': []},
E                                             'homepage': {'type': 'string',
E                                                          'format': 'uri'},
E                                             'documentation': {'type': 'string',
E                                                               'format': 'uri'},
E                                             'workspace_root_rel': {'type': 'string',
E                                                                    'pattern': '^(?:\\.|\\.\\.(?:/\\.\\.)*)$'},
E                                             'year': {'type': 'integer',
E                                                      'minimum': 2025}}},
E                  'exclusion': {'type': 'object',
E                                'additionalProperties': False,
E                                'required': ['path', 'reason'],
E                                'properties': {'path': {'$ref': '#/$defs/relativePath'},
E                                               'reason': {'type': 'string',
E                                                          'minLength': 1}}}}}
E   
E   On instance:
E       {'version': 3,
E        'name': 'flext-infra',
E        'beads_enabled': False,
E        'ledger_id': 'manual-ledger',
E        'ledger_prefix': 'manual-ledger',
E        'repository': {'name': 'flext-infra',
E                       'distribution': 'flext-infra',
E                       'url': 'https://github.com/flext-sh/flext-infra.git',
E                       'path': '.',
E                       'role': 'standalone',
E                       'state': 'active',
E                       'provider': 'flext-sh',
E                       'checkout': 'independent',
E                       'codegen': 'conform',
E                       'package': True,
E                       'editable': False,
E                       'read_only': False,
E                       'extra_verbs': []},
E        'members': [],
E        'content_only': [],
E        'exclusions': [],
E        'repository_policy_overlays': [{'project': 'flext-infra',
E                                        'beads_enabled': True,
E                                        'ci_enabled': True,
E                                        'ci_matrix_auto_run': False,
E                                        'extra_ignored_patterns': []}]}
- generated xml file: /home/marlonsc/gt/flext/mayor/rig/flext-infra/.reports/tests/20260827T175546.945870Z-1831684/junit.xml -
================================================= slowest 25 durations =================================================
0.45s call     tests/unit/codegen/test_codegen_beads_ledger.py::TestCodegenBeadsLedger::test_workspace_manifest_can_disable_beads_integration
0.10s setup    tests/unit/codegen/test_codegen_beads_ledger.py::TestCodegenBeadsLedger::test_workspace_manifest_can_disable_beads_integration
0.01s teardown tests/unit/codegen/test_codegen_beads_ledger.py::TestCodegenBeadsLedger::test_workspace_manifest_can_disable_beads_integration
=============================================== short test summary info ================================================
FAILED tests/unit/codegen/test_codegen_beads_ledger.py::TestCodegenBeadsLedger::test_workspace_manifest_can_disable_beads_integration
=========================================== 1 failed, 20 deselected in 2.72s ===========================================
