<?xml version="1.0" encoding="utf-8"?><testsuites name="pytest tests"><testsuite name="pytest" errors="0" failures="3" skipped="0" tests="12" time="10.052" timestamp="2026-08-27T15:29:20.500029-03:00" hostname="tungs"><testcase classname="tests.unit.codegen.test_codegen_catalog_extensions.TestsCodegenCatalogExtensions" name="test_bootstrap_toolchain_uses_immutable_release_selectors" time="0.185"><failure message="AssertionError: Assertion failed: 2 did not satisfy constraints">tests/unit/codegen/test_codegen_catalog_extensions.py:65: in test_bootstrap_toolchain_uses_immutable_release_selectors
    tm.that(len(mise_parts), eq=3)
../flext-tests/src/flext_tests/_utilities/_matchers/_that.py:711: in that
    cls._validate_scalar(subject_payload, params, raw_eq, raw_ne, kwargs)
../flext-tests/src/flext_tests/_utilities/_matchers/_that.py:296: in _validate_scalar
    raise AssertionError(
E   AssertionError: Assertion failed: 2 did not satisfy constraints</failure></testcase><testcase classname="tests.unit.codegen.test_codegen_catalog_extensions.TestsCodegenCatalogExtensions" name="test_setup_provisions_only_and_gen_owns_conformance" time="0.006" /><testcase classname="tests.unit.codegen.test_codegen_catalog_extensions.TestsCodegenCatalogExtensions" name="test_beads_gate_compares_the_binary_reported_version" time="0.005"><failure message="AssertionError: Assertion failed: 'github:gastownhall/beads' did not satisfy constraints">tests/unit/codegen/test_codegen_catalog_extensions.py:87: in test_beads_gate_compares_the_binary_reported_version
    tm.that(beads.selector, eq="go:github.com/steveyegge/beads/cmd/bd")
../flext-tests/src/flext_tests/_utilities/_matchers/_that.py:711: in that
    cls._validate_scalar(subject_payload, params, raw_eq, raw_ne, kwargs)
../flext-tests/src/flext_tests/_utilities/_matchers/_that.py:296: in _validate_scalar
    raise AssertionError(
E   AssertionError: Assertion failed: 'github:gastownhall/beads' did not satisfy constraints</failure></testcase><testcase classname="tests.unit.codegen.test_codegen_catalog_extensions.TestsCodegenCatalogExtensions" name="test_local_manifest_conforms_without_global_repository_rows" time="7.078"><failure message="KeyError: 'go:github.com/steveyegge/beads/cmd/bd'">tests/unit/codegen/test_codegen_catalog_extensions.py:540: in test_local_manifest_conforms_without_global_repository_rows
    mise["tools"]["go:github.com/steveyegge/beads/cmd/bd"],
    ^^^^^^^^^^^^^^^^^^^^^^^^^^^^^^^^^^^^^^^^^^^^^^^^^^^^^^
E   KeyError: 'go:github.com/steveyegge/beads/cmd/bd'</failure></testcase><testcase classname="tests.unit.codegen.test_codegen_catalog_extensions.TestsCodegenCatalogExtensions" name="test_conform_has_no_global_workspace_catalog_validator" time="0.005" /><testcase classname="tests.unit.codegen.test_codegen_catalog_extensions.TestsCodegenCatalogExtensions" name="test_github_actions_ci_skips_the_beads_lifecycle" time="0.007" /><testcase classname="tests.unit.codegen.test_codegen_catalog_extensions.TestsCodegenCatalogExtensions" name="test_beads_plan_declares_the_ledger_root_it_owns" time="0.007" /><testcase classname="tests.unit.codegen.test_codegen_catalog_extensions.TestsCodegenCatalogExtensions" name="test_mise_tool_spec_requires_the_reported_version" time="0.004" /><testcase classname="tests.unit.codegen.test_codegen_catalog_extensions.TestsCodegenCatalogExtensions" name="test_beads_tracker_declaration_is_a_validated_model" time="0.041" /><testcase classname="tests.unit.codegen.test_codegen_catalog_extensions.TestsCodegenCatalogExtensions" name="test_transaction_worktrees_skip_the_beads_lifecycle" time="0.020" /><testcase classname="tests.unit.codegen.test_codegen_catalog_extensions.TestsCodegenCatalogExtensions" name="test_codegen_composes_project_mise_tools_through_toml" time="0.036" /><testcase classname="tests.unit.codegen.test_codegen_catalog_extensions.TestsCodegenCatalogExtensions" name="test_beads_toolchain_uses_an_immutable_release_selector" time="0.006" /></testsuite></testsuites>