================================================= test session starts ==================================================
platform linux -- Python 3.13.11, pytest-9.1.1, pluggy-1.6.0 -- /home/marlonsc/gt/flext/mayor/rig/.venv/bin/python3
cachedir: .pytest_cache
testmon: selection automatically deactivated because you selected tests manually, environment: default
Using --randomly-seed=3115368077
hypothesis profile 'default'
benchmark: 5.2.3 (defaults: timer=time.perf_counter disable_gc=False min_rounds=5 min_time=0.000005 max_time=1.0 calibration_precision=10 warmup=False warmup_iterations=100000)
rootdir: /home/marlonsc/gt/flext/mayor/rig/flext-infra
configfile: pyproject.toml
plugins: flext-tests-0.12.0rc0, sugar-1.1.1, pytest_codeblocks-0.18.0, cov-7.1.0, testmon-2.2.0, deadfixtures-3.1.0, timeout-2.4.0, env-1.7.0, xdist-3.8.0, markdown-docs-0.9.2, mock-3.15.1, randomly-4.1.0, hypothesis-6.163.0, reportlog-1.0.0, benchmark-5.2.3, clarity-1.0.1, Faker-40.36.0, anyio-4.14.2, singer-sdk-0.54.5
timeout: 10.0s
timeout method: signal
timeout func_only: False
collecting ... collected 1 item

tests/unit/codegen/test_codegen_catalog_extensions.py::TestsCodegenCatalogExtensions::test_local_manifest_conforms_without_global_repository_rows FAILED [100%]

======================================================= FAILURES =======================================================
______________ TestsCodegenCatalogExtensions.test_local_manifest_conforms_without_global_repository_rows _______________
tests/unit/codegen/test_codegen_catalog_extensions.py:522: in test_local_manifest_conforms_without_global_repository_rows
    mise["tools"]["go:github.com/steveyegge/beads/cmd/bd"],
    ^^^^^^^^^^^^^^^^^^^^^^^^^^^^^^^^^^^^^^^^^^^^^^^^^^^^^^
E   KeyError: 'go:github.com/steveyegge/beads/cmd/bd'
------------------------------------------------- Captured stdout call -------------------------------------------------
INFO: stage=plan repositories=2
[1/2] acme-platform conform ...
  [OK] conform  acme-platform            5.34s
[2/2] acme-charts conform ...
INFO:   stage=pyproject repository=acme-charts
INFO:   stage=templates repository=acme-charts
  template base/.github/ci-template/ci.yml.j2 -> .github/ci-template/ci.yml
  template base/.github/copilot-instructions.md.j2 -> .github/copilot-instructions.md
  template base/.github/dependabot.yml.j2 -> .github/dependabot.yml
  template base/.github/prompts/flext-aggressive-scale-refactor.prompt.md.j2 -> .github/prompts/flext-aggressive-scale-refactor.prompt.md
  template base/.github/prompts/flext-strict-jsonvalue-session-continuation.prompt.md.j2 -> .github/prompts/flext-strict-jsonvalue-session-continuation.prompt.md
  template base/.github/scripts/check-beads-policy.sh.j2 -> .github/scripts/check-beads-policy.sh
  template base/.github/scripts/check-cqrs-compliance.sh.j2 -> .github/scripts/check-cqrs-compliance.sh
  template base/.github/scripts/flext-law-loop.sh.j2 -> .github/scripts/flext-law-loop.sh
  template base/.github/scripts/install-git-hooks.sh.j2 -> .github/scripts/install-git-hooks.sh
  template base/tests/fixtures/ci/docker/alpine.Dockerfile.j2 -> tests/fixtures/ci/docker/alpine.Dockerfile
  template base/tests/fixtures/ci/docker/arch.Dockerfile.j2 -> tests/fixtures/ci/docker/arch.Dockerfile
  template base/tests/fixtures/ci/docker/debian.Dockerfile.j2 -> tests/fixtures/ci/docker/debian.Dockerfile
  template base/tests/fixtures/ci/docker/fedora.Dockerfile.j2 -> tests/fixtures/ci/docker/fedora.Dockerfile
  template base/tests/fixtures/ci/docker/ubuntu.Dockerfile.j2 -> tests/fixtures/ci/docker/ubuntu.Dockerfile
  template base/.github/workflows/ci-matrix.yml.j2 -> .github/workflows/ci-matrix.yml
  template base/.github/workflows/ci.yml.j2 -> .github/workflows/ci.yml
  template base/.github/workflows/docs.yml.j2 -> .github/workflows/docs.yml
  template base/.github/workflows/release.yml.j2 -> .github/workflows/release.yml
  template base/env.example.j2 -> .env.example
  template base/.envrc.j2 -> .envrc
  template base/sgconfig.yml.j2 -> sgconfig.yml
  template base/gitignore.j2 -> .gitignore
  template base/gitmodules.j2 -> .gitmodules
  template base/.mise.toml.j2 -> .mise.toml
  template base/.pre-commit-config.yaml.j2 -> .pre-commit-config.yaml
  template base/python-version.j2 -> .python-version
  template base/LICENSE.j2 -> LICENSE
  template base/Makefile.j2 -> Makefile
  template base/README.md.j2 -> README.md
  [OK] conform  acme-charts              2.17s
- generated xml file: /home/marlonsc/gt/flext/mayor/rig/flext-infra/.reports/tests/20260827T172808.946947Z-1596302/junit.xml -
================================================= slowest 25 durations =================================================
7.94s call     tests/unit/codegen/test_codegen_catalog_extensions.py::TestsCodegenCatalogExtensions::test_local_manifest_conforms_without_global_repository_rows
0.12s setup    tests/unit/codegen/test_codegen_catalog_extensions.py::TestsCodegenCatalogExtensions::test_local_manifest_conforms_without_global_repository_rows
0.00s teardown tests/unit/codegen/test_codegen_catalog_extensions.py::TestsCodegenCatalogExtensions::test_local_manifest_conforms_without_global_repository_rows
=============================================== short test summary info ================================================
FAILED tests/unit/codegen/test_codegen_catalog_extensions.py::TestsCodegenCatalogExtensions::test_local_manifest_conforms_without_global_repository_rows
================================================== 1 failed in 10.65s ==================================================
