<?xml version="1.0" encoding="utf-8"?><testsuites name="pytest tests"><testsuite name="pytest" errors="0" failures="0" skipped="0" tests="22" time="10.116" timestamp="2026-08-27T15:19:49.793569-03:00" hostname="tungs"><testcase classname="tests.unit.test_infra_workspace_detector.TestsFlextInfraInfraWorkspaceDetector" name="test_conform_target_marker_repo_is_attached_standalone" time="0.636" /><testcase classname="tests.unit.test_infra_workspace_detector.TestsFlextInfraInfraWorkspaceDetector" name="test_manifestless_repo_derives_its_own_identity" time="0.125" /><testcase classname="tests.unit.test_infra_workspace_detector.TestsFlextInfraInfraWorkspaceDetector" name="test_conform_target_member_is_not_attached_standalone" time="0.639" /><testcase classname="tests.unit.test_infra_workspace_detector.TestsFlextInfraInfraWorkspaceDetector" name="test_malformed_parent_manifest_fails" time="0.368" /><testcase classname="tests.unit.test_infra_workspace_detector.TestsFlextInfraInfraWorkspaceDetector" name="test_independent_member_clone_is_standalone" time="0.178" /><testcase classname="tests.unit.test_infra_workspace_detector.TestsFlextInfraInfraWorkspaceDetector" name="test_detached_head_at_gitlink_is_workspace_member" time="0.421" /><testcase classname="tests.unit.test_infra_workspace_detector.TestsFlextInfraInfraWorkspaceDetector" name="test_gitmodule_branch_mismatch_fails_closed" time="0.411" /><testcase classname="tests.unit.test_infra_workspace_detector.TestsFlextInfraInfraWorkspaceDetector" name="test_external_member_worktree_inherits_governing_topology" time="0.754" /><testcase classname="tests.unit.test_infra_workspace_detector.TestsFlextInfraInfraWorkspaceDetector" name="test_declared_real_submodule_is_workspace_member" time="0.404" /><testcase classname="tests.unit.test_infra_workspace_detector.TestsFlextInfraInfraWorkspaceDetector" name="test_conform_target_member_is_not_routing_only" time="0.583" /><testcase classname="tests.unit.test_infra_workspace_detector.TestsFlextInfraInfraWorkspaceDetector" name="test_external_standalone_worktree_stays_standalone" time="0.345" /><testcase classname="tests.unit.test_infra_workspace_detector.TestsFlextInfraInfraWorkspaceDetector" name="test_root_without_governed_gitlinks_is_standalone" time="0.048" /><testcase classname="tests.unit.test_infra_workspace_detector.TestsFlextInfraInfraWorkspaceDetector" name="test_member_head_different_from_gitlink_fails_closed" time="0.237" /><testcase classname="tests.unit.test_infra_workspace_detector.TestsFlextInfraInfraWorkspaceDetector" name="test_workspace_root_with_governed_member_is_workspace" time="0.312" /><testcase classname="tests.unit.test_infra_workspace_detector.TestsFlextInfraInfraWorkspaceDetector" name="test_conform_target_member_overlay_never_promotes_beads" time="0.575" /><testcase classname="tests.unit.test_infra_workspace_detector.TestsFlextInfraInfraWorkspaceDetector" name="test_external_member_worktree_reads_lane_metadata" time="0.619" /><testcase classname="tests.unit.test_infra_workspace_detector.TestsFlextInfraInfraWorkspaceDetector" name="test_gitmodule_url_mismatch_fails_closed" time="0.362" /><testcase classname="tests.unit.test_infra_workspace_detector.TestsFlextInfraInfraWorkspaceDetector" name="test_unknown_submodule_path_fails_closed" time="0.324" /><testcase classname="tests.unit.test_infra_workspace_detector.TestsFlextInfraInfraWorkspaceDetector" name="test_manifested_repo_absent_from_catalog_loads_spec" time="0.034" /><testcase classname="tests.unit.test_infra_workspace_detector.TestsFlextInfraInfraWorkspaceDetector" name="test_conform_target_standalone_overlay_enables_beads" time="0.355" /><testcase classname="tests.unit.test_infra_workspace_detector.TestsFlextInfraInfraWorkspaceDetector" name="test_manifestless_repo_derives_spec_from_catalog" time="0.017" /><testcase classname="tests.unit.test_infra_workspace_detector.TestsFlextInfraInfraWorkspaceDetector" name="test_feature_branch_at_gitlink_is_workspace_member" time="0.410" /></testsuite></testsuites>