<?xml version="1.0" encoding="utf-8"?><testsuites name="pytest tests"><testsuite name="pytest" errors="0" failures="1" skipped="0" tests="5" time="4.428" timestamp="2026-08-27T15:47:00.415508-03:00" hostname="tungs"><testcase classname="tests.unit.workspace.test_lane_owns_an_isolated_environment" name="test_setup_runs_in_lane_and_creates_real_local_environment" time="0.603"><failure message="AssertionError: assert '/home/marlon...unset|unset\n' == '/home/marlon...unset|unset\n'&#10;  &#10;  - /home/marlonsc/.local/tmp/pytest-of-marlonsc/pytest-94/test_setup_runs_in_lane_and_cr0/.worktrees/repository-10debf1e1860/feature/isolated-environment|unset|unset|unset&#10;  ?                                                                                                                                                        ^^^^^&#10;  + /home/marlonsc/.local/tmp/pytest-of-marlonsc/pytest-94/test_setup_runs_in_lane_and_cr0/.worktrees/repository-10debf1e1860/feature/isolated-environment|/home/marlonsc/.local/tmp/pytest-of-marlonsc/pytest-94/test_setup_runs_in_lane_and_cr0/hostile....&#10;  &#10;  ...Full output truncated (2 lines hidden), use '-vv' to show">tests/unit/workspace/test_lane_owns_an_isolated_environment.py:104: in test_setup_runs_in_lane_and_creates_real_local_environment
    assert (lane / "setup-runs.log").read_text(encoding="utf-8") == (
E   AssertionError: assert '/home/marlon...unset|unset\n' == '/home/marlon...unset|unset\n'
E     
E     - /home/marlonsc/.local/tmp/pytest-of-marlonsc/pytest-94/test_setup_runs_in_lane_and_cr0/.worktrees/repository-10debf1e1860/feature/isolated-environment|unset|unset|unset
E     ?                                                                                                                                                        ^^^^^
E     + /home/marlonsc/.local/tmp/pytest-of-marlonsc/pytest-94/test_setup_runs_in_lane_and_cr0/.worktrees/repository-10debf1e1860/feature/isolated-environment|/home/marlonsc/.local/tmp/pytest-of-marlonsc/pytest-94/test_setup_runs_in_lane_and_cr0/hostile....
E     
E     ...Full output truncated (2 lines hidden), use '-vv' to show</failure></testcase><testcase classname="tests.unit.workspace.test_lane_owns_an_isolated_environment" name="test_existing_real_lane_environment_is_preserved" time="0.453" /><testcase classname="tests.unit.workspace.test_lane_owns_an_isolated_environment" name="test_setup_initializes_lane_gitlink_without_mutating_primary" time="0.777" /><testcase classname="tests.unit.workspace.test_lane_owns_an_isolated_environment" name="test_foreign_environment_symlink_is_unlinked_without_following_target" time="0.453" /><testcase classname="tests.unit.workspace.test_lane_owns_an_isolated_environment" name="test_add_only_creates_git_lane_without_setup" time="0.400" /></testsuite></testsuites>