<?xml version="1.0" encoding="utf-8"?><testsuites name="pytest tests"><testsuite name="pytest" errors="0" failures="0" skipped="0" tests="6" time="29.229" timestamp="2026-08-08T20:26:04.017171-03:00" hostname="tungs"><testcase classname="tests.unit.codemod.test_mod_circuit.TestsFlextInfraModCircuitApply" name="test_check_mode_reports_pending_without_mutation" time="1.716" /><testcase classname="tests.unit.codemod.test_mod_circuit.TestsFlextInfraModCircuitApply" name="test_apply_reports_exact_verified_fix_count" time="3.590" /><testcase classname="tests.unit.codemod.test_mod_circuit.TestsFlextInfraModCircuitApply" name="test_detection_only_rule_is_not_pending_or_applied" time="5.326" /><testcase classname="tests.unit.codemod.test_mod_circuit.TestsFlextInfraModCircuitApply" name="test_apply_rolls_back_when_ruff_regresses" time="3.988" /><testcase classname="tests.unit.codemod.test_mod_circuit.TestsFlextInfraModCircuitApply" name="test_apply_fails_when_fixable_finding_remains" time="3.390" /><testcase classname="tests.unit.codemod.test_mod_circuit.TestsFlextInfraModCliRoute" name="test_refactor_mod_check_route" time="2.365" /></testsuite></testsuites>