<?xml version="1.0" encoding="utf-8"?><testsuites name="pytest tests"><testsuite name="pytest" errors="0" failures="0" skipped="0" tests="2" time="2.575" timestamp="2026-08-27T14:10:07.769291-03:00" hostname="tungs"><testcase classname="tests.unit.validate.pytest_runner_tests.TestsFlextInfraPytestRunner" name="test_summary_uses_effective_failure_exit_from_diagnostics" time="0.331" /><testcase classname="tests.unit.validate.pytest_runner_tests.TestsFlextInfraPytestRunner" name="test_full_run_fails_when_coverage_artifact_is_missing" time="0.102" /></testsuite></testsuites>