================================================= test session starts ==================================================
platform linux -- Python 3.13.11, pytest-9.1.1, pluggy-1.6.0 -- /home/marlonsc/gt/flext/mayor/rig/.venv/bin/python3
cachedir: .pytest_cache
testmon: selection automatically deactivated because you selected tests manually, environment: default
Using --randomly-seed=689941956
hypothesis profile 'default'
benchmark: 5.2.3 (defaults: timer=time.perf_counter disable_gc=False min_rounds=5 min_time=0.000005 max_time=1.0 calibration_precision=10 warmup=False warmup_iterations=100000)
rootdir: /home/marlonsc/gt/flext/mayor/rig/flext-infra
configfile: pyproject.toml
plugins: flext-tests-0.12.0rc0, sugar-1.1.1, pytest_codeblocks-0.18.0, cov-7.1.0, testmon-2.2.0, deadfixtures-3.1.0, timeout-2.4.0, env-1.7.0, xdist-3.8.0, markdown-docs-0.9.2, mock-3.15.1, randomly-4.1.0, hypothesis-6.163.0, reportlog-1.0.0, benchmark-5.2.3, clarity-1.0.1, Faker-40.36.0, anyio-4.14.2, singer-sdk-0.54.5
timeout: 10.0s
timeout method: signal
timeout func_only: False
collecting ... collected 1 item

tests/unit/codegen/test_codegen_catalog_extensions.py::TestsCodegenCatalogExtensions::test_local_manifest_conforms_without_global_repository_rows FAILED [100%]

======================================================= FAILURES =======================================================
______________ TestsCodegenCatalogExtensions.test_local_manifest_conforms_without_global_repository_rows _______________
tests/unit/codegen/test_codegen_catalog_extensions.py:459: in test_local_manifest_conforms_without_global_repository_rows
    result = FlextInfraCodegenConform(initial_workspace=workspace).plan(
src/flext_infra/codegen/conform.py:401: in plan
    repository_plan = self._plan_scaffold_repository(
src/flext_infra/codegen/conform.py:877: in _plan_scaffold_repository
    context_result = self._project_render_context(
src/flext_infra/codegen/conform.py:1935: in _project_render_context
    make_context = FlextInfraCodegenConform.make_render_context(
src/flext_infra/codegen/conform.py:1850: in make_render_context
    m.Infra.MakeRenderContext(
/home/marlonsc/.local/share/uv/python/cpython-3.13.11-linux-x86_64-gnu/lib/python3.13/copy.py:152: in deepcopy
    rv = reductor(4)
         ^^^^^^^^^^^
E   TypeError: cannot pickle 'mappingproxy' object
------------------------------------------------- Captured stdout call -------------------------------------------------
INFO: stage=plan repositories=2
[1/2] acme-platform conform ...
- generated xml file: /home/marlonsc/gt/flext/mayor/rig/flext-infra/.reports/tests/20260827T172136.077790Z-1525112/junit.xml -
================================================= slowest 25 durations =================================================
2.06s call     tests/unit/codegen/test_codegen_catalog_extensions.py::TestsCodegenCatalogExtensions::test_local_manifest_conforms_without_global_repository_rows
0.27s setup    tests/unit/codegen/test_codegen_catalog_extensions.py::TestsCodegenCatalogExtensions::test_local_manifest_conforms_without_global_repository_rows
0.01s teardown tests/unit/codegen/test_codegen_catalog_extensions.py::TestsCodegenCatalogExtensions::test_local_manifest_conforms_without_global_repository_rows
=============================================== short test summary info ================================================
FAILED tests/unit/codegen/test_codegen_catalog_extensions.py::TestsCodegenCatalogExtensions::test_local_manifest_conforms_without_global_repository_rows
================================================== 1 failed in 9.28s ===================================================
