========================================== test session starts ==========================================
platform linux -- Python 3.13.11, pytest-9.1.1, pluggy-1.6.0 -- /home/marlonsc/.worktrees/flext-infra-ab7706078863/bugfix/mod-verified-autofix-counts/.venv/bin/python3
cachedir: .pytest_cache
benchmark: 5.2.3 (defaults: timer=time.perf_counter disable_gc=False min_rounds=5 min_time=0.000005 max_time=1.0 calibration_precision=10 warmup=False warmup_iterations=100000)
Using --randomly-seed=403623796
testmon: changed files: tests/unit/codemod/test_mod_circuit.py, unchanged files: 101, environment: default
hypothesis profile 'default'
rootdir: /home/marlonsc/.worktrees/flext-infra-ab7706078863/bugfix/mod-verified-autofix-counts
configfile: pyproject.toml
plugins: flext-tests-0.12.0rc0, deadfixtures-3.1.0, env-1.7.0, pytest_codeblocks-0.18.0, markdown-docs-0.9.2, benchmark-5.2.3, clarity-1.0.1, cov-7.1.0, mock-3.15.1, timeout-2.4.0, randomly-4.1.0, sugar-1.1.1, xdist-3.8.0, testmon-2.2.0, reportlog-1.0.0, hypothesis-6.161.8, Faker-40.36.0
timeout: 30.0s
timeout method: signal
timeout func_only: False
collecting ... collected 10 items

tests/unit/codemod/test_mod_circuit.py::TestsFlextInfraModCircuitDecision::test_ruff_increase_breaks_circuit PASSED [ 10%]
tests/unit/codemod/test_mod_circuit.py::TestsFlextInfraModCircuitDecision::test_pyrefly_increase_breaks_circuit PASSED [ 20%]
tests/unit/codemod/test_mod_circuit.py::TestsFlextInfraModCircuitDecision::test_decreased_counts_keep_changes PASSED [ 30%]
tests/unit/codemod/test_mod_circuit.py::TestsFlextInfraModCircuitDecision::test_equal_counts_keep_changes PASSED [ 40%]
tests/unit/codemod/test_mod_circuit.py::TestsFlextInfraModCliRoute::test_refactor_mod_check_route PASSED [ 50%]
tests/unit/codemod/test_mod_circuit.py::TestsFlextInfraModCircuitApply::test_check_mode_reports_pending_without_mutation FAILED [ 60%]
tests/unit/codemod/test_mod_circuit.py::TestsFlextInfraModCircuitApply::test_apply_fails_when_fixable_finding_remains FAILED [ 70%]
tests/unit/codemod/test_mod_circuit.py::TestsFlextInfraModCircuitApply::test_apply_rolls_back_when_ruff_regresses FAILED [ 80%]
tests/unit/codemod/test_mod_circuit.py::TestsFlextInfraModCircuitApply::test_detection_only_rule_is_not_pending_or_applied FAILED [ 90%]
tests/unit/codemod/test_mod_circuit.py::TestsFlextInfraModCircuitApply::test_apply_reports_exact_verified_fix_count FAILED [100%]

=============================================== FAILURES ================================================
____________ TestsFlextInfraModCircuitApply.test_check_mode_reports_pending_without_mutation ____________
tests/unit/codemod/test_mod_circuit.py:176: in test_check_mode_reports_pending_without_mutation
    tm.that(result.error or "", has="pending ast-grep fix")
.venv/lib/python3.13/site-packages/flext_tests/_utilities/_matchers/_that.py:715: in that
    cls._validate_common(
.venv/lib/python3.13/site-packages/flext_tests/_utilities/_matchers/_that.py:323: in _validate_common
    FlextTestsMatchersContainmentMixin.check_has_lacks(
.venv/lib/python3.13/site-packages/flext_tests/_utilities/_matchers/_containment.py:69: in check_has_lacks
    FlextTestsMatchersAssertionsMixin.raise_match_assertion(
.venv/lib/python3.13/site-packages/flext_tests/_utilities/_matchers/_assertions.py:26: in raise_match_assertion
    raise AssertionError(msg or template.format(container=container, item=item))
E   AssertionError: Expected 'YAML document is empty (no content)' to contain 'pending ast-grep fix'
_____________ TestsFlextInfraModCircuitApply.test_apply_fails_when_fixable_finding_remains ______________
tests/unit/codemod/test_mod_circuit.py:152: in test_apply_fails_when_fixable_finding_remains
    tm.that(result.error or "", has="remained after apply")
.venv/lib/python3.13/site-packages/flext_tests/_utilities/_matchers/_that.py:715: in that
    cls._validate_common(
.venv/lib/python3.13/site-packages/flext_tests/_utilities/_matchers/_that.py:323: in _validate_common
    FlextTestsMatchersContainmentMixin.check_has_lacks(
.venv/lib/python3.13/site-packages/flext_tests/_utilities/_matchers/_containment.py:69: in check_has_lacks
    FlextTestsMatchersAssertionsMixin.raise_match_assertion(
.venv/lib/python3.13/site-packages/flext_tests/_utilities/_matchers/_assertions.py:26: in raise_match_assertion
    raise AssertionError(msg or template.format(container=container, item=item))
E   AssertionError: Expected 'YAML document is empty (no content)' to contain 'remained after apply'
_______________ TestsFlextInfraModCircuitApply.test_apply_rolls_back_when_ruff_regresses ________________
tests/unit/codemod/test_mod_circuit.py:165: in test_apply_rolls_back_when_ruff_regresses
    tm.that(result.error or "", has="rolled back")
.venv/lib/python3.13/site-packages/flext_tests/_utilities/_matchers/_that.py:715: in that
    cls._validate_common(
.venv/lib/python3.13/site-packages/flext_tests/_utilities/_matchers/_that.py:323: in _validate_common
    FlextTestsMatchersContainmentMixin.check_has_lacks(
.venv/lib/python3.13/site-packages/flext_tests/_utilities/_matchers/_containment.py:69: in check_has_lacks
    FlextTestsMatchersAssertionsMixin.raise_match_assertion(
.venv/lib/python3.13/site-packages/flext_tests/_utilities/_matchers/_assertions.py:26: in raise_match_assertion
    raise AssertionError(msg or template.format(container=container, item=item))
E   AssertionError: Expected 'YAML document is empty (no content)' to contain 'rolled back'
___________ TestsFlextInfraModCircuitApply.test_detection_only_rule_is_not_pending_or_applied ___________
tests/unit/codemod/test_mod_circuit.py:138: in test_detection_only_rule_is_not_pending_or_applied
    tm.that(check_result.success, eq=True)
.venv/lib/python3.13/site-packages/flext_tests/_utilities/_matchers/_that.py:707: in that
    cls._validate_scalar(subject_payload, params, raw_eq, raw_ne, kwargs)
.venv/lib/python3.13/site-packages/flext_tests/_utilities/_matchers/_that.py:296: in _validate_scalar
    raise AssertionError(
E   AssertionError: Assertion failed: False did not satisfy constraints
______________ TestsFlextInfraModCircuitApply.test_apply_reports_exact_verified_fix_count _______________
tests/unit/codemod/test_mod_circuit.py:122: in test_apply_reports_exact_verified_fix_count
    tm.that(result.success, eq=True)
.venv/lib/python3.13/site-packages/flext_tests/_utilities/_matchers/_that.py:707: in that
    cls._validate_scalar(subject_payload, params, raw_eq, raw_ne, kwargs)
.venv/lib/python3.13/site-packages/flext_tests/_utilities/_matchers/_that.py:296: in _validate_scalar
    raise AssertionError(
E   AssertionError: Assertion failed: False did not satisfy constraints
- generated xml file: /home/marlonsc/.worktrees/flext-infra-ab7706078863/bugfix/mod-verified-autofix-counts/.reports/tests/20260808T232211.256305Z-783896/junit.xml -
========================================= slowest 25 durations ==========================================
1.46s call     tests/unit/codemod/test_mod_circuit.py::TestsFlextInfraModCliRoute::test_refactor_mod_check_route
1.23s call     tests/unit/codemod/test_mod_circuit.py::TestsFlextInfraModCircuitApply::test_detection_only_rule_is_not_pending_or_applied
0.92s call     tests/unit/codemod/test_mod_circuit.py::TestsFlextInfraModCircuitApply::test_apply_fails_when_fixable_finding_remains
0.91s call     tests/unit/codemod/test_mod_circuit.py::TestsFlextInfraModCircuitApply::test_apply_reports_exact_verified_fix_count
0.90s call     tests/unit/codemod/test_mod_circuit.py::TestsFlextInfraModCircuitApply::test_apply_rolls_back_when_ruff_regresses
0.42s setup    tests/unit/codemod/test_mod_circuit.py::TestsFlextInfraModCircuitDecision::test_ruff_increase_breaks_circuit
0.13s call     tests/unit/codemod/test_mod_circuit.py::TestsFlextInfraModCircuitApply::test_check_mode_reports_pending_without_mutation
0.02s setup    tests/unit/codemod/test_mod_circuit.py::TestsFlextInfraModCircuitApply::test_apply_rolls_back_when_ruff_regresses
0.02s setup    tests/unit/codemod/test_mod_circuit.py::TestsFlextInfraModCircuitApply::test_apply_reports_exact_verified_fix_count
0.02s teardown tests/unit/codemod/test_mod_circuit.py::TestsFlextInfraModCircuitDecision::test_ruff_increase_breaks_circuit
0.02s setup    tests/unit/codemod/test_mod_circuit.py::TestsFlextInfraModCliRoute::test_refactor_mod_check_route
0.01s setup    tests/unit/codemod/test_mod_circuit.py::TestsFlextInfraModCircuitApply::test_detection_only_rule_is_not_pending_or_applied
0.01s setup    tests/unit/codemod/test_mod_circuit.py::TestsFlextInfraModCircuitDecision::test_decreased_counts_keep_changes
0.01s call     tests/unit/codemod/test_mod_circuit.py::TestsFlextInfraModCircuitDecision::test_pyrefly_increase_breaks_circuit
0.01s teardown tests/unit/codemod/test_mod_circuit.py::TestsFlextInfraModCircuitApply::test_detection_only_rule_is_not_pending_or_applied
0.01s teardown tests/unit/codemod/test_mod_circuit.py::TestsFlextInfraModCircuitDecision::test_equal_counts_keep_changes
0.01s setup    tests/unit/codemod/test_mod_circuit.py::TestsFlextInfraModCircuitDecision::test_equal_counts_keep_changes
0.01s teardown tests/unit/codemod/test_mod_circuit.py::TestsFlextInfraModCircuitDecision::test_decreased_counts_keep_changes
0.01s teardown tests/unit/codemod/test_mod_circuit.py::TestsFlextInfraModCircuitApply::test_apply_reports_exact_verified_fix_count
0.00s setup    tests/unit/codemod/test_mod_circuit.py::TestsFlextInfraModCircuitApply::test_check_mode_reports_pending_without_mutation
0.00s call     tests/unit/codemod/test_mod_circuit.py::TestsFlextInfraModCircuitDecision::test_ruff_increase_breaks_circuit
0.00s setup    tests/unit/codemod/test_mod_circuit.py::TestsFlextInfraModCircuitApply::test_apply_fails_when_fixable_finding_remains
0.00s teardown tests/unit/codemod/test_mod_circuit.py::TestsFlextInfraModCircuitApply::test_apply_rolls_back_when_ruff_regresses
0.00s teardown tests/unit/codemod/test_mod_circuit.py::TestsFlextInfraModCircuitApply::test_apply_fails_when_fixable_finding_remains
0.00s setup    tests/unit/codemod/test_mod_circuit.py::TestsFlextInfraModCircuitDecision::test_pyrefly_increase_breaks_circuit
======================================== short test summary info ========================================
FAILED tests/unit/codemod/test_mod_circuit.py::TestsFlextInfraModCircuitApply::test_check_mode_reports_pending_without_mutation
FAILED tests/unit/codemod/test_mod_circuit.py::TestsFlextInfraModCircuitApply::test_apply_fails_when_fixable_finding_remains
FAILED tests/unit/codemod/test_mod_circuit.py::TestsFlextInfraModCircuitApply::test_apply_rolls_back_when_ruff_regresses
FAILED tests/unit/codemod/test_mod_circuit.py::TestsFlextInfraModCircuitApply::test_detection_only_rule_is_not_pending_or_applied
FAILED tests/unit/codemod/test_mod_circuit.py::TestsFlextInfraModCircuitApply::test_apply_reports_exact_verified_fix_count
===================================== 5 failed, 5 passed in 17.33s ======================================
