<?xml version="1.0" encoding="utf-8"?><testsuites name="pytest tests"><testsuite name="pytest" errors="0" failures="1" skipped="0" tests="1" time="7.559" timestamp="2026-08-27T14:23:17.403587-03:00" hostname="tungs"><testcase classname="tests.unit.codegen.test_codegen_catalog_extensions.TestsCodegenCatalogExtensions" name="test_local_manifest_conforms_without_global_repository_rows" time="2.184"><failure message="TypeError: cannot pickle 'mappingproxy' object">tests/unit/codegen/test_codegen_catalog_extensions.py:459: in test_local_manifest_conforms_without_global_repository_rows
    result = FlextInfraCodegenConform(initial_workspace=workspace).plan(
src/flext_infra/codegen/conform.py:401: in plan
    repository_plan = self._plan_scaffold_repository(
src/flext_infra/codegen/conform.py:877: in _plan_scaffold_repository
    context_result = self._project_render_context(
src/flext_infra/codegen/conform.py:1935: in _project_render_context
    make_context = FlextInfraCodegenConform.make_render_context(
src/flext_infra/codegen/conform.py:1850: in make_render_context
    m.Infra.MakeRenderContext(
/home/marlonsc/.local/share/uv/python/cpython-3.13.11-linux-x86_64-gnu/lib/python3.13/copy.py:152: in deepcopy
    rv = reductor(4)
         ^^^^^^^^^^^
E   TypeError: cannot pickle 'mappingproxy' object</failure></testcase></testsuite></testsuites>