<?xml version="1.0" encoding="utf-8"?><testsuites name="pytest tests"><testsuite name="pytest" errors="0" failures="1" skipped="0" tests="10" time="35.538" timestamp="2026-08-27T15:50:14.046184-03:00" hostname="tungs"><testcase classname="tests.unit.workspace.test_workspace_root_make_contract.TestsWorkspaceRootMakeContract" name="test_workspace_root_setup_owns_environment_and_uses_venv_directory" time="4.707" /><testcase classname="tests.unit.workspace.test_workspace_root_make_contract.TestsWorkspaceRootMakeContract" name="test_generated_make_exposes_only_public_conform" time="3.180" /><testcase classname="tests.unit.workspace.test_workspace_root_make_contract.TestsWorkspaceRootMakeContract" name="test_orchestrator_sanitizes_child_env_and_forwards_gates" time="3.043" /><testcase classname="tests.unit.workspace.test_workspace_root_make_contract.TestsWorkspaceRootMakeContract" name="test_generated_make_routes_file_and_match_only_to_owning_project" time="3.597" /><testcase classname="tests.unit.workspace.test_workspace_root_make_contract.TestsWorkspaceRootMakeContract" name="test_orchestrator_fail_fast_preserves_child_exit_and_skips_remaining" time="3.524" /><testcase classname="tests.unit.workspace.test_workspace_root_make_contract.TestsWorkspaceRootMakeContract" name="test_generated_make_does_not_reintroduce_docs_verb" time="4.024"><failure message="AssertionError: Expected ['help', 'setup', 'deps', 'build', 'check', 'test', 'fmt', 'fix', 'run', 'status', 'docs', 'clean', 'release', 'gen', 'mod'] to NOT contain 'docs'">tests/unit/workspace/test_workspace_root_make_contract.py:180: in test_generated_make_does_not_reintroduce_docs_verb
    tm.that(
../flext-tests/src/flext_tests/_utilities/_matchers/_that.py:719: in that
    cls._validate_common(
../flext-tests/src/flext_tests/_utilities/_matchers/_that.py:323: in _validate_common
    FlextTestsMatchersContainmentMixin.check_has_lacks(
../flext-tests/src/flext_tests/_utilities/_matchers/_containment.py:115: in check_has_lacks
    FlextTestsMatchersAssertionsMixin.raise_match_assertion(
../flext-tests/src/flext_tests/_utilities/_matchers/_assertions.py:26: in raise_match_assertion
    raise AssertionError(msg or template.format(container=container, item=item))
E   AssertionError: Expected ['help', 'setup', 'deps', 'build', 'check', 'test', 'fmt', 'fix', 'run', 'status', 'docs', 'clean', 'release', 'gen', 'mod'] to NOT contain 'docs'</failure></testcase><testcase classname="tests.unit.workspace.test_workspace_root_make_contract.TestsWorkspaceRootMakeContract" name="test_workspace_root_make_template_is_owned_by_typed_config" time="0.008" /><testcase classname="tests.unit.workspace.test_workspace_root_make_contract.TestsWorkspaceRootMakeContract" name="test_generated_make_default_test_fans_out_to_every_member" time="3.802" /><testcase classname="tests.unit.workspace.test_workspace_root_make_contract.TestsWorkspaceRootMakeContract" name="test_generated_make_routes_fmt_apply_to_selected_project" time="3.229" /><testcase classname="tests.unit.workspace.test_workspace_root_make_contract.TestsWorkspaceRootMakeContract" name="test_generated_make_forwards_root_file_with_member_selection" time="3.243" /></testsuite></testsuites>