================================================= test session starts ==================================================
platform linux -- Python 3.13.11, pytest-9.1.1, pluggy-1.6.0 -- /home/marlonsc/gt/flext/mayor/rig/.venv/bin/python3
cachedir: .pytest_cache
testmon: changed files: 0, unchanged files: 119, environment: default
Using --randomly-seed=3716470179
hypothesis profile 'default'
benchmark: 5.2.3 (defaults: timer=time.perf_counter disable_gc=False min_rounds=5 min_time=0.000005 max_time=1.0 calibration_precision=10 warmup=False warmup_iterations=100000)
rootdir: /home/marlonsc/gt/flext/mayor/rig/flext-infra
configfile: pyproject.toml
plugins: flext-tests-0.12.0rc0, sugar-1.1.1, pytest_codeblocks-0.18.0, cov-7.1.0, testmon-2.2.0, deadfixtures-3.1.0, timeout-2.4.0, env-1.7.0, xdist-3.8.0, markdown-docs-0.9.2, mock-3.15.1, randomly-4.1.0, hypothesis-6.163.0, reportlog-1.0.0, benchmark-5.2.3, clarity-1.0.1, Faker-40.36.0, anyio-4.14.2, singer-sdk-0.54.5
timeout: 10.0s
timeout method: signal
timeout func_only: False
collecting ... collected 10 items

tests/unit/workspace/test_workspace_root_make_contract.py::TestsWorkspaceRootMakeContract::test_workspace_root_setup_owns_environment_and_uses_venv_directory PASSED [ 10%]
tests/unit/workspace/test_workspace_root_make_contract.py::TestsWorkspaceRootMakeContract::test_generated_make_exposes_only_public_conform PASSED [ 20%]
tests/unit/workspace/test_workspace_root_make_contract.py::TestsWorkspaceRootMakeContract::test_orchestrator_sanitizes_child_env_and_forwards_gates PASSED [ 30%]
tests/unit/workspace/test_workspace_root_make_contract.py::TestsWorkspaceRootMakeContract::test_generated_make_routes_file_and_match_only_to_owning_project PASSED [ 40%]
tests/unit/workspace/test_workspace_root_make_contract.py::TestsWorkspaceRootMakeContract::test_orchestrator_fail_fast_preserves_child_exit_and_skips_remaining PASSED [ 50%]
tests/unit/workspace/test_workspace_root_make_contract.py::TestsWorkspaceRootMakeContract::test_generated_make_does_not_reintroduce_docs_verb FAILED [ 60%]
tests/unit/workspace/test_workspace_root_make_contract.py::TestsWorkspaceRootMakeContract::test_workspace_root_make_template_is_owned_by_typed_config PASSED [ 70%]
tests/unit/workspace/test_workspace_root_make_contract.py::TestsWorkspaceRootMakeContract::test_generated_make_default_test_fans_out_to_every_member PASSED [ 80%]
tests/unit/workspace/test_workspace_root_make_contract.py::TestsWorkspaceRootMakeContract::test_generated_make_routes_fmt_apply_to_selected_project PASSED [ 90%]
tests/unit/workspace/test_workspace_root_make_contract.py::TestsWorkspaceRootMakeContract::test_generated_make_forwards_root_file_with_member_selection PASSED [100%]

======================================================= FAILURES =======================================================
__________________ TestsWorkspaceRootMakeContract.test_generated_make_does_not_reintroduce_docs_verb ___________________
tests/unit/workspace/test_workspace_root_make_contract.py:180: in test_generated_make_does_not_reintroduce_docs_verb
    tm.that(
../flext-tests/src/flext_tests/_utilities/_matchers/_that.py:719: in that
    cls._validate_common(
../flext-tests/src/flext_tests/_utilities/_matchers/_that.py:323: in _validate_common
    FlextTestsMatchersContainmentMixin.check_has_lacks(
../flext-tests/src/flext_tests/_utilities/_matchers/_containment.py:115: in check_has_lacks
    FlextTestsMatchersAssertionsMixin.raise_match_assertion(
../flext-tests/src/flext_tests/_utilities/_matchers/_assertions.py:26: in raise_match_assertion
    raise AssertionError(msg or template.format(container=container, item=item))
E   AssertionError: Expected ['help', 'setup', 'deps', 'build', 'check', 'test', 'fmt', 'fix', 'run', 'status', 'docs', 'clean', 'release', 'gen', 'mod'] to NOT contain 'docs'
------------------------------------------------- Captured stdout call -------------------------------------------------
INFO: stage=plan repositories=1
[1/1] fixture-workspace conform ...
INFO:   stage=pyproject repository=fixture-workspace
INFO:   stage=templates repository=fixture-workspace
  template base/.github/ci-template/ci.yml.j2 -> .github/ci-template/ci.yml
  template base/.github/copilot-instructions.md.j2 -> .github/copilot-instructions.md
  template base/.github/dependabot.yml.j2 -> .github/dependabot.yml
  template base/.github/prompts/flext-aggressive-scale-refactor.prompt.md.j2 -> .github/prompts/flext-aggressive-scale-refactor.prompt.md
  template base/.github/prompts/flext-strict-jsonvalue-session-continuation.prompt.md.j2 -> .github/prompts/flext-strict-jsonvalue-session-continuation.prompt.md
  template base/.github/scripts/check-cqrs-compliance.sh.j2 -> .github/scripts/check-cqrs-compliance.sh
  template base/.github/scripts/flext-law-loop.sh.j2 -> .github/scripts/flext-law-loop.sh
  template base/.github/scripts/install-git-hooks.sh.j2 -> .github/scripts/install-git-hooks.sh
  template base/tests/fixtures/ci/docker/alpine.Dockerfile.j2 -> tests/fixtures/ci/docker/alpine.Dockerfile
  template base/tests/fixtures/ci/docker/arch.Dockerfile.j2 -> tests/fixtures/ci/docker/arch.Dockerfile
  template base/tests/fixtures/ci/docker/debian.Dockerfile.j2 -> tests/fixtures/ci/docker/debian.Dockerfile
  template base/tests/fixtures/ci/docker/fedora.Dockerfile.j2 -> tests/fixtures/ci/docker/fedora.Dockerfile
  template base/tests/fixtures/ci/docker/ubuntu.Dockerfile.j2 -> tests/fixtures/ci/docker/ubuntu.Dockerfile
  template base/.github/workflows/ci-matrix.yml.j2 -> .github/workflows/ci-matrix.yml
  template base/.github/workflows/ci.yml.j2 -> .github/workflows/ci.yml
  template base/.github/workflows/docs.yml.j2 -> .github/workflows/docs.yml
  template base/.github/workflows/release.yml.j2 -> .github/workflows/release.yml
  template base/beads-config.yaml.j2 -> .beads/config.yaml
  template base/beads-metadata.json.j2 -> .beads/metadata.json
  template base/env.example.j2 -> .env.example
  template base/.envrc.j2 -> .envrc
  template base/sgconfig.yml.j2 -> sgconfig.yml
  template base/gitignore.j2 -> .gitignore
  template base/gitmodules.j2 -> .gitmodules
  template base/.mise.toml.j2 -> .mise.toml
  template base/.pre-commit-config.yaml.j2 -> .pre-commit-config.yaml
  template base/python-version.j2 -> .python-version
  template base/LICENSE.j2 -> LICENSE
  template base/Makefile.j2 -> Makefile
  template base/README.md.j2 -> README.md
  [OK] conform  fixture-workspace        2.69s
- generated xml file: /home/marlonsc/gt/flext/mayor/rig/flext-infra/.reports/tests/20260827T185003.414942Z-2255676/junit.xml -
================================================= slowest 25 durations =================================================
4.61s call     tests/unit/workspace/test_workspace_root_make_contract.py::TestsWorkspaceRootMakeContract::test_workspace_root_setup_owns_environment_and_uses_venv_directory
4.02s call     tests/unit/workspace/test_workspace_root_make_contract.py::TestsWorkspaceRootMakeContract::test_generated_make_does_not_reintroduce_docs_verb
3.79s call     tests/unit/workspace/test_workspace_root_make_contract.py::TestsWorkspaceRootMakeContract::test_generated_make_default_test_fans_out_to_every_member
3.59s call     tests/unit/workspace/test_workspace_root_make_contract.py::TestsWorkspaceRootMakeContract::test_generated_make_routes_file_and_match_only_to_owning_project
3.52s call     tests/unit/workspace/test_workspace_root_make_contract.py::TestsWorkspaceRootMakeContract::test_orchestrator_fail_fast_preserves_child_exit_and_skips_remaining
3.23s call     tests/unit/workspace/test_workspace_root_make_contract.py::TestsWorkspaceRootMakeContract::test_generated_make_forwards_root_file_with_member_selection
3.22s call     tests/unit/workspace/test_workspace_root_make_contract.py::TestsWorkspaceRootMakeContract::test_generated_make_routes_fmt_apply_to_selected_project
3.18s call     tests/unit/workspace/test_workspace_root_make_contract.py::TestsWorkspaceRootMakeContract::test_generated_make_exposes_only_public_conform
3.04s call     tests/unit/workspace/test_workspace_root_make_contract.py::TestsWorkspaceRootMakeContract::test_orchestrator_sanitizes_child_env_and_forwards_gates
0.10s setup    tests/unit/workspace/test_workspace_root_make_contract.py::TestsWorkspaceRootMakeContract::test_workspace_root_setup_owns_environment_and_uses_venv_directory
0.01s teardown tests/unit/workspace/test_workspace_root_make_contract.py::TestsWorkspaceRootMakeContract::test_generated_make_forwards_root_file_with_member_selection
0.00s setup    tests/unit/workspace/test_workspace_root_make_contract.py::TestsWorkspaceRootMakeContract::test_generated_make_routes_file_and_match_only_to_owning_project
0.00s setup    tests/unit/workspace/test_workspace_root_make_contract.py::TestsWorkspaceRootMakeContract::test_generated_make_default_test_fans_out_to_every_member
0.00s teardown tests/unit/workspace/test_workspace_root_make_contract.py::TestsWorkspaceRootMakeContract::test_orchestrator_fail_fast_preserves_child_exit_and_skips_remaining
0.00s teardown tests/unit/workspace/test_workspace_root_make_contract.py::TestsWorkspaceRootMakeContract::test_generated_make_routes_file_and_match_only_to_owning_project
0.00s teardown tests/unit/workspace/test_workspace_root_make_contract.py::TestsWorkspaceRootMakeContract::test_generated_make_does_not_reintroduce_docs_verb
0.00s setup    tests/unit/workspace/test_workspace_root_make_contract.py::TestsWorkspaceRootMakeContract::test_orchestrator_sanitizes_child_env_and_forwards_gates
0.00s setup    tests/unit/workspace/test_workspace_root_make_contract.py::TestsWorkspaceRootMakeContract::test_generated_make_routes_fmt_apply_to_selected_project
0.00s setup    tests/unit/workspace/test_workspace_root_make_contract.py::TestsWorkspaceRootMakeContract::test_orchestrator_fail_fast_preserves_child_exit_and_skips_remaining
0.00s setup    tests/unit/workspace/test_workspace_root_make_contract.py::TestsWorkspaceRootMakeContract::test_generated_make_does_not_reintroduce_docs_verb
0.00s setup    tests/unit/workspace/test_workspace_root_make_contract.py::TestsWorkspaceRootMakeContract::test_generated_make_forwards_root_file_with_member_selection
0.00s teardown tests/unit/workspace/test_workspace_root_make_contract.py::TestsWorkspaceRootMakeContract::test_orchestrator_sanitizes_child_env_and_forwards_gates
0.00s setup    tests/unit/workspace/test_workspace_root_make_contract.py::TestsWorkspaceRootMakeContract::test_generated_make_exposes_only_public_conform
0.00s teardown tests/unit/workspace/test_workspace_root_make_contract.py::TestsWorkspaceRootMakeContract::test_workspace_root_setup_owns_environment_and_uses_venv_directory
0.00s setup    tests/unit/workspace/test_workspace_root_make_contract.py::TestsWorkspaceRootMakeContract::test_workspace_root_make_template_is_owned_by_typed_config
=============================================== short test summary info ================================================
FAILED tests/unit/workspace/test_workspace_root_make_contract.py::TestsWorkspaceRootMakeContract::test_generated_make_does_not_reintroduce_docs_verb
============================================= 1 failed, 9 passed in 35.54s =============================================
