<?xml version="1.0" encoding="utf-8"?><testsuites name="pytest tests"><testsuite name="pytest" errors="0" failures="2" skipped="0" tests="10" time="22.829" timestamp="2026-08-08T20:19:53.779752-03:00" hostname="tungs"><testcase classname="tests.unit.codemod.test_mod_circuit.TestsFlextInfraModCircuitDecision" name="test_equal_counts_keep_changes" time="0.264" /><testcase classname="tests.unit.codemod.test_mod_circuit.TestsFlextInfraModCircuitDecision" name="test_decreased_counts_keep_changes" time="0.007" /><testcase classname="tests.unit.codemod.test_mod_circuit.TestsFlextInfraModCircuitDecision" name="test_pyrefly_increase_breaks_circuit" time="0.006" /><testcase classname="tests.unit.codemod.test_mod_circuit.TestsFlextInfraModCircuitDecision" name="test_ruff_increase_breaks_circuit" time="0.006" /><testcase classname="tests.unit.codemod.test_mod_circuit.TestsFlextInfraModCircuitApply" name="test_check_mode_reports_pending_without_mutation" time="0.408" /><testcase classname="tests.unit.codemod.test_mod_circuit.TestsFlextInfraModCircuitApply" name="test_apply_reports_exact_verified_fix_count" time="2.779" /><testcase classname="tests.unit.codemod.test_mod_circuit.TestsFlextInfraModCircuitApply" name="test_apply_fails_when_fixable_finding_remains" time="1.761"><failure message="AssertionError: Assertion failed: False did not satisfy constraints">tests/unit/codemod/test_mod_circuit.py:151: in test_apply_fails_when_fixable_finding_remains
    tm.that(result.failure, eq=True)
.venv/lib/python3.13/site-packages/flext_tests/_utilities/_matchers/_that.py:707: in that
    cls._validate_scalar(subject_payload, params, raw_eq, raw_ne, kwargs)
.venv/lib/python3.13/site-packages/flext_tests/_utilities/_matchers/_that.py:296: in _validate_scalar
    raise AssertionError(
E   AssertionError: Assertion failed: False did not satisfy constraints</failure></testcase><testcase classname="tests.unit.codemod.test_mod_circuit.TestsFlextInfraModCircuitApply" name="test_apply_rolls_back_when_ruff_regresses" time="2.401" /><testcase classname="tests.unit.codemod.test_mod_circuit.TestsFlextInfraModCircuitApply" name="test_detection_only_rule_is_not_pending_or_applied" time="2.584"><failure message="AssertionError: Assertion failed: False did not satisfy constraints">tests/unit/codemod/test_mod_circuit.py:138: in test_detection_only_rule_is_not_pending_or_applied
    tm.that(check_result.success, eq=True)
.venv/lib/python3.13/site-packages/flext_tests/_utilities/_matchers/_that.py:707: in that
    cls._validate_scalar(subject_payload, params, raw_eq, raw_ne, kwargs)
.venv/lib/python3.13/site-packages/flext_tests/_utilities/_matchers/_that.py:296: in _validate_scalar
    raise AssertionError(
E   AssertionError: Assertion failed: False did not satisfy constraints</failure></testcase><testcase classname="tests.unit.codemod.test_mod_circuit.TestsFlextInfraModCliRoute" name="test_refactor_mod_check_route" time="1.606" /></testsuite></testsuites>