<?xml version="1.0" encoding="utf-8"?><testsuites name="pytest tests"><testsuite name="pytest" errors="0" failures="0" skipped="0" tests="5" time="1.479" timestamp="2026-08-27T14:25:20.488267-03:00" hostname="tungs"><testcase classname="tests.unit.codegen.toolchain_beads_distribution_tests.TestsToolchainBeadsDistribution" name="test_schema_and_linux_binary_are_canonical" time="0.145" /><testcase classname="tests.unit.codegen.toolchain_beads_distribution_tests.TestsToolchainBeadsDistribution" name="test_version_is_the_gas_city_release_tag" time="0.004" /><testcase classname="tests.unit.codegen.toolchain_beads_distribution_tests.TestsToolchainBeadsDistribution" name="test_selector_never_targets_legacy_distributions" time="0.004" /><testcase classname="tests.unit.codegen.toolchain_beads_distribution_tests.TestsToolchainBeadsDistribution" name="test_selector_targets_the_gas_city_distribution" time="0.004" /><testcase classname="tests.unit.codegen.toolchain_beads_distribution_tests.TestsToolchainBeadsDistribution" name="test_reported_version_matches_the_installed_binary" time="0.005" /></testsuite></testsuites>